[ 2018-01-25T00:12:07+08:00 ] ::1 /5dangpai.com/index.php/Home/Text/ceshi
INFO: [ app_init ] --START--
INFO: Run Behavior\BuildLiteBehavior [ RunTime:0.000160s ]
INFO: [ app_init ] --END-- [ RunTime:0.002715s ]
INFO: [ app_begin ] --START--
INFO: Run Behavior\ReadHtmlCacheBehavior [ RunTime:0.003049s ]
INFO: [ app_begin ] --END-- [ RunTime:0.003833s ]

[ 2018-01-25T00:14:08+08:00 ] ::1 /5dangpai.com/index.php/Home/Text/ceshi
INFO: [ app_init ] --START--
INFO: Run Behavior\BuildLiteBehavior [ RunTime:0.000160s ]
INFO: [ app_init ] --END-- [ RunTime:0.003058s ]
INFO: [ app_begin ] --START--
INFO: Run Behavior\ReadHtmlCacheBehavior [ RunTime:0.003187s ]
INFO: [ app_begin ] --END-- [ RunTime:0.003976s ]
INFO: [ app_end ] --START--
INFO: Run Behavior\ShowPageTraceBehavior [ RunTime:0.003965s ]
INFO: [ app_end ] --END-- [ RunTime:0.004867s ]

[ 2018-01-25T00:15:21+08:00 ] ::1 /5dangpai.com/index.php/Home/Text/ceshi
INFO: [ app_init ] --START--
INFO: Run Behavior\BuildLiteBehavior [ RunTime:0.000161s ]
INFO: [ app_init ] --END-- [ RunTime:0.002754s ]
INFO: [ app_begin ] --START--
INFO: Run Behavior\ReadHtmlCacheBehavior [ RunTime:0.002709s ]
INFO: [ app_begin ] --END-- [ RunTime:0.003499s ]
INFO: [ app_end ] --START--
INFO: Run Behavior\ShowPageTraceBehavior [ RunTime:0.002724s ]
INFO: [ app_end ] --END-- [ RunTime:0.003553s ]

[ 2018-01-25T00:22:02+08:00 ] ::1 /5dangpai.com/index.php/Home/Text/ceshi
INFO: [ app_init ] --START--
INFO: Run Behavior\BuildLiteBehavior [ RunTime:0.000168s ]
INFO: [ app_init ] --END-- [ RunTime:0.003100s ]
INFO: [ app_begin ] --START--
INFO: Run Behavior\ReadHtmlCacheBehavior [ RunTime:0.003611s ]
INFO: [ app_begin ] --END-- [ RunTime:0.004811s ]
INFO: [ app_end ] --START--
INFO: Run Behavior\ShowPageTraceBehavior [ RunTime:0.004354s ]
INFO: [ app_end ] --END-- [ RunTime:0.005301s ]

[ 2018-01-25T00:32:18+08:00 ] ::1 /5dangpai.com/index.php/Home/Text/ceshi
INFO: [ app_init ] --START--
INFO: Run Behavior\BuildLiteBehavior [ RunTime:0.000169s ]
INFO: [ app_init ] --END-- [ RunTime:0.002936s ]
INFO: [ app_begin ] --START--
INFO: Run Behavior\ReadHtmlCacheBehavior [ RunTime:0.003131s ]
INFO: [ app_begin ] --END-- [ RunTime:0.003934s ]
NOTIC: [2] file_get_contents(//pic.qiushibaike.com/system/avtnew/3366/33660690/medium/2017112103423562.JPEG): failed to open stream: No such file or directory D:\sougou\wamp\www\5dangpai.com\Application\Home\Controller\TextController.class.php 第 34 行.
INFO: [ app_end ] --START--
INFO: Run Behavior\ShowPageTraceBehavior [ RunTime:0.004434s ]
INFO: [ app_end ] --END-- [ RunTime:0.005264s ]

[ 2018-01-25T00:34:15+08:00 ] ::1 /5dangpai.com/index.php/Home/Text/ceshi
INFO: [ app_init ] --START--
INFO: Run Behavior\BuildLiteBehavior [ RunTime:0.000178s ]
INFO: [ app_init ] --END-- [ RunTime:0.005266s ]
INFO: [ app_begin ] --START--
INFO: Run Behavior\ReadHtmlCacheBehavior [ RunTime:0.003749s ]
INFO: [ app_begin ] --END-- [ RunTime:0.005503s ]
NOTIC: [2] file_get_contents(//pic.qiushibaike.com/system/avtnew/3366/33660690/medium/2017112103423562.JPEG): failed to open stream: No such file or directory D:\sougou\wamp\www\5dangpai.com\Application\Home\Controller\TextController.class.php 第 34 行.
INFO: [ app_end ] --START--
INFO: Run Behavior\ShowPageTraceBehavior [ RunTime:0.003928s ]
INFO: [ app_end ] --END-- [ RunTime:0.004805s ]

[ 2018-01-25T00:38:24+08:00 ] ::1 /5dangpai.com/index.php/Home/Text/ceshi
INFO: [ app_init ] --START--
INFO: Run Behavior\BuildLiteBehavior [ RunTime:0.000123s ]
INFO: [ app_init ] --END-- [ RunTime:0.002872s ]
INFO: [ app_begin ] --START--
INFO: Run Behavior\ReadHtmlCacheBehavior [ RunTime:0.004652s ]
INFO: [ app_begin ] --END-- [ RunTime:0.005623s ]
NOTIC: [2] filesize(): stat failed for //pic.qiushibaike.com/system/avtnew/3183/31832833/medium/20160524112254.jpg D:\sougou\wamp\www\5dangpai.com\Application\Home\Controller\TextController.class.php 第 39 行.
NOTIC: [2] fopen(//pic.qiushibaike.com/system/avtnew/3183/31832833/medium/20160524112254.jpg): failed to open stream: No such file or directory D:\sougou\wamp\www\5dangpai.com\Application\Home\Controller\TextController.class.php 第 40 行.
NOTIC: [2] filesize(): stat failed for //pic.qiushibaike.com/system/avtnew/3183/31832833/medium/20160524112254.jpg D:\sougou\wamp\www\5dangpai.com\Application\Home\Controller\TextController.class.php 第 41 行.
NOTIC: [2] fread() expects parameter 1 to be resource, boolean given D:\sougou\wamp\www\5dangpai.com\Application\Home\Controller\TextController.class.php 第 41 行.
INFO: [ app_end ] --START--
INFO: Run Behavior\ShowPageTraceBehavior [ RunTime:0.003239s ]
INFO: [ app_end ] --END-- [ RunTime:0.004033s ]

[ 2018-01-25T00:39:22+08:00 ] ::1 /5dangpai.com/index.php/Home/Text/ceshi
INFO: [ app_init ] --START--
INFO: Run Behavior\BuildLiteBehavior [ RunTime:0.000139s ]
INFO: [ app_init ] --END-- [ RunTime:0.003670s ]
INFO: [ app_begin ] --START--
INFO: Run Behavior\ReadHtmlCacheBehavior [ RunTime:0.002457s ]
INFO: [ app_begin ] --END-- [ RunTime:0.003667s ]
NOTIC: [2] filesize(): stat failed for //pic.qiushibaike.com/system/avtnew/3183/31832833/medium/20160524112254.jpg D:\sougou\wamp\www\5dangpai.com\Application\Home\Controller\TextController.class.php 第 39 行.
NOTIC: [2] fopen(//pic.qiushibaike.com/system/avtnew/3183/31832833/medium/20160524112254.jpg): failed to open stream: No such file or directory D:\sougou\wamp\www\5dangpai.com\Application\Home\Controller\TextController.class.php 第 40 行.
NOTIC: [2] filesize(): stat failed for //pic.qiushibaike.com/system/avtnew/3183/31832833/medium/20160524112254.jpg D:\sougou\wamp\www\5dangpai.com\Application\Home\Controller\TextController.class.php 第 41 行.
NOTIC: [2] fread() expects parameter 1 to be resource, boolean given D:\sougou\wamp\www\5dangpai.com\Application\Home\Controller\TextController.class.php 第 41 行.
INFO: [ app_end ] --START--
INFO: Run Behavior\ShowPageTraceBehavior [ RunTime:0.002952s ]
INFO: [ app_end ] --END-- [ RunTime:0.003790s ]

[ 2018-01-25T00:39:27+08:00 ] ::1 /5dangpai.com/index.php/Home/Text/ceshi
INFO: [ app_init ] --START--
INFO: Run Behavior\BuildLiteBehavior [ RunTime:0.000128s ]
INFO: [ app_init ] --END-- [ RunTime:0.002254s ]
INFO: [ app_begin ] --START--
INFO: Run Behavior\ReadHtmlCacheBehavior [ RunTime:0.002667s ]
INFO: [ app_begin ] --END-- [ RunTime:0.004267s ]
NOTIC: [2] filesize(): stat failed for //pic.qiushibaike.com/system/avtnew/3183/31832833/medium/20160524112254.jpg D:\sougou\wamp\www\5dangpai.com\Application\Home\Controller\TextController.class.php 第 39 行.
NOTIC: [2] fopen(//pic.qiushibaike.com/system/avtnew/3183/31832833/medium/20160524112254.jpg): failed to open stream: No such file or directory D:\sougou\wamp\www\5dangpai.com\Application\Home\Controller\TextController.class.php 第 40 行.
NOTIC: [2] filesize(): stat failed for //pic.qiushibaike.com/system/avtnew/3183/31832833/medium/20160524112254.jpg D:\sougou\wamp\www\5dangpai.com\Application\Home\Controller\TextController.class.php 第 41 行.
NOTIC: [2] fread() expects parameter 1 to be resource, boolean given D:\sougou\wamp\www\5dangpai.com\Application\Home\Controller\TextController.class.php 第 41 行.
INFO: [ app_end ] --START--
INFO: Run Behavior\ShowPageTraceBehavior [ RunTime:0.002580s ]
INFO: [ app_end ] --END-- [ RunTime:0.003469s ]

[ 2018-01-25T00:39:28+08:00 ] ::1 /5dangpai.com/index.php/Home/Text/ceshi
INFO: [ app_init ] --START--
INFO: Run Behavior\BuildLiteBehavior [ RunTime:0.000124s ]
INFO: [ app_init ] --END-- [ RunTime:0.002637s ]
INFO: [ app_begin ] --START--
INFO: Run Behavior\ReadHtmlCacheBehavior [ RunTime:0.002718s ]
INFO: [ app_begin ] --END-- [ RunTime:0.003369s ]
NOTIC: [2] filesize(): stat failed for //pic.qiushibaike.com/system/avtnew/3183/31832833/medium/20160524112254.jpg D:\sougou\wamp\www\5dangpai.com\Application\Home\Controller\TextController.class.php 第 39 行.
NOTIC: [2] fopen(//pic.qiushibaike.com/system/avtnew/3183/31832833/medium/20160524112254.jpg): failed to open stream: No such file or directory D:\sougou\wamp\www\5dangpai.com\Application\Home\Controller\TextController.class.php 第 40 行.
NOTIC: [2] filesize(): stat failed for //pic.qiushibaike.com/system/avtnew/3183/31832833/medium/20160524112254.jpg D:\sougou\wamp\www\5dangpai.com\Application\Home\Controller\TextController.class.php 第 41 行.
NOTIC: [2] fread() expects parameter 1 to be resource, boolean given D:\sougou\wamp\www\5dangpai.com\Application\Home\Controller\TextController.class.php 第 41 行.
INFO: [ app_end ] --START--
INFO: Run Behavior\ShowPageTraceBehavior [ RunTime:0.002351s ]
INFO: [ app_end ] --END-- [ RunTime:0.003361s ]

[ 2018-01-25T00:39:28+08:00 ] ::1 /5dangpai.com/index.php/Home/Text/ceshi
INFO: [ app_init ] --START--
INFO: Run Behavior\BuildLiteBehavior [ RunTime:0.000122s ]
INFO: [ app_init ] --END-- [ RunTime:0.002237s ]
INFO: [ app_begin ] --START--
INFO: Run Behavior\ReadHtmlCacheBehavior [ RunTime:0.002224s ]
INFO: [ app_begin ] --END-- [ RunTime:0.002822s ]
NOTIC: [2] filesize(): stat failed for //pic.qiushibaike.com/system/avtnew/3183/31832833/medium/20160524112254.jpg D:\sougou\wamp\www\5dangpai.com\Application\Home\Controller\TextController.class.php 第 39 行.
NOTIC: [2] fopen(//pic.qiushibaike.com/system/avtnew/3183/31832833/medium/20160524112254.jpg): failed to open stream: No such file or directory D:\sougou\wamp\www\5dangpai.com\Application\Home\Controller\TextController.class.php 第 40 行.
NOTIC: [2] filesize(): stat failed for //pic.qiushibaike.com/system/avtnew/3183/31832833/medium/20160524112254.jpg D:\sougou\wamp\www\5dangpai.com\Application\Home\Controller\TextController.class.php 第 41 行.
NOTIC: [2] fread() expects parameter 1 to be resource, boolean given D:\sougou\wamp\www\5dangpai.com\Application\Home\Controller\TextController.class.php 第 41 行.
INFO: [ app_end ] --START--
INFO: Run Behavior\ShowPageTraceBehavior [ RunTime:0.002516s ]
INFO: [ app_end ] --END-- [ RunTime:0.004367s ]

[ 2018-01-25T00:39:30+08:00 ] ::1 /5dangpai.com/index.php/Home/Text/ceshi
INFO: [ app_init ] --START--
INFO: Run Behavior\BuildLiteBehavior [ RunTime:0.000155s ]
INFO: [ app_init ] --END-- [ RunTime:0.002689s ]
INFO: [ app_begin ] --START--
INFO: Run Behavior\ReadHtmlCacheBehavior [ RunTime:0.003142s ]
INFO: [ app_begin ] --END-- [ RunTime:0.003968s ]
NOTIC: [2] filesize(): stat failed for //pic.qiushibaike.com/system/avtnew/3183/31832833/medium/20160524112254.jpg D:\sougou\wamp\www\5dangpai.com\Application\Home\Controller\TextController.class.php 第 39 行.
NOTIC: [2] fopen(//pic.qiushibaike.com/system/avtnew/3183/31832833/medium/20160524112254.jpg): failed to open stream: No such file or directory D:\sougou\wamp\www\5dangpai.com\Application\Home\Controller\TextController.class.php 第 40 行.
NOTIC: [2] filesize(): stat failed for //pic.qiushibaike.com/system/avtnew/3183/31832833/medium/20160524112254.jpg D:\sougou\wamp\www\5dangpai.com\Application\Home\Controller\TextController.class.php 第 41 行.
NOTIC: [2] fread() expects parameter 1 to be resource, boolean given D:\sougou\wamp\www\5dangpai.com\Application\Home\Controller\TextController.class.php 第 41 行.
INFO: [ app_end ] --START--
INFO: Run Behavior\ShowPageTraceBehavior [ RunTime:0.002952s ]
INFO: [ app_end ] --END-- [ RunTime:0.004272s ]

[ 2018-01-25T00:39:30+08:00 ] ::1 /5dangpai.com/index.php/Home/Text/ceshi
INFO: [ app_init ] --START--
INFO: Run Behavior\BuildLiteBehavior [ RunTime:0.000171s ]
INFO: [ app_init ] --END-- [ RunTime:0.003087s ]
INFO: [ app_begin ] --START--
INFO: Run Behavior\ReadHtmlCacheBehavior [ RunTime:0.003797s ]
INFO: [ app_begin ] --END-- [ RunTime:0.004667s ]
NOTIC: [2] filesize(): stat failed for //pic.qiushibaike.com/system/avtnew/3183/31832833/medium/20160524112254.jpg D:\sougou\wamp\www\5dangpai.com\Application\Home\Controller\TextController.class.php 第 39 行.
NOTIC: [2] fopen(//pic.qiushibaike.com/system/avtnew/3183/31832833/medium/20160524112254.jpg): failed to open stream: No such file or directory D:\sougou\wamp\www\5dangpai.com\Application\Home\Controller\TextController.class.php 第 40 行.
NOTIC: [2] filesize(): stat failed for //pic.qiushibaike.com/system/avtnew/3183/31832833/medium/20160524112254.jpg D:\sougou\wamp\www\5dangpai.com\Application\Home\Controller\TextController.class.php 第 41 行.
NOTIC: [2] fread() expects parameter 1 to be resource, boolean given D:\sougou\wamp\www\5dangpai.com\Application\Home\Controller\TextController.class.php 第 41 行.
INFO: [ app_end ] --START--
INFO: Run Behavior\ShowPageTraceBehavior [ RunTime:0.002931s ]
INFO: [ app_end ] --END-- [ RunTime:0.003884s ]

[ 2018-01-25T00:39:31+08:00 ] ::1 /5dangpai.com/index.php/Home/Text/ceshi
INFO: [ app_init ] --START--
INFO: Run Behavior\BuildLiteBehavior [ RunTime:0.000239s ]
INFO: [ app_init ] --END-- [ RunTime:0.004105s ]
INFO: [ app_begin ] --START--
INFO: Run Behavior\ReadHtmlCacheBehavior [ RunTime:0.003939s ]
INFO: [ app_begin ] --END-- [ RunTime:0.004662s ]
NOTIC: [2] filesize(): stat failed for //pic.qiushibaike.com/system/avtnew/3183/31832833/medium/20160524112254.jpg D:\sougou\wamp\www\5dangpai.com\Application\Home\Controller\TextController.class.php 第 39 行.
NOTIC: [2] fopen(//pic.qiushibaike.com/system/avtnew/3183/31832833/medium/20160524112254.jpg): failed to open stream: No such file or directory D:\sougou\wamp\www\5dangpai.com\Application\Home\Controller\TextController.class.php 第 40 行.
NOTIC: [2] filesize(): stat failed for //pic.qiushibaike.com/system/avtnew/3183/31832833/medium/20160524112254.jpg D:\sougou\wamp\www\5dangpai.com\Application\Home\Controller\TextController.class.php 第 41 行.
NOTIC: [2] fread() expects parameter 1 to be resource, boolean given D:\sougou\wamp\www\5dangpai.com\Application\Home\Controller\TextController.class.php 第 41 行.
INFO: [ app_end ] --START--
INFO: Run Behavior\ShowPageTraceBehavior [ RunTime:0.003470s ]
INFO: [ app_end ] --END-- [ RunTime:0.004290s ]

[ 2018-01-25T00:39:36+08:00 ] ::1 /5dangpai.com/index.php/Home/Text/ceshi
INFO: [ app_init ] --START--
INFO: Run Behavior\BuildLiteBehavior [ RunTime:0.000116s ]
INFO: [ app_init ] --END-- [ RunTime:0.002443s ]
INFO: [ app_begin ] --START--
INFO: Run Behavior\ReadHtmlCacheBehavior [ RunTime:0.002364s ]
INFO: [ app_begin ] --END-- [ RunTime:0.003072s ]
NOTIC: [2] filesize(): stat failed for //pic.qiushibaike.com/system/avtnew/3183/31832833/medium/20160524112254.jpg D:\sougou\wamp\www\5dangpai.com\Application\Home\Controller\TextController.class.php 第 39 行.
NOTIC: [2] fopen(//pic.qiushibaike.com/system/avtnew/3183/31832833/medium/20160524112254.jpg): failed to open stream: No such file or directory D:\sougou\wamp\www\5dangpai.com\Application\Home\Controller\TextController.class.php 第 40 行.
NOTIC: [2] filesize(): stat failed for //pic.qiushibaike.com/system/avtnew/3183/31832833/medium/20160524112254.jpg D:\sougou\wamp\www\5dangpai.com\Application\Home\Controller\TextController.class.php 第 41 行.
NOTIC: [2] fread() expects parameter 1 to be resource, boolean given D:\sougou\wamp\www\5dangpai.com\Application\Home\Controller\TextController.class.php 第 41 行.
INFO: [ app_end ] --START--
INFO: Run Behavior\ShowPageTraceBehavior [ RunTime:0.005937s ]
INFO: [ app_end ] --END-- [ RunTime:0.006554s ]

[ 2018-01-25T00:39:36+08:00 ] ::1 /5dangpai.com/index.php/Home/Text/ceshi
INFO: [ app_init ] --START--
INFO: Run Behavior\BuildLiteBehavior [ RunTime:0.000109s ]
INFO: [ app_init ] --END-- [ RunTime:0.002172s ]
INFO: [ app_begin ] --START--
INFO: Run Behavior\ReadHtmlCacheBehavior [ RunTime:0.001950s ]
INFO: [ app_begin ] --END-- [ RunTime:0.002465s ]
NOTIC: [2] filesize(): stat failed for //pic.qiushibaike.com/system/avtnew/3183/31832833/medium/20160524112254.jpg D:\sougou\wamp\www\5dangpai.com\Application\Home\Controller\TextController.class.php 第 39 行.
NOTIC: [2] fopen(//pic.qiushibaike.com/system/avtnew/3183/31832833/medium/20160524112254.jpg): failed to open stream: No such file or directory D:\sougou\wamp\www\5dangpai.com\Application\Home\Controller\TextController.class.php 第 40 行.
NOTIC: [2] filesize(): stat failed for //pic.qiushibaike.com/system/avtnew/3183/31832833/medium/20160524112254.jpg D:\sougou\wamp\www\5dangpai.com\Application\Home\Controller\TextController.class.php 第 41 行.
NOTIC: [2] fread() expects parameter 1 to be resource, boolean given D:\sougou\wamp\www\5dangpai.com\Application\Home\Controller\TextController.class.php 第 41 行.
INFO: [ app_end ] --START--
INFO: Run Behavior\ShowPageTraceBehavior [ RunTime:0.001937s ]
INFO: [ app_end ] --END-- [ RunTime:0.002474s ]

[ 2018-01-25T00:39:36+08:00 ] ::1 /5dangpai.com/index.php/Home/Text/ceshi
INFO: [ app_init ] --START--
INFO: Run Behavior\BuildLiteBehavior [ RunTime:0.000109s ]
INFO: [ app_init ] --END-- [ RunTime:0.002324s ]
INFO: [ app_begin ] --START--
INFO: Run Behavior\ReadHtmlCacheBehavior [ RunTime:0.002212s ]
INFO: [ app_begin ] --END-- [ RunTime:0.003605s ]
NOTIC: [2] filesize(): stat failed for //pic.qiushibaike.com/system/avtnew/3183/31832833/medium/20160524112254.jpg D:\sougou\wamp\www\5dangpai.com\Application\Home\Controller\TextController.class.php 第 39 行.
NOTIC: [2] fopen(//pic.qiushibaike.com/system/avtnew/3183/31832833/medium/20160524112254.jpg): failed to open stream: No such file or directory D:\sougou\wamp\www\5dangpai.com\Application\Home\Controller\TextController.class.php 第 40 行.
NOTIC: [2] filesize(): stat failed for //pic.qiushibaike.com/system/avtnew/3183/31832833/medium/20160524112254.jpg D:\sougou\wamp\www\5dangpai.com\Application\Home\Controller\TextController.class.php 第 41 行.
NOTIC: [2] fread() expects parameter 1 to be resource, boolean given D:\sougou\wamp\www\5dangpai.com\Application\Home\Controller\TextController.class.php 第 41 行.
INFO: [ app_end ] --START--
INFO: Run Behavior\ShowPageTraceBehavior [ RunTime:0.020332s ]
INFO: [ app_end ] --END-- [ RunTime:0.020818s ]

[ 2018-01-25T00:39:37+08:00 ] ::1 /5dangpai.com/index.php/Home/Text/ceshi
INFO: [ app_init ] --START--
INFO: Run Behavior\BuildLiteBehavior [ RunTime:0.000100s ]
INFO: [ app_init ] --END-- [ RunTime:0.001890s ]
INFO: [ app_begin ] --START--
INFO: Run Behavior\ReadHtmlCacheBehavior [ RunTime:0.001938s ]
INFO: [ app_begin ] --END-- [ RunTime:0.002468s ]
NOTIC: [2] filesize(): stat failed for //pic.qiushibaike.com/system/avtnew/3183/31832833/medium/20160524112254.jpg D:\sougou\wamp\www\5dangpai.com\Application\Home\Controller\TextController.class.php 第 39 行.
NOTIC: [2] fopen(//pic.qiushibaike.com/system/avtnew/3183/31832833/medium/20160524112254.jpg): failed to open stream: No such file or directory D:\sougou\wamp\www\5dangpai.com\Application\Home\Controller\TextController.class.php 第 40 行.
NOTIC: [2] filesize(): stat failed for //pic.qiushibaike.com/system/avtnew/3183/31832833/medium/20160524112254.jpg D:\sougou\wamp\www\5dangpai.com\Application\Home\Controller\TextController.class.php 第 41 行.
NOTIC: [2] fread() expects parameter 1 to be resource, boolean given D:\sougou\wamp\www\5dangpai.com\Application\Home\Controller\TextController.class.php 第 41 行.
INFO: [ app_end ] --START--
INFO: Run Behavior\ShowPageTraceBehavior [ RunTime:0.004553s ]
INFO: [ app_end ] --END-- [ RunTime:0.005215s ]

[ 2018-01-25T01:03:03+08:00 ] ::1 /5dangpai.com/
INFO: [ app_init ] --START--
INFO: Run Behavior\BuildLiteBehavior [ RunTime:0.000501s ]
INFO: [ app_init ] --END-- [ RunTime:0.003868s ]
INFO: [ app_begin ] --START--
INFO: Run Behavior\ReadHtmlCacheBehavior [ RunTime:0.003441s ]
INFO: [ app_begin ] --END-- [ RunTime:0.004267s ]
ERR: 无法加载控制器:Index

[ 2018-01-25T01:03:18+08:00 ] ::1 /5dangpai.com/index.php/home/text/ceshi
INFO: [ app_init ] --START--
INFO: Run Behavior\BuildLiteBehavior [ RunTime:0.000164s ]
INFO: [ app_init ] --END-- [ RunTime:0.003244s ]
INFO: [ app_begin ] --START--
INFO: Run Behavior\ReadHtmlCacheBehavior [ RunTime:0.002961s ]
INFO: [ app_begin ] --END-- [ RunTime:0.003780s ]
NOTIC: [8192] mysql_connect(): The mysql extension is deprecated and will be removed in the future: use mysqli or PDO instead D:\sougou\wamp\www\5dangpai.com\ThinkPHP\Library\Think\Db\Driver\Mysql.class.php 第 52 行.
SQL: SHOW COLUMNS FROM `dang_post` [ RunTime:0.021566s ]
SQL: SELECT `post_head` FROM `dang_post` WHERE ( id<500 ) LIMIT 1   [ RunTime:0.001454s ]
ERR: 1054:Champ 'post_head' inconnu dans field list
 [ SQL语句 ] : SELECT `post_head` FROM `dang_post` WHERE ( id<500 ) LIMIT 1  
INFO: [ app_end ] --START--
INFO: Run Behavior\ShowPageTraceBehavior [ RunTime:0.003087s ]
INFO: [ app_end ] --END-- [ RunTime:0.003879s ]

[ 2018-01-25T01:05:55+08:00 ] ::1 /5dangpai.com/index.php/home/text/ceshi
INFO: [ app_init ] --START--
INFO: Run Behavior\BuildLiteBehavior [ RunTime:0.000188s ]
INFO: [ app_init ] --END-- [ RunTime:0.004722s ]
INFO: [ app_begin ] --START--
INFO: Run Behavior\ReadHtmlCacheBehavior [ RunTime:0.004345s ]
INFO: [ app_begin ] --END-- [ RunTime:0.005376s ]
NOTIC: [8192] mysql_connect(): The mysql extension is deprecated and will be removed in the future: use mysqli or PDO instead D:\sougou\wamp\www\5dangpai.com\ThinkPHP\Library\Think\Db\Driver\Mysql.class.php 第 52 行.
SQL: SHOW COLUMNS FROM `qiubai_shenhuifu` [ RunTime:0.019138s ]
ERR: 1146:La table 'spider.qiubai_shenhuifu' n'existe pas
 [ SQL语句 ] : SHOW COLUMNS FROM `qiubai_shenhuifu`
SQL: SELECT `post_head` FROM `qiubai_shenhuifu` WHERE ( id<500 ) LIMIT 1   [ RunTime:0.001386s ]
ERR: 1146:La table 'spider.qiubai_shenhuifu' n'existe pas
 [ SQL语句 ] : SELECT `post_head` FROM `qiubai_shenhuifu` WHERE ( id<500 ) LIMIT 1  
INFO: [ app_end ] --START--
INFO: Run Behavior\ShowPageTraceBehavior [ RunTime:0.003604s ]
INFO: [ app_end ] --END-- [ RunTime:0.004440s ]

[ 2018-01-25T01:06:33+08:00 ] ::1 /5dangpai.com/index.php/home/text/ceshi
INFO: [ app_init ] --START--
INFO: Run Behavior\BuildLiteBehavior [ RunTime:0.000169s ]
INFO: [ app_init ] --END-- [ RunTime:0.005613s ]
INFO: [ app_begin ] --START--
INFO: Run Behavior\ReadHtmlCacheBehavior [ RunTime:0.004430s ]
INFO: [ app_begin ] --END-- [ RunTime:0.005261s ]
NOTIC: [8192] mysql_connect(): The mysql extension is deprecated and will be removed in the future: use mysqli or PDO instead D:\sougou\wamp\www\5dangpai.com\ThinkPHP\Library\Think\Db\Driver\Mysql.class.php 第 52 行.
SQL: SHOW COLUMNS FROM `qiubai_shenghuifu` [ RunTime:0.037532s ]
SQL: SELECT `post_head` FROM `qiubai_shenghuifu` WHERE ( id<500 ) LIMIT 1   [ RunTime:0.001674s ]
INFO: [ app_end ] --START--
INFO: Run Behavior\ShowPageTraceBehavior [ RunTime:0.002640s ]
INFO: [ app_end ] --END-- [ RunTime:0.003361s ]

[ 2018-01-25T21:59:09+08:00 ] ::1 /5dangpai.com/index.php/home/text/ceshi
INFO: [ app_init ] --START--
INFO: Run Behavior\BuildLiteBehavior [ RunTime:0.000297s ]
INFO: [ app_init ] --END-- [ RunTime:0.004132s ]
INFO: [ app_begin ] --START--
INFO: Run Behavior\ReadHtmlCacheBehavior [ RunTime:0.001960s ]
INFO: [ app_begin ] --END-- [ RunTime:0.002431s ]
NOTIC: [8192] mysql_connect(): The mysql extension is deprecated and will be removed in the future: use mysqli or PDO instead D:\sougou\wamp\www\5dangpai.com\ThinkPHP\Library\Think\Db\Driver\Mysql.class.php 第 52 行.
SQL: SHOW COLUMNS FROM `qiubai_shenghuifu` [ RunTime:0.013414s ]
SQL: SELECT `post_head` FROM `qiubai_shenghuifu` WHERE ( id<500 ) LIMIT 1   [ RunTime:0.000900s ]
INFO: [ app_end ] --START--
INFO: Run Behavior\ShowPageTraceBehavior [ RunTime:0.002275s ]
INFO: [ app_end ] --END-- [ RunTime:0.002911s ]

[ 2018-01-25T22:00:19+08:00 ] ::1 /5dangpai.com/index.php/home/text/ceshi
INFO: [ app_init ] --START--
INFO: Run Behavior\BuildLiteBehavior [ RunTime:0.000178s ]
INFO: [ app_init ] --END-- [ RunTime:0.004197s ]
INFO: [ app_begin ] --START--
INFO: Run Behavior\ReadHtmlCacheBehavior [ RunTime:0.002693s ]
INFO: [ app_begin ] --END-- [ RunTime:0.003486s ]
NOTIC: [8192] mysql_connect(): The mysql extension is deprecated and will be removed in the future: use mysqli or PDO instead D:\sougou\wamp\www\5dangpai.com\ThinkPHP\Library\Think\Db\Driver\Mysql.class.php 第 52 行.
SQL: SHOW COLUMNS FROM `qiubai_shenghuifu` [ RunTime:0.034907s ]
SQL: SELECT * FROM `qiubai_shenghuifu` WHERE ( id=1 ) LIMIT 1   [ RunTime:0.001859s ]
INFO: [ app_end ] --START--
INFO: Run Behavior\ShowPageTraceBehavior [ RunTime:0.003082s ]
INFO: [ app_end ] --END-- [ RunTime:0.003901s ]

[ 2018-01-25T22:00:48+08:00 ] ::1 /5dangpai.com/index.php/home/text/ceshi
INFO: [ app_init ] --START--
INFO: Run Behavior\BuildLiteBehavior [ RunTime:0.000160s ]
INFO: [ app_init ] --END-- [ RunTime:0.002700s ]
INFO: [ app_begin ] --START--
INFO: Run Behavior\ReadHtmlCacheBehavior [ RunTime:0.002754s ]
INFO: [ app_begin ] --END-- [ RunTime:0.003554s ]
NOTIC: [8192] mysql_connect(): The mysql extension is deprecated and will be removed in the future: use mysqli or PDO instead D:\sougou\wamp\www\5dangpai.com\ThinkPHP\Library\Think\Db\Driver\Mysql.class.php 第 52 行.
SQL: SHOW COLUMNS FROM `qiubai_shenghuifu` [ RunTime:0.019413s ]
SQL: SELECT * FROM `qiubai_shenghuifu` WHERE ( id=1 ) LIMIT 1   [ RunTime:0.001361s ]
INFO: [ app_end ] --START--
INFO: Run Behavior\ShowPageTraceBehavior [ RunTime:0.002721s ]
INFO: [ app_end ] --END-- [ RunTime:0.003505s ]

[ 2018-01-25T22:00:54+08:00 ] ::1 /5dangpai.com/index.php/home/text/ceshi
INFO: [ app_init ] --START--
INFO: Run Behavior\BuildLiteBehavior [ RunTime:0.000173s ]
INFO: [ app_init ] --END-- [ RunTime:0.002624s ]
INFO: [ app_begin ] --START--
INFO: Run Behavior\ReadHtmlCacheBehavior [ RunTime:0.004387s ]
INFO: [ app_begin ] --END-- [ RunTime:0.005635s ]
NOTIC: [8192] mysql_connect(): The mysql extension is deprecated and will be removed in the future: use mysqli or PDO instead D:\sougou\wamp\www\5dangpai.com\ThinkPHP\Library\Think\Db\Driver\Mysql.class.php 第 52 行.
SQL: SHOW COLUMNS FROM `qiubai_shenghuifu` [ RunTime:0.035437s ]
SQL: SELECT * FROM `qiubai_shenghuifu` WHERE ( id=2 ) LIMIT 1   [ RunTime:0.001628s ]
INFO: [ app_end ] --START--
INFO: Run Behavior\ShowPageTraceBehavior [ RunTime:0.002942s ]
INFO: [ app_end ] --END-- [ RunTime:0.003818s ]

[ 2018-01-25T22:01:32+08:00 ] ::1 /5dangpai.com/index.php/home/text/ceshi
INFO: [ app_init ] --START--
INFO: Run Behavior\BuildLiteBehavior [ RunTime:0.000180s ]
INFO: [ app_init ] --END-- [ RunTime:0.003447s ]
INFO: [ app_begin ] --START--
INFO: Run Behavior\ReadHtmlCacheBehavior [ RunTime:0.003559s ]
INFO: [ app_begin ] --END-- [ RunTime:0.004747s ]
NOTIC: [8192] mysql_connect(): The mysql extension is deprecated and will be removed in the future: use mysqli or PDO instead D:\sougou\wamp\www\5dangpai.com\ThinkPHP\Library\Think\Db\Driver\Mysql.class.php 第 52 行.
SQL: SHOW COLUMNS FROM `qiubai_shenghuifu` [ RunTime:0.022900s ]
SQL: SELECT * FROM `qiubai_shenghuifu` WHERE ( id=2 ) LIMIT 1   [ RunTime:0.001475s ]
INFO: [ app_end ] --START--
INFO: Run Behavior\ShowPageTraceBehavior [ RunTime:0.003692s ]
INFO: [ app_end ] --END-- [ RunTime:0.004880s ]

[ 2018-01-25T22:04:02+08:00 ] ::1 /5dangpai.com/index.php/home/text/ceshi
INFO: [ app_init ] --START--
INFO: Run Behavior\BuildLiteBehavior [ RunTime:0.000120s ]
INFO: [ app_init ] --END-- [ RunTime:0.002041s ]
INFO: [ app_begin ] --START--
INFO: Run Behavior\ReadHtmlCacheBehavior [ RunTime:0.002532s ]
INFO: [ app_begin ] --END-- [ RunTime:0.003225s ]
NOTIC: [8192] mysql_connect(): The mysql extension is deprecated and will be removed in the future: use mysqli or PDO instead D:\sougou\wamp\www\5dangpai.com\ThinkPHP\Library\Think\Db\Driver\Mysql.class.php 第 52 行.
SQL: SHOW COLUMNS FROM `qiubai_shenghuifu` [ RunTime:0.017419s ]
SQL: SELECT * FROM `qiubai_shenghuifu` WHERE ( id=2 ) LIMIT 1   [ RunTime:0.001445s ]
INFO: [ app_end ] --START--
INFO: Run Behavior\ShowPageTraceBehavior [ RunTime:0.002958s ]
INFO: [ app_end ] --END-- [ RunTime:0.003618s ]

[ 2018-01-25T22:04:40+08:00 ] ::1 /5dangpai.com/index.php/home/text/ceshi
INFO: [ app_init ] --START--
INFO: Run Behavior\BuildLiteBehavior [ RunTime:0.000166s ]
INFO: [ app_init ] --END-- [ RunTime:0.003492s ]
INFO: [ app_begin ] --START--
INFO: Run Behavior\ReadHtmlCacheBehavior [ RunTime:0.002833s ]
INFO: [ app_begin ] --END-- [ RunTime:0.003723s ]
NOTIC: [8192] mysql_connect(): The mysql extension is deprecated and will be removed in the future: use mysqli or PDO instead D:\sougou\wamp\www\5dangpai.com\ThinkPHP\Library\Think\Db\Driver\Mysql.class.php 第 52 行.
SQL: SHOW COLUMNS FROM `qiubai_shenghuifu` [ RunTime:0.034482s ]
SQL: SELECT * FROM `qiubai_shenghuifu` WHERE ( id=2 ) LIMIT 1   [ RunTime:0.001439s ]
INFO: [ app_end ] --START--
INFO: Run Behavior\ShowPageTraceBehavior [ RunTime:0.002711s ]
INFO: [ app_end ] --END-- [ RunTime:0.003549s ]

[ 2018-01-25T22:05:32+08:00 ] ::1 /5dangpai.com/index.php/home/text/ceshi
INFO: [ app_init ] --START--
INFO: Run Behavior\BuildLiteBehavior [ RunTime:0.000171s ]
INFO: [ app_init ] --END-- [ RunTime:0.004003s ]
INFO: [ app_begin ] --START--
INFO: Run Behavior\ReadHtmlCacheBehavior [ RunTime:0.003885s ]
INFO: [ app_begin ] --END-- [ RunTime:0.004870s ]
NOTIC: [8192] mysql_connect(): The mysql extension is deprecated and will be removed in the future: use mysqli or PDO instead D:\sougou\wamp\www\5dangpai.com\ThinkPHP\Library\Think\Db\Driver\Mysql.class.php 第 52 行.
SQL: SHOW COLUMNS FROM `qiubai_shenghuifu` [ RunTime:0.035683s ]
SQL: SELECT * FROM `qiubai_shenghuifu` WHERE ( id=2 ) LIMIT 1   [ RunTime:0.001716s ]
INFO: [ app_end ] --START--
INFO: Run Behavior\ShowPageTraceBehavior [ RunTime:0.004051s ]
INFO: [ app_end ] --END-- [ RunTime:0.004880s ]

