[ 2018-02-02T00:38:16+08:00 ] ::1 /5dangpai.com/index.php/Home/Text/index
INFO: [ app_init ] --START--
INFO: Run Behavior\BuildLiteBehavior [ RunTime:0.000178s ]
INFO: [ app_init ] --END-- [ RunTime:0.012780s ]
INFO: [ app_begin ] --START--
INFO: Run Behavior\ReadHtmlCacheBehavior [ RunTime:0.003931s ]
INFO: [ app_begin ] --END-- [ RunTime:0.004760s ]
NOTIC: [8192] mysql_connect(): The mysql extension is deprecated and will be removed in the future: use mysqli or PDO instead D:\sougou\wamp\www\5dangpai.com\ThinkPHP\Library\Think\Db\Driver\Mysql.class.php 第 52 行.
SQL: SHOW COLUMNS FROM `dang_post` [ RunTime:0.022117s ]
SQL: SELECT COUNT(*) AS tp_count FROM `dang_post` LIMIT 1   [ RunTime:0.001004s ]
SQL: SELECT * FROM `dang_post` ORDER BY time LIMIT 0,5   [ RunTime:0.016994s ]
INFO: [ view_parse ] --START--
INFO: [ template_filter ] --START--
INFO: Run Behavior\ContentReplaceBehavior [ RunTime:0.000491s ]
INFO: [ template_filter ] --END-- [ RunTime:0.001357s ]
INFO: [ view_parse ] --START--
INFO: [ template_filter ] --START--
INFO: Run Behavior\ContentReplaceBehavior [ RunTime:0.000432s ]
INFO: [ template_filter ] --END-- [ RunTime:-0.074220s ]
INFO: Run Behavior\ParseTemplateBehavior [ RunTime:0.057210s ]
INFO: [ view_parse ] --END-- [ RunTime:0.058290s ]
INFO: [ view_filter ] --START--
INFO: Run Behavior\WriteHtmlCacheBehavior [ RunTime:0.018802s ]
INFO: [ view_filter ] --END-- [ RunTime:0.020527s ]
INFO: [ view_parse ] --START--
INFO: [ template_filter ] --START--
INFO: Run Behavior\ContentReplaceBehavior [ RunTime:0.000358s ]
INFO: [ template_filter ] --END-- [ RunTime:-0.134037s ]
INFO: Run Behavior\ParseTemplateBehavior [ RunTime:0.034699s ]
INFO: [ view_parse ] --END-- [ RunTime:-0.024664s ]
INFO: [ view_filter ] --START--
INFO: Run Behavior\WriteHtmlCacheBehavior [ RunTime:0.000200s ]
INFO: [ view_filter ] --END-- [ RunTime:-0.039558s ]
INFO: Run Behavior\ParseTemplateBehavior [ RunTime:0.037230s ]
INFO: [ view_parse ] --END-- [ RunTime:-0.024664s ]
INFO: [ view_filter ] --START--
INFO: Run Behavior\WriteHtmlCacheBehavior [ RunTime:0.000198s ]
INFO: [ view_filter ] --END-- [ RunTime:-0.042104s ]
INFO: [ app_end ] --START--
INFO: Run Behavior\ShowPageTraceBehavior [ RunTime:0.006498s ]
INFO: [ app_end ] --END-- [ RunTime:0.007415s ]

[ 2018-02-02T00:42:38+08:00 ] ::1 /5dangpai.com/index.php/Home/Text/index
INFO: [ app_init ] --START--
INFO: Run Behavior\BuildLiteBehavior [ RunTime:0.000215s ]
INFO: [ app_init ] --END-- [ RunTime:0.006163s ]
INFO: [ app_begin ] --START--
INFO: Run Behavior\ReadHtmlCacheBehavior [ RunTime:0.005057s ]
INFO: [ app_begin ] --END-- [ RunTime:0.007720s ]
NOTIC: [8192] mysql_connect(): The mysql extension is deprecated and will be removed in the future: use mysqli or PDO instead D:\sougou\wamp\www\5dangpai.com\ThinkPHP\Library\Think\Db\Driver\Mysql.class.php 第 52 行.
SQL: SHOW COLUMNS FROM `dang_post` [ RunTime:0.023206s ]
SQL: SELECT COUNT(*) AS tp_count FROM `dang_post` LIMIT 1   [ RunTime:0.001176s ]
SQL: SELECT * FROM `dang_post` ORDER BY time LIMIT 0,5   [ RunTime:0.003500s ]
INFO: [ view_parse ] --START--
INFO: [ template_filter ] --START--
INFO: Run Behavior\ContentReplaceBehavior [ RunTime:0.000497s ]
INFO: [ template_filter ] --END-- [ RunTime:0.001346s ]
INFO: [ view_parse ] --START--
INFO: [ template_filter ] --START--
INFO: Run Behavior\ContentReplaceBehavior [ RunTime:0.000429s ]
INFO: [ template_filter ] --END-- [ RunTime:-0.043463s ]
INFO: Run Behavior\ParseTemplateBehavior [ RunTime:0.032394s ]
INFO: [ view_parse ] --END-- [ RunTime:0.033504s ]
INFO: [ view_filter ] --START--
INFO: Run Behavior\WriteHtmlCacheBehavior [ RunTime:0.009528s ]
INFO: [ view_filter ] --END-- [ RunTime:0.010473s ]
INFO: [ view_parse ] --START--
INFO: [ template_filter ] --START--
INFO: Run Behavior\ContentReplaceBehavior [ RunTime:0.001097s ]
INFO: [ template_filter ] --END-- [ RunTime:-0.080616s ]
INFO: Run Behavior\ParseTemplateBehavior [ RunTime:0.027572s ]
INFO: [ view_parse ] --END-- [ RunTime:-0.014261s ]
INFO: [ view_filter ] --START--
INFO: Run Behavior\WriteHtmlCacheBehavior [ RunTime:0.000171s ]
INFO: [ view_filter ] --END-- [ RunTime:-0.032034s ]
INFO: Run Behavior\ParseTemplateBehavior [ RunTime:0.029966s ]
INFO: [ view_parse ] --END-- [ RunTime:-0.014261s ]
INFO: [ view_filter ] --START--
INFO: Run Behavior\WriteHtmlCacheBehavior [ RunTime:0.000176s ]
INFO: [ view_filter ] --END-- [ RunTime:-0.034382s ]
INFO: [ app_end ] --START--
INFO: Run Behavior\ShowPageTraceBehavior [ RunTime:0.003368s ]
INFO: [ app_end ] --END-- [ RunTime:0.004238s ]

[ 2018-02-02T23:33:45+08:00 ] ::1 /5dangpai.com/index.php/Home/Send/index
INFO: [ app_init ] --START--
INFO: Run Behavior\BuildLiteBehavior [ RunTime:0.000149s ]
INFO: [ app_init ] --END-- [ RunTime:0.016595s ]
INFO: [ app_begin ] --START--
INFO: Run Behavior\ReadHtmlCacheBehavior [ RunTime:0.003637s ]
INFO: [ app_begin ] --END-- [ RunTime:0.004240s ]
INFO: [ view_parse ] --START--
INFO: [ template_filter ] --START--
INFO: Run Behavior\ContentReplaceBehavior [ RunTime:0.000490s ]
INFO: [ template_filter ] --END-- [ RunTime:0.001341s ]
INFO: [ view_parse ] --START--
INFO: [ template_filter ] --START--
INFO: Run Behavior\ContentReplaceBehavior [ RunTime:0.000538s ]
INFO: [ template_filter ] --END-- [ RunTime:-0.076890s ]
INFO: Run Behavior\ParseTemplateBehavior [ RunTime:0.051671s ]
INFO: [ view_parse ] --END-- [ RunTime:0.052557s ]
INFO: [ view_filter ] --START--
INFO: Run Behavior\WriteHtmlCacheBehavior [ RunTime:0.009400s ]
INFO: [ view_filter ] --END-- [ RunTime:0.010194s ]
NOTIC: [8] Undefined index: uid D:\sougou\wamp\www\5dangpai.com\Application\Runtime\Cache\Home\5a765bb74e0251e61ae3a111b25aedb4.php 第 70 行.
INFO: Run Behavior\ParseTemplateBehavior [ RunTime:0.064161s ]
INFO: [ view_parse ] --END-- [ RunTime:0.052557s ]
INFO: [ view_filter ] --START--
INFO: Run Behavior\WriteHtmlCacheBehavior [ RunTime:0.000201s ]
INFO: [ view_filter ] --END-- [ RunTime:-0.002196s ]
INFO: [ app_end ] --START--
INFO: Run Behavior\ShowPageTraceBehavior [ RunTime:0.005767s ]
INFO: [ app_end ] --END-- [ RunTime:0.006730s ]

[ 2018-02-02T23:33:49+08:00 ] ::1 /5dangpai.com/index.php/Home/Text/index
INFO: [ app_init ] --START--
INFO: Run Behavior\BuildLiteBehavior [ RunTime:0.000183s ]
INFO: [ app_init ] --END-- [ RunTime:0.003995s ]
INFO: [ app_begin ] --START--
INFO: Run Behavior\ReadHtmlCacheBehavior [ RunTime:0.009850s ]
INFO: [ app_begin ] --END-- [ RunTime:0.010740s ]
NOTIC: [8192] mysql_connect(): The mysql extension is deprecated and will be removed in the future: use mysqli or PDO instead D:\sougou\wamp\www\5dangpai.com\ThinkPHP\Library\Think\Db\Driver\Mysql.class.php 第 52 行.
SQL: SHOW COLUMNS FROM `dang_post` [ RunTime:0.021636s ]
SQL: SELECT COUNT(*) AS tp_count FROM `dang_post` LIMIT 1   [ RunTime:0.001049s ]
SQL: SELECT * FROM `dang_post` ORDER BY time LIMIT 0,5   [ RunTime:0.003098s ]
INFO: [ view_parse ] --START--
INFO: [ template_filter ] --START--
INFO: Run Behavior\ContentReplaceBehavior [ RunTime:0.000482s ]
INFO: [ template_filter ] --END-- [ RunTime:0.001296s ]
INFO: [ view_parse ] --START--
INFO: [ template_filter ] --START--
INFO: Run Behavior\ContentReplaceBehavior [ RunTime:0.000393s ]
INFO: [ template_filter ] --END-- [ RunTime:-0.059030s ]
INFO: Run Behavior\ParseTemplateBehavior [ RunTime:0.028579s ]
INFO: [ view_parse ] --END-- [ RunTime:0.029356s ]
INFO: [ view_filter ] --START--
INFO: Run Behavior\WriteHtmlCacheBehavior [ RunTime:0.003125s ]
INFO: [ view_filter ] --END-- [ RunTime:0.004270s ]
INFO: [ view_parse ] --START--
INFO: [ template_filter ] --START--
INFO: Run Behavior\ContentReplaceBehavior [ RunTime:0.000443s ]
INFO: [ template_filter ] --END-- [ RunTime:-0.102902s ]
INFO: Run Behavior\ParseTemplateBehavior [ RunTime:0.031315s ]
INFO: [ view_parse ] --END-- [ RunTime:-0.007849s ]
INFO: [ view_filter ] --START--
INFO: Run Behavior\WriteHtmlCacheBehavior [ RunTime:0.000184s ]
INFO: [ view_filter ] --END-- [ RunTime:-0.035159s ]
INFO: Run Behavior\ParseTemplateBehavior [ RunTime:0.033660s ]
INFO: [ view_parse ] --END-- [ RunTime:-0.007849s ]
INFO: [ view_filter ] --START--
INFO: Run Behavior\WriteHtmlCacheBehavior [ RunTime:0.000180s ]
INFO: [ view_filter ] --END-- [ RunTime:-0.037527s ]
INFO: [ app_end ] --START--
INFO: Run Behavior\ShowPageTraceBehavior [ RunTime:0.004186s ]
INFO: [ app_end ] --END-- [ RunTime:0.005030s ]

[ 2018-02-02T23:33:51+08:00 ] ::1 /5dangpai.com/index.php/Home/Discuz/index/
INFO: [ app_init ] --START--
INFO: Run Behavior\BuildLiteBehavior [ RunTime:0.000156s ]
INFO: [ app_init ] --END-- [ RunTime:0.003084s ]
INFO: [ app_begin ] --START--
INFO: Run Behavior\ReadHtmlCacheBehavior [ RunTime:0.019840s ]
INFO: [ app_begin ] --END-- [ RunTime:0.020604s ]
INFO: [ view_parse ] --START--
INFO: [ template_filter ] --START--
INFO: Run Behavior\ContentReplaceBehavior [ RunTime:0.000507s ]
INFO: [ template_filter ] --END-- [ RunTime:0.001398s ]
INFO: [ view_parse ] --START--
INFO: [ template_filter ] --START--
INFO: Run Behavior\ContentReplaceBehavior [ RunTime:0.000360s ]
INFO: [ template_filter ] --END-- [ RunTime:-0.047164s ]
INFO: Run Behavior\ParseTemplateBehavior [ RunTime:0.037076s ]
INFO: [ view_parse ] --END-- [ RunTime:0.037867s ]
INFO: [ view_filter ] --START--
INFO: Run Behavior\WriteHtmlCacheBehavior [ RunTime:0.003720s ]
INFO: [ view_filter ] --END-- [ RunTime:0.004424s ]
INFO: Run Behavior\ParseTemplateBehavior [ RunTime:0.050819s ]
INFO: [ view_parse ] --END-- [ RunTime:0.037867s ]
INFO: [ view_filter ] --START--
INFO: Run Behavior\WriteHtmlCacheBehavior [ RunTime:0.000174s ]
INFO: [ view_filter ] --END-- [ RunTime:-0.001529s ]
INFO: [ app_end ] --START--
INFO: Run Behavior\ShowPageTraceBehavior [ RunTime:0.053977s ]
INFO: [ app_end ] --END-- [ RunTime:0.054719s ]

