[ 2018-02-11T22:33:32+08:00 ] ::1 /5dangpai.com/
INFO: [ app_init ] --START--
INFO: Run Behavior\BuildLiteBehavior [ RunTime:0.000188s ]
INFO: [ app_init ] --END-- [ RunTime:0.046284s ]
INFO: [ app_begin ] --START--
INFO: Run Behavior\ReadHtmlCacheBehavior [ RunTime:0.005721s ]
INFO: [ app_begin ] --END-- [ RunTime:0.006983s ]
ERR: 无法加载控制器:Index

[ 2018-02-11T22:33:39+08:00 ] ::1 /5dangpai.com/index.php/home/text/
INFO: [ app_init ] --START--
INFO: Run Behavior\BuildLiteBehavior [ RunTime:0.000210s ]
INFO: [ app_init ] --END-- [ RunTime:0.003482s ]
INFO: [ app_begin ] --START--
INFO: Run Behavior\ReadHtmlCacheBehavior [ RunTime:0.006722s ]
INFO: [ app_begin ] --END-- [ RunTime:0.008000s ]
NOTIC: [8192] mysql_connect(): The mysql extension is deprecated and will be removed in the future: use mysqli or PDO instead D:\sougou\wamp\www\5dangpai.com\ThinkPHP\Library\Think\Db\Driver\Mysql.class.php 第 52 行.
SQL: SHOW COLUMNS FROM `dang_post` [ RunTime:0.338121s ]
SQL: SELECT COUNT(*) AS tp_count FROM `dang_post` LIMIT 1   [ RunTime:0.084540s ]
SQL:  select *  from dang_post,dang_user where dang_post.uid = dang_user.id and dang_post.type=1 limit 0,5 [ RunTime:0.026454s ]
INFO: [ view_parse ] --START--
INFO: [ template_filter ] --START--
INFO: Run Behavior\ContentReplaceBehavior [ RunTime:0.000419s ]
INFO: [ template_filter ] --END-- [ RunTime:0.001278s ]
INFO: [ view_parse ] --START--
INFO: [ template_filter ] --START--
INFO: Run Behavior\ContentReplaceBehavior [ RunTime:0.000466s ]
INFO: [ template_filter ] --END-- [ RunTime:-0.102771s ]
INFO: Run Behavior\ParseTemplateBehavior [ RunTime:0.053970s ]
INFO: [ view_parse ] --END-- [ RunTime:0.054813s ]
INFO: [ view_filter ] --START--
INFO: Run Behavior\WriteHtmlCacheBehavior [ RunTime:0.019075s ]
INFO: [ view_filter ] --END-- [ RunTime:0.019718s ]
INFO: [ view_parse ] --START--
INFO: [ template_filter ] --START--
INFO: Run Behavior\ContentReplaceBehavior [ RunTime:0.000316s ]
INFO: [ template_filter ] --END-- [ RunTime:-0.179716s ]
INFO: Run Behavior\ParseTemplateBehavior [ RunTime:0.051675s ]
INFO: [ view_parse ] --END-- [ RunTime:-0.024225s ]
INFO: [ view_filter ] --START--
INFO: Run Behavior\WriteHtmlCacheBehavior [ RunTime:0.000176s ]
INFO: [ view_filter ] --END-- [ RunTime:-0.057138s ]
INFO: Run Behavior\ParseTemplateBehavior [ RunTime:0.054636s ]
INFO: [ view_parse ] --END-- [ RunTime:-0.024225s ]
INFO: [ view_filter ] --START--
INFO: Run Behavior\WriteHtmlCacheBehavior [ RunTime:0.000493s ]
INFO: [ view_filter ] --END-- [ RunTime:-0.059987s ]
INFO: [ app_end ] --START--
INFO: Run Behavior\ShowPageTraceBehavior [ RunTime:0.080832s ]
INFO: [ app_end ] --END-- [ RunTime:0.081520s ]

[ 2018-02-11T23:15:44+08:00 ] ::1 /5dangpai.com/index.php/home/text/
INFO: [ app_init ] --START--
INFO: Run Behavior\BuildLiteBehavior [ RunTime:0.000151s ]
INFO: [ app_init ] --END-- [ RunTime:0.003061s ]
INFO: [ app_begin ] --START--
INFO: Run Behavior\ReadHtmlCacheBehavior [ RunTime:0.004279s ]
INFO: [ app_begin ] --END-- [ RunTime:0.005214s ]
NOTIC: [8192] mysql_connect(): The mysql extension is deprecated and will be removed in the future: use mysqli or PDO instead D:\sougou\wamp\www\5dangpai.com\ThinkPHP\Library\Think\Db\Driver\Mysql.class.php 第 52 行.
SQL: SHOW COLUMNS FROM `dang_post` [ RunTime:0.127960s ]
SQL: SELECT COUNT(*) AS tp_count FROM `dang_post` LIMIT 1   [ RunTime:0.002339s ]
SQL:  select *  from dang_post,dang_user where dang_post.uid = dang_user.id and dang_post.type=1 limit 0,5 [ RunTime:0.063888s ]
INFO: [ view_parse ] --START--
INFO: [ template_filter ] --START--
INFO: Run Behavior\ContentReplaceBehavior [ RunTime:0.000405s ]
INFO: [ template_filter ] --END-- [ RunTime:0.001067s ]
INFO: [ view_parse ] --START--
INFO: [ template_filter ] --START--
INFO: Run Behavior\ContentReplaceBehavior [ RunTime:0.000441s ]
INFO: [ template_filter ] --END-- [ RunTime:-0.031705s ]
INFO: Run Behavior\ParseTemplateBehavior [ RunTime:0.028377s ]
INFO: [ view_parse ] --END-- [ RunTime:0.029167s ]
INFO: [ view_filter ] --START--
INFO: Run Behavior\WriteHtmlCacheBehavior [ RunTime:0.002482s ]
INFO: [ view_filter ] --END-- [ RunTime:0.003188s ]
INFO: [ view_parse ] --START--
INFO: [ template_filter ] --START--
INFO: Run Behavior\ContentReplaceBehavior [ RunTime:0.000278s ]
INFO: [ template_filter ] --END-- [ RunTime:-0.063649s ]
INFO: Run Behavior\ParseTemplateBehavior [ RunTime:0.017822s ]
INFO: [ view_parse ] --END-- [ RunTime:-0.007100s ]
INFO: [ view_filter ] --START--
INFO: Run Behavior\WriteHtmlCacheBehavior [ RunTime:0.000164s ]
INFO: [ view_filter ] --END-- [ RunTime:-0.022408s ]
INFO: Run Behavior\ParseTemplateBehavior [ RunTime:0.019926s ]
INFO: [ view_parse ] --END-- [ RunTime:-0.007100s ]
INFO: [ view_filter ] --START--
INFO: Run Behavior\WriteHtmlCacheBehavior [ RunTime:0.000174s ]
INFO: [ view_filter ] --END-- [ RunTime:-0.024630s ]
INFO: [ app_end ] --START--
INFO: Run Behavior\ShowPageTraceBehavior [ RunTime:0.004177s ]
INFO: [ app_end ] --END-- [ RunTime:0.010574s ]

[ 2018-02-11T23:15:52+08:00 ] ::1 /5dangpai.com/index.php/home/admin%E3%80%81admin
INFO: [ app_init ] --START--
INFO: Run Behavior\BuildLiteBehavior [ RunTime:0.000162s ]
INFO: [ app_init ] --END-- [ RunTime:0.002915s ]
INFO: [ app_begin ] --START--
INFO: Run Behavior\ReadHtmlCacheBehavior [ RunTime:0.003110s ]
INFO: [ app_begin ] --END-- [ RunTime:0.003927s ]
ERR: 无法加载控制器:Admin、admin

[ 2018-02-11T23:15:58+08:00 ] ::1 /5dangpai.com/index.php/home/admin/admin
INFO: [ app_init ] --START--
INFO: Run Behavior\BuildLiteBehavior [ RunTime:0.000161s ]
INFO: [ app_init ] --END-- [ RunTime:0.002486s ]
INFO: [ app_begin ] --START--
INFO: Run Behavior\ReadHtmlCacheBehavior [ RunTime:0.003420s ]
INFO: [ app_begin ] --END-- [ RunTime:0.004279s ]
ERR: 无法加载控制器:Admin

