[ 2018-02-14T23:55:15+08:00 ] ::1 /5dangpai.com/index.php/home/text/
INFO: [ app_init ] --START--
INFO: Run Behavior\BuildLiteBehavior [ RunTime:0.000141s ]
INFO: [ app_init ] --END-- [ RunTime:0.013971s ]
INFO: [ app_begin ] --START--
INFO: Run Behavior\ReadHtmlCacheBehavior [ RunTime:0.003755s ]
INFO: [ app_begin ] --END-- [ RunTime:0.004497s ]
NOTIC: [8192] mysql_connect(): The mysql extension is deprecated and will be removed in the future: use mysqli or PDO instead D:\sougou\wamp\www\5dangpai.com\ThinkPHP\Library\Think\Db\Driver\Mysql.class.php 第 52 行.
SQL: SHOW COLUMNS FROM `dang_post` [ RunTime:0.050336s ]
SQL: SELECT COUNT(*) AS tp_count FROM `dang_post` LIMIT 1   [ RunTime:0.002146s ]
SQL:  select *  from dang_post,dang_user where dang_post.uid = dang_user.id and dang_post.type=1 limit 0,5 [ RunTime:0.002370s ]
INFO: [ view_parse ] --START--
INFO: [ template_filter ] --START--
INFO: Run Behavior\ContentReplaceBehavior [ RunTime:0.000399s ]
INFO: [ template_filter ] --END-- [ RunTime:0.001092s ]
INFO: [ view_parse ] --START--
INFO: [ template_filter ] --START--
INFO: Run Behavior\ContentReplaceBehavior [ RunTime:0.000427s ]
INFO: [ template_filter ] --END-- [ RunTime:-0.034019s ]
INFO: Run Behavior\ParseTemplateBehavior [ RunTime:0.023686s ]
INFO: [ view_parse ] --END-- [ RunTime:0.024693s ]
INFO: [ view_filter ] --START--
INFO: Run Behavior\WriteHtmlCacheBehavior [ RunTime:0.009294s ]
INFO: [ view_filter ] --END-- [ RunTime:0.010087s ]
INFO: [ view_parse ] --START--
INFO: [ template_filter ] --START--
INFO: Run Behavior\ContentReplaceBehavior [ RunTime:0.000297s ]
INFO: [ template_filter ] --END-- [ RunTime:-0.080850s ]
INFO: Run Behavior\ParseTemplateBehavior [ RunTime:0.028994s ]
INFO: [ view_parse ] --END-- [ RunTime:-0.013528s ]
INFO: [ view_filter ] --START--
INFO: Run Behavior\WriteHtmlCacheBehavior [ RunTime:0.000214s ]
INFO: [ view_filter ] --END-- [ RunTime:-0.033843s ]
INFO: Run Behavior\ParseTemplateBehavior [ RunTime:0.032097s ]
INFO: [ view_parse ] --END-- [ RunTime:-0.013528s ]
INFO: [ view_filter ] --START--
INFO: Run Behavior\WriteHtmlCacheBehavior [ RunTime:0.000176s ]
INFO: [ view_filter ] --END-- [ RunTime:-0.036234s ]
INFO: [ app_end ] --START--
INFO: Run Behavior\ShowPageTraceBehavior [ RunTime:0.003714s ]
INFO: [ app_end ] --END-- [ RunTime:0.004429s ]

[ 2018-02-14T23:55:25+08:00 ] ::1 /5dangpai.com/index.php/Home/Text/index
INFO: [ app_init ] --START--
INFO: Run Behavior\BuildLiteBehavior [ RunTime:0.000162s ]
INFO: [ app_init ] --END-- [ RunTime:0.003310s ]
INFO: [ app_begin ] --START--
INFO: Run Behavior\ReadHtmlCacheBehavior [ RunTime:0.002974s ]
INFO: [ app_begin ] --END-- [ RunTime:0.003803s ]
NOTIC: [8192] mysql_connect(): The mysql extension is deprecated and will be removed in the future: use mysqli or PDO instead D:\sougou\wamp\www\5dangpai.com\ThinkPHP\Library\Think\Db\Driver\Mysql.class.php 第 52 行.
SQL: SHOW COLUMNS FROM `dang_post` [ RunTime:0.019943s ]
SQL: SELECT COUNT(*) AS tp_count FROM `dang_post` LIMIT 1   [ RunTime:0.000778s ]
SQL:  select *  from dang_post,dang_user where dang_post.uid = dang_user.id and dang_post.type=1 limit 0,5 [ RunTime:0.002245s ]
INFO: [ view_parse ] --START--
INFO: [ template_filter ] --START--
INFO: Run Behavior\ContentReplaceBehavior [ RunTime:0.000485s ]
INFO: [ template_filter ] --END-- [ RunTime:0.001629s ]
INFO: [ view_parse ] --START--
INFO: [ template_filter ] --START--
INFO: Run Behavior\ContentReplaceBehavior [ RunTime:0.000515s ]
INFO: [ template_filter ] --END-- [ RunTime:-0.030549s ]
INFO: Run Behavior\ParseTemplateBehavior [ RunTime:0.025425s ]
INFO: [ view_parse ] --END-- [ RunTime:0.026277s ]
INFO: [ view_filter ] --START--
INFO: Run Behavior\WriteHtmlCacheBehavior [ RunTime:0.001899s ]
INFO: [ view_filter ] --END-- [ RunTime:0.002660s ]
INFO: [ view_parse ] --START--
INFO: [ template_filter ] --START--
INFO: Run Behavior\ContentReplaceBehavior [ RunTime:0.000347s ]
INFO: [ template_filter ] --END-- [ RunTime:-0.058662s ]
INFO: Run Behavior\ParseTemplateBehavior [ RunTime:0.019547s ]
INFO: [ view_parse ] --END-- [ RunTime:-0.005745s ]
INFO: [ view_filter ] --START--
INFO: Run Behavior\WriteHtmlCacheBehavior [ RunTime:0.000215s ]
INFO: [ view_filter ] --END-- [ RunTime:-0.023450s ]
INFO: Run Behavior\ParseTemplateBehavior [ RunTime:0.022273s ]
INFO: [ view_parse ] --END-- [ RunTime:-0.005745s ]
INFO: [ view_filter ] --START--
INFO: Run Behavior\WriteHtmlCacheBehavior [ RunTime:0.000199s ]
INFO: [ view_filter ] --END-- [ RunTime:-0.026180s ]
INFO: [ app_end ] --START--
INFO: Run Behavior\ShowPageTraceBehavior [ RunTime:0.003214s ]
INFO: [ app_end ] --END-- [ RunTime:0.004059s ]

