[ 2018-01-24T23:30:05+08:00 ] ::1 /5dangpai.com/
INFO: [ app_init ] --START--
INFO: Run Behavior\BuildLiteBehavior [ RunTime:0.000164s ]
INFO: [ app_init ] --END-- [ RunTime:0.003336s ]
INFO: [ app_begin ] --START--
INFO: Run Behavior\ReadHtmlCacheBehavior [ RunTime:0.003891s ]
INFO: [ app_begin ] --END-- [ RunTime:0.004837s ]
ERR: 无法加载控制器:Index

[ 2018-01-24T23:30:21+08:00 ] ::1 /5dangpai.com/index.php/home/text/
INFO: [ app_init ] --START--
INFO: Run Behavior\BuildLiteBehavior [ RunTime:0.000157s ]
INFO: [ app_init ] --END-- [ RunTime:0.002673s ]
INFO: [ app_begin ] --START--
INFO: Run Behavior\ReadHtmlCacheBehavior [ RunTime:0.003167s ]
INFO: [ app_begin ] --END-- [ RunTime:0.004842s ]
NOTIC: [8192] mysql_connect(): The mysql extension is deprecated and will be removed in the future: use mysqli or PDO instead D:\sougou\wamp\www\5dangpai.com\ThinkPHP\Library\Think\Db\Driver\Mysql.class.php 第 52 行.
SQL: SHOW COLUMNS FROM `dang_post` [ RunTime:0.024872s ]
SQL: SELECT COUNT(*) AS tp_count FROM `dang_post` LIMIT 1   [ RunTime:0.001480s ]
SQL: SELECT * FROM `dang_post` LIMIT 5   [ RunTime:0.001906s ]
INFO: [ view_parse ] --START--
INFO: [ template_filter ] --START--
INFO: Run Behavior\ContentReplaceBehavior [ RunTime:0.000524s ]
INFO: [ template_filter ] --END-- [ RunTime:0.001342s ]
INFO: [ view_parse ] --START--
INFO: [ template_filter ] --START--
INFO: Run Behavior\ContentReplaceBehavior [ RunTime:0.000360s ]
INFO: [ template_filter ] --END-- [ RunTime:-0.030774s ]
INFO: Run Behavior\ParseTemplateBehavior [ RunTime:0.018713s ]
INFO: [ view_parse ] --END-- [ RunTime:0.019556s ]
INFO: [ view_filter ] --START--
INFO: Run Behavior\WriteHtmlCacheBehavior [ RunTime:0.005988s ]
INFO: [ view_filter ] --END-- [ RunTime:0.006797s ]
INFO: [ view_parse ] --START--
INFO: [ template_filter ] --START--
INFO: Run Behavior\ContentReplaceBehavior [ RunTime:0.000745s ]
INFO: [ template_filter ] --END-- [ RunTime:-0.059119s ]
INFO: Run Behavior\ParseTemplateBehavior [ RunTime:0.018892s ]
INFO: [ view_parse ] --END-- [ RunTime:-0.010077s ]
INFO: [ view_filter ] --START--
INFO: Run Behavior\WriteHtmlCacheBehavior [ RunTime:0.000219s ]
INFO: [ view_filter ] --END-- [ RunTime:-0.023060s ]
INFO: Run Behavior\ParseTemplateBehavior [ RunTime:0.021576s ]
INFO: [ view_parse ] --END-- [ RunTime:-0.010077s ]
INFO: [ view_filter ] --START--
INFO: Run Behavior\WriteHtmlCacheBehavior [ RunTime:0.000210s ]
INFO: [ view_filter ] --END-- [ RunTime:-0.026549s ]
INFO: [ app_end ] --START--
INFO: Run Behavior\ShowPageTraceBehavior [ RunTime:0.004333s ]
INFO: [ app_end ] --END-- [ RunTime:0.005198s ]

[ 2018-01-24T23:31:44+08:00 ] ::1 /5dangpai.com/index.php/Home/Text/index/p/3.html
INFO: [ app_init ] --START--
INFO: Run Behavior\BuildLiteBehavior [ RunTime:0.000158s ]
INFO: [ app_init ] --END-- [ RunTime:0.002852s ]
INFO: [ app_begin ] --START--
INFO: Run Behavior\ReadHtmlCacheBehavior [ RunTime:0.003311s ]
INFO: [ app_begin ] --END-- [ RunTime:0.004878s ]
NOTIC: [8192] mysql_connect(): The mysql extension is deprecated and will be removed in the future: use mysqli or PDO instead D:\sougou\wamp\www\5dangpai.com\ThinkPHP\Library\Think\Db\Driver\Mysql.class.php 第 52 行.
SQL: SHOW COLUMNS FROM `dang_post` [ RunTime:0.034559s ]
SQL: SELECT COUNT(*) AS tp_count FROM `dang_post` LIMIT 1   [ RunTime:0.001098s ]
SQL: SELECT * FROM `dang_post` LIMIT 5   [ RunTime:0.001510s ]
INFO: [ view_parse ] --START--
INFO: [ template_filter ] --START--
INFO: Run Behavior\ContentReplaceBehavior [ RunTime:0.000527s ]
INFO: [ template_filter ] --END-- [ RunTime:0.001320s ]
INFO: [ view_parse ] --START--
INFO: [ template_filter ] --START--
INFO: Run Behavior\ContentReplaceBehavior [ RunTime:0.000390s ]
INFO: [ template_filter ] --END-- [ RunTime:-0.026137s ]
INFO: Run Behavior\ParseTemplateBehavior [ RunTime:0.017957s ]
INFO: [ view_parse ] --END-- [ RunTime:0.018864s ]
INFO: [ view_filter ] --START--
INFO: Run Behavior\WriteHtmlCacheBehavior [ RunTime:0.002469s ]
INFO: [ view_filter ] --END-- [ RunTime:0.003295s ]
INFO: [ view_parse ] --START--
INFO: [ template_filter ] --START--
INFO: Run Behavior\ContentReplaceBehavior [ RunTime:0.000380s ]
INFO: [ template_filter ] --END-- [ RunTime:-0.051307s ]
INFO: Run Behavior\ParseTemplateBehavior [ RunTime:0.017320s ]
INFO: [ view_parse ] --END-- [ RunTime:-0.006469s ]
INFO: [ view_filter ] --START--
INFO: Run Behavior\WriteHtmlCacheBehavior [ RunTime:0.000241s ]
INFO: [ view_filter ] --END-- [ RunTime:-0.021318s ]
INFO: Run Behavior\ParseTemplateBehavior [ RunTime:0.020065s ]
INFO: [ view_parse ] --END-- [ RunTime:-0.006469s ]
INFO: [ view_filter ] --START--
INFO: Run Behavior\WriteHtmlCacheBehavior [ RunTime:0.000204s ]
INFO: [ view_filter ] --END-- [ RunTime:-0.023983s ]
INFO: [ app_end ] --START--
INFO: Run Behavior\ShowPageTraceBehavior [ RunTime:0.003591s ]
INFO: [ app_end ] --END-- [ RunTime:0.004463s ]

[ 2018-01-24T23:31:49+08:00 ] ::1 /5dangpai.com/index.php/Home/Text/index/p/1.html
INFO: [ app_init ] --START--
INFO: Run Behavior\BuildLiteBehavior [ RunTime:0.000170s ]
INFO: [ app_init ] --END-- [ RunTime:0.003491s ]
INFO: [ app_begin ] --START--
INFO: Run Behavior\ReadHtmlCacheBehavior [ RunTime:0.002713s ]
INFO: [ app_begin ] --END-- [ RunTime:0.003489s ]
NOTIC: [8192] mysql_connect(): The mysql extension is deprecated and will be removed in the future: use mysqli or PDO instead D:\sougou\wamp\www\5dangpai.com\ThinkPHP\Library\Think\Db\Driver\Mysql.class.php 第 52 行.
SQL: SHOW COLUMNS FROM `dang_post` [ RunTime:0.034224s ]
SQL: SELECT COUNT(*) AS tp_count FROM `dang_post` LIMIT 1   [ RunTime:0.001341s ]
SQL: SELECT * FROM `dang_post` LIMIT 5   [ RunTime:0.001717s ]
INFO: [ view_parse ] --START--
INFO: [ template_filter ] --START--
INFO: Run Behavior\ContentReplaceBehavior [ RunTime:0.000528s ]
INFO: [ template_filter ] --END-- [ RunTime:0.001325s ]
INFO: [ view_parse ] --START--
INFO: [ template_filter ] --START--
INFO: Run Behavior\ContentReplaceBehavior [ RunTime:0.000383s ]
INFO: [ template_filter ] --END-- [ RunTime:-0.029583s ]
INFO: Run Behavior\ParseTemplateBehavior [ RunTime:0.019302s ]
INFO: [ view_parse ] --END-- [ RunTime:0.020441s ]
INFO: [ view_filter ] --START--
INFO: Run Behavior\WriteHtmlCacheBehavior [ RunTime:0.003159s ]
INFO: [ view_filter ] --END-- [ RunTime:0.004197s ]
INFO: [ view_parse ] --START--
INFO: [ template_filter ] --START--
INFO: Run Behavior\ContentReplaceBehavior [ RunTime:0.000378s ]
INFO: [ template_filter ] --END-- [ RunTime:-0.058763s ]
INFO: Run Behavior\ParseTemplateBehavior [ RunTime:0.019343s ]
INFO: [ view_parse ] --END-- [ RunTime:-0.009524s ]
INFO: [ view_filter ] --START--
INFO: Run Behavior\WriteHtmlCacheBehavior [ RunTime:0.000286s ]
INFO: [ view_filter ] --END-- [ RunTime:-0.025455s ]
INFO: Run Behavior\ParseTemplateBehavior [ RunTime:0.023155s ]
INFO: [ view_parse ] --END-- [ RunTime:-0.009524s ]
INFO: [ view_filter ] --START--
INFO: Run Behavior\WriteHtmlCacheBehavior [ RunTime:0.000214s ]
INFO: [ view_filter ] --END-- [ RunTime:-0.029041s ]
INFO: [ app_end ] --START--
INFO: Run Behavior\ShowPageTraceBehavior [ RunTime:0.003466s ]
INFO: [ app_end ] --END-- [ RunTime:0.005552s ]

[ 2018-01-24T23:32:55+08:00 ] ::1 /5dangpai.com/index.php/Home/Text/index/p/2.html
INFO: [ app_init ] --START--
INFO: Run Behavior\BuildLiteBehavior [ RunTime:0.000162s ]
INFO: [ app_init ] --END-- [ RunTime:0.003045s ]
INFO: [ app_begin ] --START--
INFO: Run Behavior\ReadHtmlCacheBehavior [ RunTime:0.004937s ]
INFO: [ app_begin ] --END-- [ RunTime:0.005758s ]
NOTIC: [8192] mysql_connect(): The mysql extension is deprecated and will be removed in the future: use mysqli or PDO instead D:\sougou\wamp\www\5dangpai.com\ThinkPHP\Library\Think\Db\Driver\Mysql.class.php 第 52 行.
SQL: SHOW COLUMNS FROM `dang_post` [ RunTime:0.021686s ]
SQL: SELECT COUNT(*) AS tp_count FROM `dang_post` LIMIT 1   [ RunTime:0.000802s ]
SQL: SELECT * FROM `dang_post` LIMIT 5   [ RunTime:0.001881s ]
INFO: [ view_parse ] --START--
INFO: [ template_filter ] --START--
INFO: Run Behavior\ContentReplaceBehavior [ RunTime:0.000677s ]
INFO: [ template_filter ] --END-- [ RunTime:0.001527s ]
INFO: [ view_parse ] --START--
INFO: [ template_filter ] --START--
INFO: Run Behavior\ContentReplaceBehavior [ RunTime:0.000362s ]
INFO: [ template_filter ] --END-- [ RunTime:-0.027624s ]
INFO: Run Behavior\ParseTemplateBehavior [ RunTime:0.017153s ]
INFO: [ view_parse ] --END-- [ RunTime:0.018294s ]
INFO: [ view_filter ] --START--
INFO: Run Behavior\WriteHtmlCacheBehavior [ RunTime:0.002773s ]
INFO: [ view_filter ] --END-- [ RunTime:0.003822s ]
INFO: [ view_parse ] --START--
INFO: [ template_filter ] --START--
INFO: Run Behavior\ContentReplaceBehavior [ RunTime:0.000353s ]
INFO: [ template_filter ] --END-- [ RunTime:-0.050564s ]
INFO: Run Behavior\ParseTemplateBehavior [ RunTime:0.016041s ]
INFO: [ view_parse ] --END-- [ RunTime:-0.006897s ]
INFO: [ view_filter ] --START--
INFO: Run Behavior\WriteHtmlCacheBehavior [ RunTime:0.000216s ]
INFO: [ view_filter ] --END-- [ RunTime:-0.019935s ]
INFO: Run Behavior\ParseTemplateBehavior [ RunTime:0.018605s ]
INFO: [ view_parse ] --END-- [ RunTime:-0.006897s ]
INFO: [ view_filter ] --START--
INFO: Run Behavior\WriteHtmlCacheBehavior [ RunTime:0.000197s ]
INFO: [ view_filter ] --END-- [ RunTime:-0.022458s ]
INFO: [ app_end ] --START--
INFO: Run Behavior\ShowPageTraceBehavior [ RunTime:0.003155s ]
INFO: [ app_end ] --END-- [ RunTime:0.004306s ]

[ 2018-01-24T23:33:41+08:00 ] ::1 /5dangpai.com/index.php/Home/Text/index/p/2.html
INFO: [ app_init ] --START--
INFO: Run Behavior\BuildLiteBehavior [ RunTime:0.000155s ]
INFO: [ app_init ] --END-- [ RunTime:0.002364s ]
INFO: [ app_begin ] --START--
INFO: Run Behavior\ReadHtmlCacheBehavior [ RunTime:0.002633s ]
INFO: [ app_begin ] --END-- [ RunTime:0.003420s ]
NOTIC: [8192] mysql_connect(): The mysql extension is deprecated and will be removed in the future: use mysqli or PDO instead D:\sougou\wamp\www\5dangpai.com\ThinkPHP\Library\Think\Db\Driver\Mysql.class.php 第 52 行.
SQL: SHOW COLUMNS FROM `dang_post` [ RunTime:0.020122s ]
SQL: SELECT COUNT(*) AS tp_count FROM `dang_post` LIMIT 1   [ RunTime:0.001179s ]
SQL: SELECT * FROM `dang_post` LIMIT 5   [ RunTime:0.001511s ]
INFO: [ view_parse ] --START--
INFO: [ template_filter ] --START--
INFO: Run Behavior\ContentReplaceBehavior [ RunTime:0.000681s ]
INFO: [ template_filter ] --END-- [ RunTime:0.001599s ]
INFO: [ view_parse ] --START--
INFO: [ template_filter ] --START--
INFO: Run Behavior\ContentReplaceBehavior [ RunTime:0.000396s ]
INFO: [ template_filter ] --END-- [ RunTime:-0.023256s ]
INFO: Run Behavior\ParseTemplateBehavior [ RunTime:0.016258s ]
INFO: [ view_parse ] --END-- [ RunTime:0.017099s ]
INFO: [ view_filter ] --START--
INFO: Run Behavior\WriteHtmlCacheBehavior [ RunTime:0.002369s ]
INFO: [ view_filter ] --END-- [ RunTime:0.003490s ]
INFO: [ view_parse ] --START--
INFO: [ template_filter ] --START--
INFO: Run Behavior\ContentReplaceBehavior [ RunTime:0.000382s ]
INFO: [ template_filter ] --END-- [ RunTime:-0.045850s ]
INFO: Run Behavior\ParseTemplateBehavior [ RunTime:0.016127s ]
INFO: [ view_parse ] --END-- [ RunTime:-0.006399s ]
INFO: [ view_filter ] --START--
INFO: Run Behavior\WriteHtmlCacheBehavior [ RunTime:0.000216s ]
INFO: [ view_filter ] --END-- [ RunTime:-0.019868s ]
INFO: Run Behavior\ParseTemplateBehavior [ RunTime:0.018647s ]
INFO: [ view_parse ] --END-- [ RunTime:-0.006399s ]
INFO: [ view_filter ] --START--
INFO: Run Behavior\WriteHtmlCacheBehavior [ RunTime:0.000200s ]
INFO: [ view_filter ] --END-- [ RunTime:-0.022359s ]
INFO: [ app_end ] --START--
INFO: Run Behavior\ShowPageTraceBehavior [ RunTime:0.002718s ]
INFO: [ app_end ] --END-- [ RunTime:0.003515s ]

[ 2018-01-24T23:33:44+08:00 ] ::1 /5dangpai.com/index.php/Home/Text/index/p/2/page/2.html
INFO: [ app_init ] --START--
INFO: Run Behavior\BuildLiteBehavior [ RunTime:0.000157s ]
INFO: [ app_init ] --END-- [ RunTime:0.003357s ]
INFO: [ app_begin ] --START--
INFO: Run Behavior\ReadHtmlCacheBehavior [ RunTime:0.002278s ]
INFO: [ app_begin ] --END-- [ RunTime:0.002899s ]
NOTIC: [8192] mysql_connect(): The mysql extension is deprecated and will be removed in the future: use mysqli or PDO instead D:\sougou\wamp\www\5dangpai.com\ThinkPHP\Library\Think\Db\Driver\Mysql.class.php 第 52 行.
SQL: SHOW COLUMNS FROM `dang_post` [ RunTime:0.015809s ]
SQL: SELECT COUNT(*) AS tp_count FROM `dang_post` LIMIT 1   [ RunTime:0.000766s ]
SQL: SELECT * FROM `dang_post` LIMIT 5   [ RunTime:0.001369s ]
INFO: [ view_parse ] --START--
INFO: [ template_filter ] --START--
INFO: Run Behavior\ContentReplaceBehavior [ RunTime:0.000491s ]
INFO: [ template_filter ] --END-- [ RunTime:0.001172s ]
INFO: [ view_parse ] --START--
INFO: [ template_filter ] --START--
INFO: Run Behavior\ContentReplaceBehavior [ RunTime:0.000361s ]
INFO: [ template_filter ] --END-- [ RunTime:-0.021980s ]
INFO: Run Behavior\ParseTemplateBehavior [ RunTime:0.017306s ]
INFO: [ view_parse ] --END-- [ RunTime:0.018058s ]
INFO: [ view_filter ] --START--
INFO: Run Behavior\WriteHtmlCacheBehavior [ RunTime:0.002438s ]
INFO: [ view_filter ] --END-- [ RunTime:0.003160s ]
INFO: [ view_parse ] --START--
INFO: [ template_filter ] --START--
INFO: Run Behavior\ContentReplaceBehavior [ RunTime:0.000505s ]
INFO: [ template_filter ] --END-- [ RunTime:-0.044306s ]
INFO: Run Behavior\ParseTemplateBehavior [ RunTime:0.014474s ]
INFO: [ view_parse ] --END-- [ RunTime:-0.006298s ]
INFO: [ view_filter ] --START--
INFO: Run Behavior\WriteHtmlCacheBehavior [ RunTime:0.000193s ]
INFO: [ view_filter ] --END-- [ RunTime:-0.018099s ]
INFO: Run Behavior\ParseTemplateBehavior [ RunTime:0.016821s ]
INFO: [ view_parse ] --END-- [ RunTime:-0.006298s ]
INFO: [ view_filter ] --START--
INFO: Run Behavior\WriteHtmlCacheBehavior [ RunTime:0.000177s ]
INFO: [ view_filter ] --END-- [ RunTime:-0.020429s ]
INFO: [ app_end ] --START--
INFO: Run Behavior\ShowPageTraceBehavior [ RunTime:0.002495s ]
INFO: [ app_end ] --END-- [ RunTime:0.003666s ]

[ 2018-01-24T23:33:50+08:00 ] ::1 /5dangpai.com/index.php/Home/Text/index/p/2/page/2.html
INFO: [ app_init ] --START--
INFO: Run Behavior\BuildLiteBehavior [ RunTime:0.000173s ]
INFO: [ app_init ] --END-- [ RunTime:0.002864s ]
INFO: [ app_begin ] --START--
INFO: Run Behavior\ReadHtmlCacheBehavior [ RunTime:0.004056s ]
INFO: [ app_begin ] --END-- [ RunTime:0.007738s ]
NOTIC: [8192] mysql_connect(): The mysql extension is deprecated and will be removed in the future: use mysqli or PDO instead D:\sougou\wamp\www\5dangpai.com\ThinkPHP\Library\Think\Db\Driver\Mysql.class.php 第 52 行.
SQL: SHOW COLUMNS FROM `dang_post` [ RunTime:0.020321s ]
SQL: SELECT COUNT(*) AS tp_count FROM `dang_post` LIMIT 1   [ RunTime:0.001241s ]
SQL: SELECT * FROM `dang_post` LIMIT 5   [ RunTime:0.001563s ]
INFO: [ view_parse ] --START--
INFO: [ template_filter ] --START--
INFO: Run Behavior\ContentReplaceBehavior [ RunTime:0.000521s ]
INFO: [ template_filter ] --END-- [ RunTime:0.001357s ]
INFO: [ view_parse ] --START--
INFO: [ template_filter ] --START--
INFO: Run Behavior\ContentReplaceBehavior [ RunTime:0.000402s ]
INFO: [ template_filter ] --END-- [ RunTime:-0.027000s ]
INFO: Run Behavior\ParseTemplateBehavior [ RunTime:0.018211s ]
INFO: [ view_parse ] --END-- [ RunTime:0.019062s ]
INFO: [ view_filter ] --START--
INFO: Run Behavior\WriteHtmlCacheBehavior [ RunTime:0.001640s ]
INFO: [ view_filter ] --END-- [ RunTime:0.002411s ]
INFO: [ view_parse ] --START--
INFO: [ template_filter ] --START--
INFO: Run Behavior\ContentReplaceBehavior [ RunTime:0.000375s ]
INFO: [ template_filter ] --END-- [ RunTime:-0.050498s ]
INFO: Run Behavior\ParseTemplateBehavior [ RunTime:0.016740s ]
INFO: [ view_parse ] --END-- [ RunTime:-0.006912s ]
INFO: [ view_filter ] --START--
INFO: Run Behavior\WriteHtmlCacheBehavior [ RunTime:0.000238s ]
INFO: [ view_filter ] --END-- [ RunTime:-0.022599s ]
INFO: Run Behavior\ParseTemplateBehavior [ RunTime:0.019724s ]
INFO: [ view_parse ] --END-- [ RunTime:-0.006912s ]
INFO: [ view_filter ] --START--
INFO: Run Behavior\WriteHtmlCacheBehavior [ RunTime:0.000215s ]
INFO: [ view_filter ] --END-- [ RunTime:-0.025543s ]
INFO: [ app_end ] --START--
INFO: Run Behavior\ShowPageTraceBehavior [ RunTime:0.004651s ]
INFO: [ app_end ] --END-- [ RunTime:0.005559s ]

[ 2018-01-24T23:34:04+08:00 ] ::1 /5dangpai.com/index.php/Home/Text/index/p/2/page/1.html
INFO: [ app_init ] --START--
INFO: Run Behavior\BuildLiteBehavior [ RunTime:0.000160s ]
INFO: [ app_init ] --END-- [ RunTime:0.005018s ]
INFO: [ app_begin ] --START--
INFO: Run Behavior\ReadHtmlCacheBehavior [ RunTime:0.003104s ]
INFO: [ app_begin ] --END-- [ RunTime:0.003881s ]
NOTIC: [8192] mysql_connect(): The mysql extension is deprecated and will be removed in the future: use mysqli or PDO instead D:\sougou\wamp\www\5dangpai.com\ThinkPHP\Library\Think\Db\Driver\Mysql.class.php 第 52 行.
SQL: SHOW COLUMNS FROM `dang_post` [ RunTime:0.017989s ]
SQL: SELECT COUNT(*) AS tp_count FROM `dang_post` LIMIT 1   [ RunTime:0.001373s ]
SQL: SELECT * FROM `dang_post` LIMIT 5   [ RunTime:0.001426s ]
INFO: [ view_parse ] --START--
INFO: [ template_filter ] --START--
INFO: Run Behavior\ContentReplaceBehavior [ RunTime:0.000515s ]
INFO: [ template_filter ] --END-- [ RunTime:0.001713s ]
INFO: [ view_parse ] --START--
INFO: [ template_filter ] --START--
INFO: Run Behavior\ContentReplaceBehavior [ RunTime:0.000354s ]
INFO: [ template_filter ] --END-- [ RunTime:-0.025200s ]
INFO: Run Behavior\ParseTemplateBehavior [ RunTime:0.018503s ]
INFO: [ view_parse ] --END-- [ RunTime:0.019171s ]
INFO: [ view_filter ] --START--
INFO: Run Behavior\WriteHtmlCacheBehavior [ RunTime:0.003378s ]
INFO: [ view_filter ] --END-- [ RunTime:0.004105s ]
INFO: [ view_parse ] --START--
INFO: [ template_filter ] --START--
INFO: Run Behavior\ContentReplaceBehavior [ RunTime:0.002523s ]
INFO: [ template_filter ] --END-- [ RunTime:-0.048018s ]
INFO: Run Behavior\ParseTemplateBehavior [ RunTime:0.017212s ]
INFO: [ view_parse ] --END-- [ RunTime:-0.006773s ]
INFO: [ view_filter ] --START--
INFO: Run Behavior\WriteHtmlCacheBehavior [ RunTime:0.000194s ]
INFO: [ view_filter ] --END-- [ RunTime:-0.020486s ]
INFO: Run Behavior\ParseTemplateBehavior [ RunTime:0.019189s ]
INFO: [ view_parse ] --END-- [ RunTime:-0.006773s ]
INFO: [ view_filter ] --START--
INFO: Run Behavior\WriteHtmlCacheBehavior [ RunTime:0.000183s ]
INFO: [ view_filter ] --END-- [ RunTime:-0.022504s ]
INFO: [ app_end ] --START--
INFO: Run Behavior\ShowPageTraceBehavior [ RunTime:0.002719s ]
INFO: [ app_end ] --END-- [ RunTime:0.003340s ]

[ 2018-01-24T23:34:14+08:00 ] ::1 /5dangpai.com/index.php/Home/Text/index/
INFO: [ app_init ] --START--
INFO: Run Behavior\BuildLiteBehavior [ RunTime:0.000165s ]
INFO: [ app_init ] --END-- [ RunTime:0.002633s ]
INFO: [ app_begin ] --START--
INFO: Run Behavior\ReadHtmlCacheBehavior [ RunTime:0.003426s ]
INFO: [ app_begin ] --END-- [ RunTime:0.004322s ]
NOTIC: [8192] mysql_connect(): The mysql extension is deprecated and will be removed in the future: use mysqli or PDO instead D:\sougou\wamp\www\5dangpai.com\ThinkPHP\Library\Think\Db\Driver\Mysql.class.php 第 52 行.
SQL: SHOW COLUMNS FROM `dang_post` [ RunTime:0.033700s ]
SQL: SELECT COUNT(*) AS tp_count FROM `dang_post` LIMIT 1   [ RunTime:0.000748s ]
SQL: SELECT * FROM `dang_post` LIMIT 5   [ RunTime:0.001751s ]
INFO: [ view_parse ] --START--
INFO: [ template_filter ] --START--
INFO: Run Behavior\ContentReplaceBehavior [ RunTime:0.000480s ]
INFO: [ template_filter ] --END-- [ RunTime:0.001277s ]
INFO: [ view_parse ] --START--
INFO: [ template_filter ] --START--
INFO: Run Behavior\ContentReplaceBehavior [ RunTime:0.000363s ]
INFO: [ template_filter ] --END-- [ RunTime:-0.023959s ]
INFO: Run Behavior\ParseTemplateBehavior [ RunTime:0.016223s ]
INFO: [ view_parse ] --END-- [ RunTime:0.017078s ]
INFO: [ view_filter ] --START--
INFO: Run Behavior\WriteHtmlCacheBehavior [ RunTime:0.001795s ]
INFO: [ view_filter ] --END-- [ RunTime:0.002580s ]
INFO: [ view_parse ] --START--
INFO: [ template_filter ] --START--
INFO: Run Behavior\ContentReplaceBehavior [ RunTime:0.000339s ]
INFO: [ template_filter ] --END-- [ RunTime:-0.046207s ]
INFO: Run Behavior\ParseTemplateBehavior [ RunTime:0.015119s ]
INFO: [ view_parse ] --END-- [ RunTime:-0.005525s ]
INFO: [ view_filter ] --START--
INFO: Run Behavior\WriteHtmlCacheBehavior [ RunTime:0.000203s ]
INFO: [ view_filter ] --END-- [ RunTime:-0.018948s ]
INFO: Run Behavior\ParseTemplateBehavior [ RunTime:0.017772s ]
INFO: [ view_parse ] --END-- [ RunTime:-0.005525s ]
INFO: [ view_filter ] --START--
INFO: Run Behavior\WriteHtmlCacheBehavior [ RunTime:0.000192s ]
INFO: [ view_filter ] --END-- [ RunTime:-0.021448s ]
INFO: [ app_end ] --START--
INFO: Run Behavior\ShowPageTraceBehavior [ RunTime:0.003421s ]
INFO: [ app_end ] --END-- [ RunTime:0.004313s ]

[ 2018-01-24T23:34:23+08:00 ] ::1 /5dangpai.com/index.php/Home/Text/index/page/2.html
INFO: [ app_init ] --START--
INFO: Run Behavior\BuildLiteBehavior [ RunTime:0.000177s ]
INFO: [ app_init ] --END-- [ RunTime:0.003252s ]
INFO: [ app_begin ] --START--
INFO: Run Behavior\ReadHtmlCacheBehavior [ RunTime:0.004602s ]
INFO: [ app_begin ] --END-- [ RunTime:0.005494s ]
NOTIC: [8192] mysql_connect(): The mysql extension is deprecated and will be removed in the future: use mysqli or PDO instead D:\sougou\wamp\www\5dangpai.com\ThinkPHP\Library\Think\Db\Driver\Mysql.class.php 第 52 行.
SQL: SHOW COLUMNS FROM `dang_post` [ RunTime:0.034559s ]
SQL: SELECT COUNT(*) AS tp_count FROM `dang_post` LIMIT 1   [ RunTime:0.001184s ]
SQL: SELECT * FROM `dang_post` LIMIT 5   [ RunTime:0.001850s ]
INFO: [ view_parse ] --START--
INFO: [ template_filter ] --START--
INFO: Run Behavior\ContentReplaceBehavior [ RunTime:0.000468s ]
INFO: [ template_filter ] --END-- [ RunTime:0.001225s ]
INFO: [ view_parse ] --START--
INFO: [ template_filter ] --START--
INFO: Run Behavior\ContentReplaceBehavior [ RunTime:0.000336s ]
INFO: [ template_filter ] --END-- [ RunTime:-0.022427s ]
INFO: Run Behavior\ParseTemplateBehavior [ RunTime:0.015231s ]
INFO: [ view_parse ] --END-- [ RunTime:0.016034s ]
INFO: [ view_filter ] --START--
INFO: Run Behavior\WriteHtmlCacheBehavior [ RunTime:0.001572s ]
INFO: [ view_filter ] --END-- [ RunTime:0.002304s ]
INFO: [ view_parse ] --START--
INFO: [ template_filter ] --START--
INFO: Run Behavior\ContentReplaceBehavior [ RunTime:0.000311s ]
INFO: [ template_filter ] --END-- [ RunTime:-0.045448s ]
INFO: Run Behavior\ParseTemplateBehavior [ RunTime:0.018933s ]
INFO: [ view_parse ] --END-- [ RunTime:-0.006102s ]
INFO: [ view_filter ] --START--
INFO: Run Behavior\WriteHtmlCacheBehavior [ RunTime:0.000178s ]
INFO: [ view_filter ] --END-- [ RunTime:-0.023445s ]
INFO: Run Behavior\ParseTemplateBehavior [ RunTime:0.021967s ]
INFO: [ view_parse ] --END-- [ RunTime:-0.006102s ]
INFO: [ view_filter ] --START--
INFO: Run Behavior\WriteHtmlCacheBehavior [ RunTime:0.000175s ]
INFO: [ view_filter ] --END-- [ RunTime:-0.026468s ]
INFO: [ app_end ] --START--
INFO: Run Behavior\ShowPageTraceBehavior [ RunTime:0.002409s ]
INFO: [ app_end ] --END-- [ RunTime:0.003133s ]

[ 2018-01-24T23:37:11+08:00 ] ::1 /5dangpai.com/index.php/Home/Text/index/
INFO: [ app_init ] --START--
INFO: Run Behavior\BuildLiteBehavior [ RunTime:0.000175s ]
INFO: [ app_init ] --END-- [ RunTime:0.003103s ]
INFO: [ app_begin ] --START--
INFO: Run Behavior\ReadHtmlCacheBehavior [ RunTime:0.003216s ]
INFO: [ app_begin ] --END-- [ RunTime:0.004046s ]
NOTIC: [8192] mysql_connect(): The mysql extension is deprecated and will be removed in the future: use mysqli or PDO instead D:\sougou\wamp\www\5dangpai.com\ThinkPHP\Library\Think\Db\Driver\Mysql.class.php 第 52 行.
SQL: SHOW COLUMNS FROM `dang_post` [ RunTime:0.087908s ]
SQL: SELECT COUNT(*) AS tp_count FROM `dang_post` LIMIT 1   [ RunTime:0.000938s ]
SQL: SELECT * FROM `dang_post` LIMIT 5   [ RunTime:0.001951s ]
INFO: [ view_parse ] --START--
INFO: [ template_filter ] --START--
INFO: Run Behavior\ContentReplaceBehavior [ RunTime:0.000572s ]
INFO: [ template_filter ] --END-- [ RunTime:0.001495s ]
INFO: [ view_parse ] --START--
INFO: [ template_filter ] --START--
INFO: Run Behavior\ContentReplaceBehavior [ RunTime:0.000387s ]
INFO: [ template_filter ] --END-- [ RunTime:-0.033551s ]
INFO: Run Behavior\ParseTemplateBehavior [ RunTime:0.024021s ]
INFO: [ view_parse ] --END-- [ RunTime:0.025085s ]
INFO: [ view_filter ] --START--
INFO: Run Behavior\WriteHtmlCacheBehavior [ RunTime:0.003074s ]
INFO: [ view_filter ] --END-- [ RunTime:0.004227s ]
INFO: [ view_parse ] --START--
INFO: [ template_filter ] --START--
INFO: Run Behavior\ContentReplaceBehavior [ RunTime:0.000385s ]
INFO: [ template_filter ] --END-- [ RunTime:-0.068288s ]
INFO: Run Behavior\ParseTemplateBehavior [ RunTime:0.024904s ]
INFO: [ view_parse ] --END-- [ RunTime:-0.007885s ]
INFO: [ view_filter ] --START--
INFO: Run Behavior\WriteHtmlCacheBehavior [ RunTime:0.000277s ]
INFO: [ view_filter ] --END-- [ RunTime:-0.029450s ]
INFO: Run Behavior\ParseTemplateBehavior [ RunTime:0.027712s ]
INFO: [ view_parse ] --END-- [ RunTime:-0.007885s ]
INFO: [ view_filter ] --START--
INFO: Run Behavior\WriteHtmlCacheBehavior [ RunTime:0.000199s ]
INFO: [ view_filter ] --END-- [ RunTime:-0.032181s ]
INFO: [ app_end ] --START--
INFO: Run Behavior\ShowPageTraceBehavior [ RunTime:0.006680s ]
INFO: [ app_end ] --END-- [ RunTime:0.007793s ]

[ 2018-01-24T23:37:19+08:00 ] ::1 /5dangpai.com/index.php/Home/Text/index/page/2.html
INFO: [ app_init ] --START--
INFO: Run Behavior\BuildLiteBehavior [ RunTime:0.000168s ]
INFO: [ app_init ] --END-- [ RunTime:0.003717s ]
INFO: [ app_begin ] --START--
INFO: Run Behavior\ReadHtmlCacheBehavior [ RunTime:0.002811s ]
INFO: [ app_begin ] --END-- [ RunTime:0.008973s ]
NOTIC: [8192] mysql_connect(): The mysql extension is deprecated and will be removed in the future: use mysqli or PDO instead D:\sougou\wamp\www\5dangpai.com\ThinkPHP\Library\Think\Db\Driver\Mysql.class.php 第 52 行.
SQL: SHOW COLUMNS FROM `dang_post` [ RunTime:0.021983s ]
SQL: SELECT COUNT(*) AS tp_count FROM `dang_post` LIMIT 1   [ RunTime:0.000922s ]
SQL: SELECT * FROM `dang_post` LIMIT 5   [ RunTime:0.001598s ]
INFO: [ view_parse ] --START--
INFO: [ template_filter ] --START--
INFO: Run Behavior\ContentReplaceBehavior [ RunTime:0.000463s ]
INFO: [ template_filter ] --END-- [ RunTime:0.001205s ]
INFO: [ view_parse ] --START--
INFO: [ template_filter ] --START--
INFO: Run Behavior\ContentReplaceBehavior [ RunTime:0.000517s ]
INFO: [ template_filter ] --END-- [ RunTime:-0.027923s ]
INFO: Run Behavior\ParseTemplateBehavior [ RunTime:0.015829s ]
INFO: [ view_parse ] --END-- [ RunTime:0.016602s ]
INFO: [ view_filter ] --START--
INFO: Run Behavior\WriteHtmlCacheBehavior [ RunTime:0.001740s ]
INFO: [ view_filter ] --END-- [ RunTime:0.002448s ]
INFO: [ view_parse ] --START--
INFO: [ template_filter ] --START--
INFO: Run Behavior\ContentReplaceBehavior [ RunTime:0.000314s ]
INFO: [ template_filter ] --END-- [ RunTime:-0.051781s ]
INFO: Run Behavior\ParseTemplateBehavior [ RunTime:0.017648s ]
INFO: [ view_parse ] --END-- [ RunTime:-0.005528s ]
INFO: [ view_filter ] --START--
INFO: Run Behavior\WriteHtmlCacheBehavior [ RunTime:0.000195s ]
INFO: [ view_filter ] --END-- [ RunTime:-0.021767s ]
INFO: Run Behavior\ParseTemplateBehavior [ RunTime:0.020374s ]
INFO: [ view_parse ] --END-- [ RunTime:-0.005528s ]
INFO: [ view_filter ] --START--
INFO: Run Behavior\WriteHtmlCacheBehavior [ RunTime:0.000194s ]
INFO: [ view_filter ] --END-- [ RunTime:-0.024598s ]
INFO: [ app_end ] --START--
INFO: Run Behavior\ShowPageTraceBehavior [ RunTime:0.003246s ]
INFO: [ app_end ] --END-- [ RunTime:0.004005s ]

[ 2018-01-24T23:37:24+08:00 ] ::1 /5dangpai.com/index.php/Home/Text/index/page/3.html
INFO: [ app_init ] --START--
INFO: Run Behavior\BuildLiteBehavior [ RunTime:0.000102s ]
INFO: [ app_init ] --END-- [ RunTime:0.001781s ]
INFO: [ app_begin ] --START--
INFO: Run Behavior\ReadHtmlCacheBehavior [ RunTime:0.001787s ]
INFO: [ app_begin ] --END-- [ RunTime:0.002290s ]
NOTIC: [8192] mysql_connect(): The mysql extension is deprecated and will be removed in the future: use mysqli or PDO instead D:\sougou\wamp\www\5dangpai.com\ThinkPHP\Library\Think\Db\Driver\Mysql.class.php 第 52 行.
SQL: SHOW COLUMNS FROM `dang_post` [ RunTime:0.014070s ]
SQL: SELECT COUNT(*) AS tp_count FROM `dang_post` LIMIT 1   [ RunTime:0.000771s ]
SQL: SELECT * FROM `dang_post` LIMIT 5   [ RunTime:0.001369s ]
INFO: [ view_parse ] --START--
INFO: [ template_filter ] --START--
INFO: Run Behavior\ContentReplaceBehavior [ RunTime:0.000385s ]
INFO: [ template_filter ] --END-- [ RunTime:0.001062s ]
INFO: [ view_parse ] --START--
INFO: [ template_filter ] --START--
INFO: Run Behavior\ContentReplaceBehavior [ RunTime:0.000301s ]
INFO: [ template_filter ] --END-- [ RunTime:-0.020193s ]
INFO: Run Behavior\ParseTemplateBehavior [ RunTime:0.016091s ]
INFO: [ view_parse ] --END-- [ RunTime:0.016749s ]
INFO: [ view_filter ] --START--
INFO: Run Behavior\WriteHtmlCacheBehavior [ RunTime:0.001561s ]
INFO: [ view_filter ] --END-- [ RunTime:0.002092s ]
INFO: [ view_parse ] --START--
INFO: [ template_filter ] --START--
INFO: Run Behavior\ContentReplaceBehavior [ RunTime:0.000269s ]
INFO: [ template_filter ] --END-- [ RunTime:-0.046979s ]
INFO: Run Behavior\ParseTemplateBehavior [ RunTime:0.017633s ]
INFO: [ view_parse ] --END-- [ RunTime:-0.009606s ]
INFO: [ view_filter ] --START--
INFO: Run Behavior\WriteHtmlCacheBehavior [ RunTime:0.000187s ]
INFO: [ view_filter ] --END-- [ RunTime:-0.027470s ]
INFO: Run Behavior\ParseTemplateBehavior [ RunTime:0.020166s ]
INFO: [ view_parse ] --END-- [ RunTime:-0.009606s ]
INFO: [ view_filter ] --START--
INFO: Run Behavior\WriteHtmlCacheBehavior [ RunTime:0.000151s ]
INFO: [ view_filter ] --END-- [ RunTime:-0.029892s ]
INFO: [ app_end ] --START--
INFO: Run Behavior\ShowPageTraceBehavior [ RunTime:0.018210s ]
INFO: [ app_end ] --END-- [ RunTime:0.019026s ]

[ 2018-01-24T23:37:29+08:00 ] ::1 /5dangpai.com/index.php/Home/Text/index/page/1.html
INFO: [ app_init ] --START--
INFO: Run Behavior\BuildLiteBehavior [ RunTime:0.000129s ]
INFO: [ app_init ] --END-- [ RunTime:0.002339s ]
INFO: [ app_begin ] --START--
INFO: Run Behavior\ReadHtmlCacheBehavior [ RunTime:0.002384s ]
INFO: [ app_begin ] --END-- [ RunTime:0.003036s ]
NOTIC: [8192] mysql_connect(): The mysql extension is deprecated and will be removed in the future: use mysqli or PDO instead D:\sougou\wamp\www\5dangpai.com\ThinkPHP\Library\Think\Db\Driver\Mysql.class.php 第 52 行.
SQL: SHOW COLUMNS FROM `dang_post` [ RunTime:0.018140s ]
SQL: SELECT COUNT(*) AS tp_count FROM `dang_post` LIMIT 1   [ RunTime:0.001448s ]
SQL: SELECT * FROM `dang_post` LIMIT 5   [ RunTime:0.001534s ]
INFO: [ view_parse ] --START--
INFO: [ template_filter ] --START--
INFO: Run Behavior\ContentReplaceBehavior [ RunTime:0.000384s ]
INFO: [ template_filter ] --END-- [ RunTime:0.001068s ]
INFO: [ view_parse ] --START--
INFO: [ template_filter ] --START--
INFO: Run Behavior\ContentReplaceBehavior [ RunTime:0.000315s ]
INFO: [ template_filter ] --END-- [ RunTime:-0.020569s ]
INFO: Run Behavior\ParseTemplateBehavior [ RunTime:0.015704s ]
INFO: [ view_parse ] --END-- [ RunTime:0.016461s ]
INFO: [ view_filter ] --START--
INFO: Run Behavior\WriteHtmlCacheBehavior [ RunTime:0.001616s ]
INFO: [ view_filter ] --END-- [ RunTime:0.002268s ]
INFO: [ view_parse ] --START--
INFO: [ template_filter ] --START--
INFO: Run Behavior\ContentReplaceBehavior [ RunTime:0.000311s ]
INFO: [ template_filter ] --END-- [ RunTime:-0.045491s ]
INFO: Run Behavior\ParseTemplateBehavior [ RunTime:0.017705s ]
INFO: [ view_parse ] --END-- [ RunTime:-0.004819s ]
INFO: [ view_filter ] --START--
INFO: Run Behavior\WriteHtmlCacheBehavior [ RunTime:0.000199s ]
INFO: [ view_filter ] --END-- [ RunTime:-0.020866s ]
INFO: Run Behavior\ParseTemplateBehavior [ RunTime:0.019796s ]
INFO: [ view_parse ] --END-- [ RunTime:-0.004819s ]
INFO: [ view_filter ] --START--
INFO: Run Behavior\WriteHtmlCacheBehavior [ RunTime:0.000146s ]
INFO: [ view_filter ] --END-- [ RunTime:-0.022904s ]
INFO: [ app_end ] --START--
INFO: Run Behavior\ShowPageTraceBehavior [ RunTime:0.002668s ]
INFO: [ app_end ] --END-- [ RunTime:0.003312s ]

