[ 2018-02-13T12:54:32+08:00 ] ::1 /5dangpai.com/
INFO: [ app_init ] --START--
INFO: Run Behavior\BuildLiteBehavior [ RunTime:0.000165s ]
INFO: [ app_init ] --END-- [ RunTime:0.004641s ]
INFO: [ app_begin ] --START--
INFO: Run Behavior\ReadHtmlCacheBehavior [ RunTime:0.006201s ]
INFO: [ app_begin ] --END-- [ RunTime:0.007257s ]
INFO: [ view_parse ] --START--
INFO: [ template_filter ] --START--
INFO: Run Behavior\ContentReplaceBehavior [ RunTime:0.000586s ]
INFO: [ template_filter ] --END-- [ RunTime:0.001884s ]
INFO: Run Behavior\ParseTemplateBehavior [ RunTime:0.044840s ]
INFO: [ view_parse ] --END-- [ RunTime:0.046084s ]
INFO: [ view_filter ] --START--
INFO: Run Behavior\WriteHtmlCacheBehavior [ RunTime:0.005565s ]
INFO: [ view_filter ] --END-- [ RunTime:0.006408s ]
INFO: [ app_end ] --START--
INFO: Run Behavior\ShowPageTraceBehavior [ RunTime:0.005031s ]
INFO: [ app_end ] --END-- [ RunTime:0.005843s ]

[ 2018-02-13T13:07:56+08:00 ] ::1 /5dangpai.com/index.php/Usercenter/Center/post/uid/1
INFO: [ app_init ] --START--
INFO: Run Behavior\BuildLiteBehavior [ RunTime:0.000157s ]
INFO: [ app_init ] --END-- [ RunTime:0.002592s ]
INFO: [ app_begin ] --START--
INFO: Run Behavior\ReadHtmlCacheBehavior [ RunTime:0.003783s ]
INFO: [ app_begin ] --END-- [ RunTime:0.004674s ]
ERR: 无法加载控制器:Center

[ 2018-02-13T13:08:24+08:00 ] ::1 /5dangpai.com/index.php/Usercenter/Center/post/uid/1
INFO: [ app_init ] --START--
INFO: Run Behavior\BuildLiteBehavior [ RunTime:0.000173s ]
INFO: [ app_init ] --END-- [ RunTime:0.005857s ]
INFO: [ app_begin ] --START--
INFO: Run Behavior\ReadHtmlCacheBehavior [ RunTime:0.006543s ]
INFO: [ app_begin ] --END-- [ RunTime:0.007415s ]
ERR: 无法加载控制器:Center

[ 2018-02-13T13:08:54+08:00 ] ::1 /5dangpai.com/index.php/Usercenter/Center/post/uid/1
INFO: [ app_init ] --START--
INFO: Run Behavior\BuildLiteBehavior [ RunTime:0.000372s ]
INFO: [ app_init ] --END-- [ RunTime:0.002875s ]
INFO: [ app_begin ] --START--
INFO: Run Behavior\ReadHtmlCacheBehavior [ RunTime:0.003169s ]
INFO: [ app_begin ] --END-- [ RunTime:0.003873s ]
ERR: 无法加载控制器:Center

[ 2018-02-13T13:09:02+08:00 ] ::1 /5dangpai.com/index.php/Usercenter/Center
INFO: [ app_init ] --START--
INFO: Run Behavior\BuildLiteBehavior [ RunTime:0.000156s ]
INFO: [ app_init ] --END-- [ RunTime:0.002600s ]
INFO: [ app_begin ] --START--
INFO: Run Behavior\ReadHtmlCacheBehavior [ RunTime:0.003686s ]
INFO: [ app_begin ] --END-- [ RunTime:0.004516s ]
ERR: 无法加载控制器:Center

[ 2018-02-13T13:09:38+08:00 ] ::1 /5dangpai.com/index.php/Usercenter/Center/post/uid/1
INFO: [ app_init ] --START--
INFO: Run Behavior\BuildLiteBehavior [ RunTime:0.000184s ]
INFO: [ app_init ] --END-- [ RunTime:0.005978s ]
INFO: [ app_begin ] --START--
INFO: Run Behavior\ReadHtmlCacheBehavior [ RunTime:0.004612s ]
INFO: [ app_begin ] --END-- [ RunTime:0.005447s ]
ERR: 无法加载控制器:Center

[ 2018-02-13T13:11:01+08:00 ] ::1 /5dangpai.com/index.php/Usercenter/center/post/uid/1
INFO: [ app_init ] --START--
INFO: Run Behavior\BuildLiteBehavior [ RunTime:0.000129s ]
INFO: [ app_init ] --END-- [ RunTime:0.002490s ]
INFO: [ app_begin ] --START--
INFO: Run Behavior\ReadHtmlCacheBehavior [ RunTime:0.003753s ]
INFO: [ app_begin ] --END-- [ RunTime:0.004429s ]
ERR: 无法加载控制器:Center

[ 2018-02-13T13:11:04+08:00 ] ::1 /5dangpai.com/index.php/Usercenter/Center/post/uid/1
INFO: [ app_init ] --START--
INFO: Run Behavior\BuildLiteBehavior [ RunTime:0.000168s ]
INFO: [ app_init ] --END-- [ RunTime:0.003372s ]
INFO: [ app_begin ] --START--
INFO: Run Behavior\ReadHtmlCacheBehavior [ RunTime:0.004642s ]
INFO: [ app_begin ] --END-- [ RunTime:0.005507s ]
ERR: 无法加载控制器:Center

[ 2018-02-13T13:11:41+08:00 ] ::1 /5dangpai.com/index.php/Usercenter/Center/post/uid/1
INFO: [ app_init ] --START--
INFO: Run Behavior\BuildLiteBehavior [ RunTime:0.000192s ]
INFO: [ app_init ] --END-- [ RunTime:0.002944s ]
INFO: [ app_begin ] --START--
INFO: Run Behavior\ReadHtmlCacheBehavior [ RunTime:0.004648s ]
INFO: [ app_begin ] --END-- [ RunTime:0.005591s ]
ERR: 无法加载控制器:Center

[ 2018-02-13T13:12:30+08:00 ] ::1 /5dangpai.com/index.php/Usercenter/Center/post/uid/1
INFO: [ app_init ] --START--
INFO: Run Behavior\BuildLiteBehavior [ RunTime:0.000162s ]
INFO: [ app_init ] --END-- [ RunTime:0.002931s ]
INFO: [ app_begin ] --START--
INFO: Run Behavior\ReadHtmlCacheBehavior [ RunTime:0.004023s ]
INFO: [ app_begin ] --END-- [ RunTime:0.004866s ]
ERR: 无法加载控制器:Center

[ 2018-02-13T13:16:03+08:00 ] ::1 /5dangpai.com/index.php/Usercenter/Center/post/uid/1
INFO: [ app_init ] --START--
INFO: Run Behavior\BuildLiteBehavior [ RunTime:0.000165s ]
INFO: [ app_init ] --END-- [ RunTime:0.002977s ]
INFO: [ app_begin ] --START--
INFO: Run Behavior\ReadHtmlCacheBehavior [ RunTime:0.003445s ]
INFO: [ app_begin ] --END-- [ RunTime:0.004281s ]
ERR: 无法加载控制器:Center

[ 2018-02-13T13:16:19+08:00 ] ::1 /5dangpai.com/index.php/Usercenter/Center/
INFO: [ app_init ] --START--
INFO: Run Behavior\BuildLiteBehavior [ RunTime:0.000164s ]
INFO: [ app_init ] --END-- [ RunTime:0.003961s ]
INFO: [ app_begin ] --START--
INFO: Run Behavior\ReadHtmlCacheBehavior [ RunTime:0.002957s ]
INFO: [ app_begin ] --END-- [ RunTime:0.003776s ]
ERR: 无法加载控制器:Center

[ 2018-02-13T13:17:25+08:00 ] ::1 /5dangpai.com/index.php/Usercenter/Center/post/uid/1
INFO: [ app_init ] --START--
INFO: Run Behavior\BuildLiteBehavior [ RunTime:0.000160s ]
INFO: [ app_init ] --END-- [ RunTime:0.002604s ]
INFO: [ app_begin ] --START--
INFO: Run Behavior\ReadHtmlCacheBehavior [ RunTime:0.002767s ]
INFO: [ app_begin ] --END-- [ RunTime:0.003599s ]
ERR: 无法加载控制器:Center

[ 2018-02-13T13:17:55+08:00 ] ::1 /5dangpai.com/index.php/Usercenter/Center/post/uid/1
INFO: [ app_init ] --START--
INFO: Run Behavior\BuildLiteBehavior [ RunTime:0.000172s ]
INFO: [ app_init ] --END-- [ RunTime:0.002915s ]
INFO: [ app_begin ] --START--
INFO: Run Behavior\ReadHtmlCacheBehavior [ RunTime:0.003404s ]
INFO: [ app_begin ] --END-- [ RunTime:0.004296s ]
ERR: 无法加载控制器:Center

[ 2018-02-13T13:19:10+08:00 ] ::1 /5dangpai.com/index.php/Usercenter/Center/post/uid/1
INFO: [ app_init ] --START--
INFO: Run Behavior\BuildLiteBehavior [ RunTime:0.000159s ]
INFO: [ app_init ] --END-- [ RunTime:0.002537s ]
INFO: [ app_begin ] --START--
INFO: Run Behavior\ReadHtmlCacheBehavior [ RunTime:0.003663s ]
INFO: [ app_begin ] --END-- [ RunTime:0.004561s ]
INFO: [ view_parse ] --START--
INFO: [ template_filter ] --START--
INFO: Run Behavior\ContentReplaceBehavior [ RunTime:0.000416s ]
INFO: [ template_filter ] --END-- [ RunTime:0.001224s ]
INFO: Run Behavior\ParseTemplateBehavior [ RunTime:0.037504s ]
INFO: [ view_parse ] --END-- [ RunTime:0.038327s ]
INFO: [ view_filter ] --START--
INFO: Run Behavior\WriteHtmlCacheBehavior [ RunTime:0.001921s ]
INFO: [ view_filter ] --END-- [ RunTime:0.002671s ]
INFO: [ app_end ] --START--
INFO: Run Behavior\ShowPageTraceBehavior [ RunTime:0.002596s ]
INFO: [ app_end ] --END-- [ RunTime:0.003354s ]

[ 2018-02-13T15:01:33+08:00 ] ::1 /5dangpai.com/index.php/Usercenter/Center/post/uid/1
INFO: [ app_init ] --START--
INFO: Run Behavior\BuildLiteBehavior [ RunTime:0.000122s ]
INFO: [ app_init ] --END-- [ RunTime:0.002154s ]
INFO: [ app_begin ] --START--
INFO: Run Behavior\ReadHtmlCacheBehavior [ RunTime:0.002027s ]
INFO: [ app_begin ] --END-- [ RunTime:0.002692s ]
INFO: [ view_parse ] --START--
INFO: [ template_filter ] --START--
INFO: Run Behavior\ContentReplaceBehavior [ RunTime:0.000241s ]
INFO: [ template_filter ] --END-- [ RunTime:0.000708s ]
INFO: Run Behavior\ParseTemplateBehavior [ RunTime:0.021539s ]
INFO: [ view_parse ] --END-- [ RunTime:0.022045s ]
INFO: [ view_filter ] --START--
INFO: Run Behavior\WriteHtmlCacheBehavior [ RunTime:0.001438s ]
INFO: [ view_filter ] --END-- [ RunTime:0.001862s ]
INFO: [ app_end ] --START--
INFO: Run Behavior\ShowPageTraceBehavior [ RunTime:0.002349s ]
INFO: [ app_end ] --END-- [ RunTime:0.002811s ]

[ 2018-02-13T15:03:04+08:00 ] ::1 /5dangpai.com/index.php/Usercenter/Center/post/uid/1
INFO: [ app_init ] --START--
INFO: Run Behavior\BuildLiteBehavior [ RunTime:0.000157s ]
INFO: [ app_init ] --END-- [ RunTime:0.002813s ]
INFO: [ app_begin ] --START--
INFO: Run Behavior\ReadHtmlCacheBehavior [ RunTime:0.003556s ]
INFO: [ app_begin ] --END-- [ RunTime:0.004358s ]
INFO: [ view_parse ] --START--
INFO: [ template_filter ] --START--
INFO: Run Behavior\ContentReplaceBehavior [ RunTime:0.000411s ]
INFO: [ template_filter ] --END-- [ RunTime:0.002267s ]
INFO: Run Behavior\ParseTemplateBehavior [ RunTime:0.048531s ]
INFO: [ view_parse ] --END-- [ RunTime:0.049404s ]
INFO: [ view_filter ] --START--
INFO: Run Behavior\WriteHtmlCacheBehavior [ RunTime:0.002595s ]
INFO: [ view_filter ] --END-- [ RunTime:0.003432s ]
INFO: [ app_end ] --START--
INFO: Run Behavior\ShowPageTraceBehavior [ RunTime:0.004307s ]
INFO: [ app_end ] --END-- [ RunTime:0.005230s ]

[ 2018-02-13T15:05:58+08:00 ] ::1 /5dangpai.com/index.php/Usercenter/Center/post/uid/1
INFO: [ app_init ] --START--
INFO: Run Behavior\BuildLiteBehavior [ RunTime:0.000156s ]
INFO: [ app_init ] --END-- [ RunTime:0.002573s ]
INFO: [ app_begin ] --START--
INFO: Run Behavior\ReadHtmlCacheBehavior [ RunTime:0.003306s ]
INFO: [ app_begin ] --END-- [ RunTime:0.004101s ]
INFO: [ view_parse ] --START--
INFO: [ template_filter ] --START--
INFO: Run Behavior\ContentReplaceBehavior [ RunTime:0.000414s ]
INFO: [ template_filter ] --END-- [ RunTime:0.001216s ]
INFO: Run Behavior\ParseTemplateBehavior [ RunTime:0.037312s ]
INFO: [ view_parse ] --END-- [ RunTime:0.038514s ]
INFO: [ view_filter ] --START--
INFO: Run Behavior\WriteHtmlCacheBehavior [ RunTime:0.002534s ]
INFO: [ view_filter ] --END-- [ RunTime:0.003317s ]
INFO: [ app_end ] --START--
INFO: Run Behavior\ShowPageTraceBehavior [ RunTime:0.004659s ]
INFO: [ app_end ] --END-- [ RunTime:0.005520s ]

[ 2018-02-13T15:18:20+08:00 ] ::1 /5dangpai.com/index.php/Usercenter/Center/post/uid/1
INFO: [ app_init ] --START--
INFO: Run Behavior\BuildLiteBehavior [ RunTime:0.000163s ]
INFO: [ app_init ] --END-- [ RunTime:0.002749s ]
INFO: [ app_begin ] --START--
INFO: Run Behavior\ReadHtmlCacheBehavior [ RunTime:0.002813s ]
INFO: [ app_begin ] --END-- [ RunTime:0.003606s ]
INFO: [ view_parse ] --START--
INFO: [ template_filter ] --START--
INFO: Run Behavior\ContentReplaceBehavior [ RunTime:0.000403s ]
INFO: [ template_filter ] --END-- [ RunTime:0.001204s ]
INFO: Run Behavior\ParseTemplateBehavior [ RunTime:0.035231s ]
INFO: [ view_parse ] --END-- [ RunTime:0.036042s ]
INFO: [ view_filter ] --START--
INFO: Run Behavior\WriteHtmlCacheBehavior [ RunTime:0.002582s ]
INFO: [ view_filter ] --END-- [ RunTime:0.003360s ]
INFO: [ app_end ] --START--
INFO: Run Behavior\ShowPageTraceBehavior [ RunTime:0.002887s ]
INFO: [ app_end ] --END-- [ RunTime:0.003659s ]

[ 2018-02-13T15:21:07+08:00 ] ::1 /5dangpai.com/index.php/Usercenter/Center/post/uid/1
INFO: [ app_init ] --START--
INFO: Run Behavior\BuildLiteBehavior [ RunTime:0.000155s ]
INFO: [ app_init ] --END-- [ RunTime:0.002539s ]
INFO: [ app_begin ] --START--
INFO: Run Behavior\ReadHtmlCacheBehavior [ RunTime:0.003188s ]
INFO: [ app_begin ] --END-- [ RunTime:0.004050s ]
INFO: [ view_parse ] --START--
INFO: [ template_filter ] --START--
INFO: Run Behavior\ContentReplaceBehavior [ RunTime:0.000423s ]
INFO: [ template_filter ] --END-- [ RunTime:0.001234s ]
INFO: Run Behavior\ParseTemplateBehavior [ RunTime:0.035990s ]
INFO: [ view_parse ] --END-- [ RunTime:0.036779s ]
INFO: [ view_filter ] --START--
INFO: Run Behavior\WriteHtmlCacheBehavior [ RunTime:0.002159s ]
INFO: [ view_filter ] --END-- [ RunTime:0.002907s ]
INFO: [ app_end ] --START--
INFO: Run Behavior\ShowPageTraceBehavior [ RunTime:0.003534s ]
INFO: [ app_end ] --END-- [ RunTime:0.005109s ]

[ 2018-02-13T15:21:09+08:00 ] ::1 /5dangpai.com/index.php/Usercenter/Center/datame
INFO: [ app_init ] --START--
INFO: Run Behavior\BuildLiteBehavior [ RunTime:0.000158s ]
INFO: [ app_init ] --END-- [ RunTime:0.002540s ]
INFO: [ app_begin ] --START--
INFO: Run Behavior\ReadHtmlCacheBehavior [ RunTime:0.005410s ]
INFO: [ app_begin ] --END-- [ RunTime:0.006272s ]
NOTIC: [8] Undefined index: uid D:\sougou\wamp\www\5dangpai.com\Application\Usercenter\Controller\CenterController.class.php 第 31 行.
INFO: [ view_parse ] --START--
INFO: [ template_filter ] --START--
INFO: Run Behavior\ContentReplaceBehavior [ RunTime:0.000431s ]
INFO: [ template_filter ] --END-- [ RunTime:0.001273s ]
INFO: Run Behavior\ParseTemplateBehavior [ RunTime:0.060489s ]
INFO: [ view_parse ] --END-- [ RunTime:0.061308s ]
INFO: [ view_filter ] --START--
INFO: Run Behavior\WriteHtmlCacheBehavior [ RunTime:0.002697s ]
INFO: [ view_filter ] --END-- [ RunTime:0.003556s ]
INFO: [ app_end ] --START--
INFO: Run Behavior\ShowPageTraceBehavior [ RunTime:0.003621s ]
INFO: [ app_end ] --END-- [ RunTime:0.004557s ]

[ 2018-02-13T15:21:52+08:00 ] ::1 /5dangpai.com/index.php/Usercenter/Center/post/uid/1
INFO: [ app_init ] --START--
INFO: Run Behavior\BuildLiteBehavior [ RunTime:0.000179s ]
INFO: [ app_init ] --END-- [ RunTime:0.003319s ]
INFO: [ app_begin ] --START--
INFO: Run Behavior\ReadHtmlCacheBehavior [ RunTime:0.004262s ]
INFO: [ app_begin ] --END-- [ RunTime:0.005214s ]
INFO: [ view_parse ] --START--
INFO: [ template_filter ] --START--
INFO: Run Behavior\ContentReplaceBehavior [ RunTime:0.000428s ]
INFO: [ template_filter ] --END-- [ RunTime:0.001259s ]
INFO: Run Behavior\ParseTemplateBehavior [ RunTime:0.060034s ]
INFO: [ view_parse ] --END-- [ RunTime:0.060906s ]
INFO: [ view_filter ] --START--
INFO: Run Behavior\WriteHtmlCacheBehavior [ RunTime:0.002757s ]
INFO: [ view_filter ] --END-- [ RunTime:0.003598s ]
INFO: [ app_end ] --START--
INFO: Run Behavior\ShowPageTraceBehavior [ RunTime:0.003961s ]
INFO: [ app_end ] --END-- [ RunTime:0.016181s ]

[ 2018-02-13T15:22:13+08:00 ] ::1 /5dangpai.com/index.php/Usercenter/Center/post/uid/1
INFO: [ app_init ] --START--
INFO: Run Behavior\BuildLiteBehavior [ RunTime:0.000159s ]
INFO: [ app_init ] --END-- [ RunTime:0.002317s ]
INFO: [ app_begin ] --START--
INFO: Run Behavior\ReadHtmlCacheBehavior [ RunTime:0.002831s ]
INFO: [ app_begin ] --END-- [ RunTime:0.003642s ]
INFO: [ view_parse ] --START--
INFO: [ template_filter ] --START--
INFO: Run Behavior\ContentReplaceBehavior [ RunTime:0.000422s ]
INFO: [ template_filter ] --END-- [ RunTime:0.001231s ]
INFO: Run Behavior\ParseTemplateBehavior [ RunTime:0.034052s ]
INFO: [ view_parse ] --END-- [ RunTime:0.034863s ]
INFO: [ view_filter ] --START--
INFO: Run Behavior\WriteHtmlCacheBehavior [ RunTime:0.001853s ]
INFO: [ view_filter ] --END-- [ RunTime:0.002589s ]
INFO: [ app_end ] --START--
INFO: Run Behavior\ShowPageTraceBehavior [ RunTime:0.002515s ]
INFO: [ app_end ] --END-- [ RunTime:0.003264s ]

[ 2018-02-13T15:28:06+08:00 ] ::1 /5dangpai.com/index.php/Usercenter/Center/post/uid/1
INFO: [ app_init ] --START--
INFO: Run Behavior\BuildLiteBehavior [ RunTime:0.000161s ]
INFO: [ app_init ] --END-- [ RunTime:0.002585s ]
INFO: [ app_begin ] --START--
INFO: Run Behavior\ReadHtmlCacheBehavior [ RunTime:0.002866s ]
INFO: [ app_begin ] --END-- [ RunTime:0.003650s ]
INFO: [ view_parse ] --START--
INFO: [ template_filter ] --START--
INFO: Run Behavior\ContentReplaceBehavior [ RunTime:0.000379s ]
INFO: [ template_filter ] --END-- [ RunTime:0.001109s ]
INFO: Run Behavior\ParseTemplateBehavior [ RunTime:0.042420s ]
INFO: [ view_parse ] --END-- [ RunTime:0.043289s ]
INFO: [ view_filter ] --START--
INFO: Run Behavior\WriteHtmlCacheBehavior [ RunTime:0.002568s ]
INFO: [ view_filter ] --END-- [ RunTime:0.003271s ]
INFO: [ app_end ] --START--
INFO: Run Behavior\ShowPageTraceBehavior [ RunTime:0.003180s ]
INFO: [ app_end ] --END-- [ RunTime:0.003870s ]

[ 2018-02-13T15:28:11+08:00 ] ::1 /5dangpai.com/index.php/Usercenter/Center/datame
INFO: [ app_init ] --START--
INFO: Run Behavior\BuildLiteBehavior [ RunTime:0.000233s ]
INFO: [ app_init ] --END-- [ RunTime:0.002544s ]
INFO: [ app_begin ] --START--
INFO: Run Behavior\ReadHtmlCacheBehavior [ RunTime:0.003977s ]
INFO: [ app_begin ] --END-- [ RunTime:0.006391s ]
INFO: [ view_parse ] --START--
INFO: [ template_filter ] --START--
INFO: Run Behavior\ContentReplaceBehavior [ RunTime:0.000382s ]
INFO: [ template_filter ] --END-- [ RunTime:0.001430s ]
INFO: Run Behavior\ParseTemplateBehavior [ RunTime:0.041347s ]
INFO: [ view_parse ] --END-- [ RunTime:0.042152s ]
INFO: [ view_filter ] --START--
INFO: Run Behavior\WriteHtmlCacheBehavior [ RunTime:0.002659s ]
INFO: [ view_filter ] --END-- [ RunTime:0.003259s ]
INFO: [ app_end ] --START--
INFO: Run Behavior\ShowPageTraceBehavior [ RunTime:0.003056s ]
INFO: [ app_end ] --END-- [ RunTime:0.003676s ]

[ 2018-02-13T15:34:08+08:00 ] ::1 /5dangpai.com/index.php/Usercenter/Center/post/uid/1
INFO: [ app_init ] --START--
INFO: Run Behavior\BuildLiteBehavior [ RunTime:0.000285s ]
INFO: [ app_init ] --END-- [ RunTime:0.003947s ]
INFO: [ app_begin ] --START--
INFO: Run Behavior\ReadHtmlCacheBehavior [ RunTime:0.003896s ]
INFO: [ app_begin ] --END-- [ RunTime:0.004724s ]
INFO: [ view_parse ] --START--
INFO: [ template_filter ] --START--
INFO: Run Behavior\ContentReplaceBehavior [ RunTime:0.000430s ]
INFO: [ template_filter ] --END-- [ RunTime:0.001249s ]
INFO: Run Behavior\ParseTemplateBehavior [ RunTime:0.039702s ]
INFO: [ view_parse ] --END-- [ RunTime:0.040519s ]
INFO: [ view_filter ] --START--
INFO: Run Behavior\WriteHtmlCacheBehavior [ RunTime:0.003165s ]
INFO: [ view_filter ] --END-- [ RunTime:0.003996s ]
INFO: [ app_end ] --START--
INFO: Run Behavior\ShowPageTraceBehavior [ RunTime:0.002911s ]
INFO: [ app_end ] --END-- [ RunTime:0.003669s ]

[ 2018-02-13T15:34:11+08:00 ] ::1 /5dangpai.com/index.php/Usercenter/Center/datame
INFO: [ app_init ] --START--
INFO: Run Behavior\BuildLiteBehavior [ RunTime:0.000178s ]
INFO: [ app_init ] --END-- [ RunTime:0.002972s ]
INFO: [ app_begin ] --START--
INFO: Run Behavior\ReadHtmlCacheBehavior [ RunTime:0.003990s ]
INFO: [ app_begin ] --END-- [ RunTime:0.005556s ]
INFO: [ view_parse ] --START--
INFO: [ template_filter ] --START--
INFO: Run Behavior\ContentReplaceBehavior [ RunTime:0.000422s ]
INFO: [ template_filter ] --END-- [ RunTime:0.001247s ]
INFO: Run Behavior\ParseTemplateBehavior [ RunTime:0.035053s ]
INFO: [ view_parse ] --END-- [ RunTime:0.035860s ]
INFO: [ view_filter ] --START--
INFO: Run Behavior\WriteHtmlCacheBehavior [ RunTime:0.001990s ]
INFO: [ view_filter ] --END-- [ RunTime:0.003032s ]
INFO: [ app_end ] --START--
INFO: Run Behavior\ShowPageTraceBehavior [ RunTime:0.003995s ]
INFO: [ app_end ] --END-- [ RunTime:0.004798s ]

[ 2018-02-13T15:40:32+08:00 ] ::1 /5dangpai.com/index.php/Usercenter/Center/datame
INFO: [ app_init ] --START--
INFO: Run Behavior\BuildLiteBehavior [ RunTime:0.000156s ]
INFO: [ app_init ] --END-- [ RunTime:0.002549s ]
INFO: [ app_begin ] --START--
INFO: Run Behavior\ReadHtmlCacheBehavior [ RunTime:0.003489s ]
INFO: [ app_begin ] --END-- [ RunTime:0.004330s ]
INFO: [ view_parse ] --START--
INFO: [ template_filter ] --START--
INFO: Run Behavior\ContentReplaceBehavior [ RunTime:0.000384s ]
INFO: [ template_filter ] --END-- [ RunTime:0.001189s ]
INFO: Run Behavior\ParseTemplateBehavior [ RunTime:0.037075s ]
INFO: [ view_parse ] --END-- [ RunTime:0.037916s ]
INFO: [ view_filter ] --START--
INFO: Run Behavior\WriteHtmlCacheBehavior [ RunTime:0.003487s ]
INFO: [ view_filter ] --END-- [ RunTime:0.004274s ]
INFO: [ app_end ] --START--
INFO: Run Behavior\ShowPageTraceBehavior [ RunTime:0.002921s ]
INFO: [ app_end ] --END-- [ RunTime:0.003673s ]

[ 2018-02-13T15:41:03+08:00 ] ::1 /5dangpai.com/index.php/Usercenter/Center/datame
INFO: [ app_init ] --START--
INFO: Run Behavior\BuildLiteBehavior [ RunTime:0.000632s ]
INFO: [ app_init ] --END-- [ RunTime:0.009151s ]
INFO: [ app_begin ] --START--
INFO: Run Behavior\ReadHtmlCacheBehavior [ RunTime:0.004286s ]
INFO: [ app_begin ] --END-- [ RunTime:0.005631s ]
INFO: [ view_parse ] --START--
INFO: [ template_filter ] --START--
INFO: Run Behavior\ContentReplaceBehavior [ RunTime:0.000449s ]
INFO: [ template_filter ] --END-- [ RunTime:0.001356s ]
INFO: Run Behavior\ParseTemplateBehavior [ RunTime:0.034000s ]
INFO: [ view_parse ] --END-- [ RunTime:0.034799s ]
INFO: [ view_filter ] --START--
INFO: Run Behavior\WriteHtmlCacheBehavior [ RunTime:0.002338s ]
INFO: [ view_filter ] --END-- [ RunTime:0.003305s ]
INFO: [ app_end ] --START--
INFO: Run Behavior\ShowPageTraceBehavior [ RunTime:0.004862s ]
INFO: [ app_end ] --END-- [ RunTime:0.005670s ]

[ 2018-02-13T15:42:17+08:00 ] ::1 /5dangpai.com/index.php/Usercenter/Center/datame
INFO: [ app_init ] --START--
INFO: Run Behavior\BuildLiteBehavior [ RunTime:0.000698s ]
INFO: [ app_init ] --END-- [ RunTime:0.003287s ]
INFO: [ app_begin ] --START--
INFO: Run Behavior\ReadHtmlCacheBehavior [ RunTime:0.003273s ]
INFO: [ app_begin ] --END-- [ RunTime:0.004098s ]
INFO: [ view_parse ] --START--
INFO: [ template_filter ] --START--
INFO: Run Behavior\ContentReplaceBehavior [ RunTime:0.000394s ]
INFO: [ template_filter ] --END-- [ RunTime:0.001211s ]
INFO: Run Behavior\ParseTemplateBehavior [ RunTime:0.036075s ]
INFO: [ view_parse ] --END-- [ RunTime:0.036881s ]
INFO: [ view_filter ] --START--
INFO: Run Behavior\WriteHtmlCacheBehavior [ RunTime:0.002286s ]
INFO: [ view_filter ] --END-- [ RunTime:0.003045s ]
INFO: [ app_end ] --START--
INFO: Run Behavior\ShowPageTraceBehavior [ RunTime:0.005287s ]
INFO: [ app_end ] --END-- [ RunTime:0.006101s ]

[ 2018-02-13T15:42:42+08:00 ] ::1 /5dangpai.com/index.php/Usercenter/Center/datame
INFO: [ app_init ] --START--
INFO: Run Behavior\BuildLiteBehavior [ RunTime:0.000155s ]
INFO: [ app_init ] --END-- [ RunTime:0.002502s ]
INFO: [ app_begin ] --START--
INFO: Run Behavior\ReadHtmlCacheBehavior [ RunTime:0.003247s ]
INFO: [ app_begin ] --END-- [ RunTime:0.004043s ]
INFO: [ view_parse ] --START--
INFO: [ template_filter ] --START--
INFO: Run Behavior\ContentReplaceBehavior [ RunTime:0.000387s ]
INFO: [ template_filter ] --END-- [ RunTime:0.001302s ]
INFO: Run Behavior\ParseTemplateBehavior [ RunTime:0.034704s ]
INFO: [ view_parse ] --END-- [ RunTime:0.035524s ]
INFO: [ view_filter ] --START--
INFO: Run Behavior\WriteHtmlCacheBehavior [ RunTime:0.002164s ]
INFO: [ view_filter ] --END-- [ RunTime:0.002906s ]
INFO: [ app_end ] --START--
INFO: Run Behavior\ShowPageTraceBehavior [ RunTime:0.002866s ]
INFO: [ app_end ] --END-- [ RunTime:0.003672s ]

[ 2018-02-13T15:43:52+08:00 ] ::1 /5dangpai.com/index.php/Usercenter/Center/datame
INFO: [ app_init ] --START--
INFO: Run Behavior\BuildLiteBehavior [ RunTime:0.000164s ]
INFO: [ app_init ] --END-- [ RunTime:0.002959s ]
INFO: [ app_begin ] --START--
INFO: Run Behavior\ReadHtmlCacheBehavior [ RunTime:0.003473s ]
INFO: [ app_begin ] --END-- [ RunTime:0.004318s ]
INFO: [ view_parse ] --START--
INFO: [ template_filter ] --START--
INFO: Run Behavior\ContentReplaceBehavior [ RunTime:0.000394s ]
INFO: [ template_filter ] --END-- [ RunTime:0.001208s ]
INFO: Run Behavior\ParseTemplateBehavior [ RunTime:0.034124s ]
INFO: [ view_parse ] --END-- [ RunTime:0.034911s ]
INFO: [ view_filter ] --START--
INFO: Run Behavior\WriteHtmlCacheBehavior [ RunTime:0.003249s ]
INFO: [ view_filter ] --END-- [ RunTime:0.004418s ]
INFO: [ app_end ] --START--
INFO: Run Behavior\ShowPageTraceBehavior [ RunTime:0.003013s ]
INFO: [ app_end ] --END-- [ RunTime:0.003795s ]

[ 2018-02-13T15:44:26+08:00 ] ::1 /5dangpai.com/index.php/Usercenter/Center/datame
INFO: [ app_init ] --START--
INFO: Run Behavior\BuildLiteBehavior [ RunTime:0.000160s ]
INFO: [ app_init ] --END-- [ RunTime:0.002927s ]
INFO: [ app_begin ] --START--
INFO: Run Behavior\ReadHtmlCacheBehavior [ RunTime:0.003011s ]
INFO: [ app_begin ] --END-- [ RunTime:0.004451s ]
INFO: [ view_parse ] --START--
INFO: [ template_filter ] --START--
INFO: Run Behavior\ContentReplaceBehavior [ RunTime:0.000402s ]
INFO: [ template_filter ] --END-- [ RunTime:0.001226s ]
INFO: Run Behavior\ParseTemplateBehavior [ RunTime:0.033192s ]
INFO: [ view_parse ] --END-- [ RunTime:0.034006s ]
INFO: [ view_filter ] --START--
INFO: Run Behavior\WriteHtmlCacheBehavior [ RunTime:0.001850s ]
INFO: [ view_filter ] --END-- [ RunTime:0.002590s ]
INFO: [ app_end ] --START--
INFO: Run Behavior\ShowPageTraceBehavior [ RunTime:0.002657s ]
INFO: [ app_end ] --END-- [ RunTime:0.003469s ]

[ 2018-02-13T15:48:54+08:00 ] ::1 /5dangpai.com/index.php/Usercenter/Center/datame
INFO: [ app_init ] --START--
INFO: Run Behavior\BuildLiteBehavior [ RunTime:0.000160s ]
INFO: [ app_init ] --END-- [ RunTime:0.003106s ]
INFO: [ app_begin ] --START--
INFO: Run Behavior\ReadHtmlCacheBehavior [ RunTime:0.003910s ]
INFO: [ app_begin ] --END-- [ RunTime:0.004822s ]
INFO: [ view_parse ] --START--
INFO: [ template_filter ] --START--
INFO: Run Behavior\ContentReplaceBehavior [ RunTime:0.000401s ]
INFO: [ template_filter ] --END-- [ RunTime:0.001211s ]
INFO: Run Behavior\ParseTemplateBehavior [ RunTime:0.034958s ]
INFO: [ view_parse ] --END-- [ RunTime:0.035753s ]
INFO: [ view_filter ] --START--
INFO: Run Behavior\WriteHtmlCacheBehavior [ RunTime:0.002291s ]
INFO: [ view_filter ] --END-- [ RunTime:0.003060s ]
INFO: [ app_end ] --START--
INFO: Run Behavior\ShowPageTraceBehavior [ RunTime:0.003529s ]
INFO: [ app_end ] --END-- [ RunTime:0.004353s ]

[ 2018-02-13T15:49:43+08:00 ] ::1 /5dangpai.com/index.php/Usercenter/Center/datame
INFO: [ app_init ] --START--
INFO: Run Behavior\BuildLiteBehavior [ RunTime:0.001076s ]
INFO: [ app_init ] --END-- [ RunTime:0.003664s ]
INFO: [ app_begin ] --START--
INFO: Run Behavior\ReadHtmlCacheBehavior [ RunTime:0.004110s ]
INFO: [ app_begin ] --END-- [ RunTime:0.005035s ]
INFO: [ view_parse ] --START--
INFO: [ template_filter ] --START--
INFO: Run Behavior\ContentReplaceBehavior [ RunTime:0.000395s ]
INFO: [ template_filter ] --END-- [ RunTime:0.001206s ]
INFO: Run Behavior\ParseTemplateBehavior [ RunTime:0.039124s ]
INFO: [ view_parse ] --END-- [ RunTime:0.040764s ]
INFO: [ view_filter ] --START--
INFO: Run Behavior\WriteHtmlCacheBehavior [ RunTime:0.002193s ]
INFO: [ view_filter ] --END-- [ RunTime:0.002944s ]
INFO: [ app_end ] --START--
INFO: Run Behavior\ShowPageTraceBehavior [ RunTime:0.002892s ]
INFO: [ app_end ] --END-- [ RunTime:0.003683s ]

[ 2018-02-13T15:50:10+08:00 ] ::1 /5dangpai.com/index.php/Usercenter/Center/datame
INFO: [ app_init ] --START--
INFO: Run Behavior\BuildLiteBehavior [ RunTime:0.000163s ]
INFO: [ app_init ] --END-- [ RunTime:0.003279s ]
INFO: [ app_begin ] --START--
INFO: Run Behavior\ReadHtmlCacheBehavior [ RunTime:0.002871s ]
INFO: [ app_begin ] --END-- [ RunTime:0.003975s ]
INFO: [ view_parse ] --START--
INFO: [ template_filter ] --START--
INFO: Run Behavior\ContentReplaceBehavior [ RunTime:0.000393s ]
INFO: [ template_filter ] --END-- [ RunTime:0.001211s ]
INFO: Run Behavior\ParseTemplateBehavior [ RunTime:0.034864s ]
INFO: [ view_parse ] --END-- [ RunTime:0.035679s ]
INFO: [ view_filter ] --START--
INFO: Run Behavior\WriteHtmlCacheBehavior [ RunTime:0.002091s ]
INFO: [ view_filter ] --END-- [ RunTime:0.003551s ]
INFO: [ app_end ] --START--
INFO: Run Behavior\ShowPageTraceBehavior [ RunTime:0.002573s ]
INFO: [ app_end ] --END-- [ RunTime:0.003333s ]

[ 2018-02-13T15:50:47+08:00 ] ::1 /5dangpai.com/index.php/Usercenter/Center/password
INFO: [ app_init ] --START--
INFO: Run Behavior\BuildLiteBehavior [ RunTime:0.000154s ]
INFO: [ app_init ] --END-- [ RunTime:0.002342s ]
INFO: [ app_begin ] --START--
INFO: Run Behavior\ReadHtmlCacheBehavior [ RunTime:0.003303s ]
INFO: [ app_begin ] --END-- [ RunTime:0.004116s ]
NOTIC: [8] Undefined index: uid D:\sougou\wamp\www\5dangpai.com\Application\Usercenter\Controller\CenterController.class.php 第 45 行.
INFO: [ view_parse ] --START--
INFO: [ template_filter ] --START--
INFO: Run Behavior\ContentReplaceBehavior [ RunTime:0.000409s ]
INFO: [ template_filter ] --END-- [ RunTime:0.001213s ]
INFO: Run Behavior\ParseTemplateBehavior [ RunTime:0.053382s ]
INFO: [ view_parse ] --END-- [ RunTime:0.054209s ]
INFO: [ view_filter ] --START--
INFO: Run Behavior\WriteHtmlCacheBehavior [ RunTime:0.002691s ]
INFO: [ view_filter ] --END-- [ RunTime:0.003460s ]
INFO: [ app_end ] --START--
INFO: Run Behavior\ShowPageTraceBehavior [ RunTime:0.002932s ]
INFO: [ app_end ] --END-- [ RunTime:0.003675s ]

[ 2018-02-13T15:51:32+08:00 ] ::1 /5dangpai.com/index.php/Usercenter/Center/password
INFO: [ app_init ] --START--
INFO: Run Behavior\BuildLiteBehavior [ RunTime:0.000171s ]
INFO: [ app_init ] --END-- [ RunTime:0.002669s ]
INFO: [ app_begin ] --START--
INFO: Run Behavior\ReadHtmlCacheBehavior [ RunTime:0.003971s ]
INFO: [ app_begin ] --END-- [ RunTime:0.004905s ]
NOTIC: [8] Undefined index: uid D:\sougou\wamp\www\5dangpai.com\Application\Usercenter\Controller\CenterController.class.php 第 45 行.
INFO: [ view_parse ] --START--
INFO: [ template_filter ] --START--
INFO: Run Behavior\ContentReplaceBehavior [ RunTime:0.000392s ]
INFO: [ template_filter ] --END-- [ RunTime:0.001219s ]
INFO: Run Behavior\ParseTemplateBehavior [ RunTime:0.035021s ]
INFO: [ view_parse ] --END-- [ RunTime:0.035836s ]
INFO: [ view_filter ] --START--
INFO: Run Behavior\WriteHtmlCacheBehavior [ RunTime:0.001847s ]
INFO: [ view_filter ] --END-- [ RunTime:0.002602s ]
INFO: [ app_end ] --START--
INFO: Run Behavior\ShowPageTraceBehavior [ RunTime:0.003847s ]
INFO: [ app_end ] --END-- [ RunTime:0.004662s ]

[ 2018-02-13T15:53:37+08:00 ] ::1 /5dangpai.com/index.php/Usercenter/Center/password
INFO: [ app_init ] --START--
INFO: Run Behavior\BuildLiteBehavior [ RunTime:0.000177s ]
INFO: [ app_init ] --END-- [ RunTime:0.002664s ]
INFO: [ app_begin ] --START--
INFO: Run Behavior\ReadHtmlCacheBehavior [ RunTime:0.003604s ]
INFO: [ app_begin ] --END-- [ RunTime:0.004532s ]
NOTIC: [8] Undefined index: uid D:\sougou\wamp\www\5dangpai.com\Application\Usercenter\Controller\CenterController.class.php 第 45 行.
INFO: [ view_parse ] --START--
INFO: [ template_filter ] --START--
INFO: Run Behavior\ContentReplaceBehavior [ RunTime:0.000418s ]
INFO: [ template_filter ] --END-- [ RunTime:0.001392s ]
INFO: Run Behavior\ParseTemplateBehavior [ RunTime:0.040577s ]
INFO: [ view_parse ] --END-- [ RunTime:0.041394s ]
INFO: [ view_filter ] --START--
INFO: Run Behavior\WriteHtmlCacheBehavior [ RunTime:0.002408s ]
INFO: [ view_filter ] --END-- [ RunTime:0.003894s ]
INFO: [ app_end ] --START--
INFO: Run Behavior\ShowPageTraceBehavior [ RunTime:0.002943s ]
INFO: [ app_end ] --END-- [ RunTime:0.003717s ]

[ 2018-02-13T15:57:55+08:00 ] ::1 /5dangpai.com/index.php/Usercenter/Center/password
INFO: [ app_init ] --START--
INFO: Run Behavior\BuildLiteBehavior [ RunTime:0.000164s ]
INFO: [ app_init ] --END-- [ RunTime:0.003214s ]
INFO: [ app_begin ] --START--
INFO: Run Behavior\ReadHtmlCacheBehavior [ RunTime:0.003330s ]
INFO: [ app_begin ] --END-- [ RunTime:0.004167s ]
NOTIC: [8] Undefined index: uid D:\sougou\wamp\www\5dangpai.com\Application\Usercenter\Controller\CenterController.class.php 第 45 行.
INFO: [ view_parse ] --START--
INFO: [ template_filter ] --START--
INFO: Run Behavior\ContentReplaceBehavior [ RunTime:0.000395s ]
INFO: [ template_filter ] --END-- [ RunTime:0.001206s ]
INFO: Run Behavior\ParseTemplateBehavior [ RunTime:0.035339s ]
INFO: [ view_parse ] --END-- [ RunTime:0.036121s ]
INFO: [ view_filter ] --START--
INFO: Run Behavior\WriteHtmlCacheBehavior [ RunTime:0.002328s ]
INFO: [ view_filter ] --END-- [ RunTime:0.003094s ]
INFO: [ app_end ] --START--
INFO: Run Behavior\ShowPageTraceBehavior [ RunTime:0.003961s ]
INFO: [ app_end ] --END-- [ RunTime:0.004789s ]

[ 2018-02-13T15:59:07+08:00 ] ::1 /5dangpai.com/index.php/Usercenter/Center/password
INFO: [ app_init ] --START--
INFO: Run Behavior\BuildLiteBehavior [ RunTime:0.000167s ]
INFO: [ app_init ] --END-- [ RunTime:0.003608s ]
INFO: [ app_begin ] --START--
INFO: Run Behavior\ReadHtmlCacheBehavior [ RunTime:0.002668s ]
INFO: [ app_begin ] --END-- [ RunTime:0.003471s ]
NOTIC: [8] Undefined index: uid D:\sougou\wamp\www\5dangpai.com\Application\Usercenter\Controller\CenterController.class.php 第 45 行.
INFO: [ view_parse ] --START--
INFO: [ template_filter ] --START--
INFO: Run Behavior\ContentReplaceBehavior [ RunTime:0.000414s ]
INFO: [ template_filter ] --END-- [ RunTime:0.001210s ]
INFO: Run Behavior\ParseTemplateBehavior [ RunTime:0.032992s ]
INFO: [ view_parse ] --END-- [ RunTime:0.033789s ]
INFO: [ view_filter ] --START--
INFO: Run Behavior\WriteHtmlCacheBehavior [ RunTime:0.001831s ]
INFO: [ view_filter ] --END-- [ RunTime:0.002572s ]
INFO: [ app_end ] --START--
INFO: Run Behavior\ShowPageTraceBehavior [ RunTime:0.002525s ]
INFO: [ app_end ] --END-- [ RunTime:0.003280s ]

[ 2018-02-13T16:00:00+08:00 ] ::1 /5dangpai.com/index.php/Usercenter/Center/password
INFO: [ app_init ] --START--
INFO: Run Behavior\BuildLiteBehavior [ RunTime:0.000168s ]
INFO: [ app_init ] --END-- [ RunTime:0.005686s ]
INFO: [ app_begin ] --START--
INFO: Run Behavior\ReadHtmlCacheBehavior [ RunTime:0.005381s ]
INFO: [ app_begin ] --END-- [ RunTime:0.006303s ]
NOTIC: [8] Undefined index: uid D:\sougou\wamp\www\5dangpai.com\Application\Usercenter\Controller\CenterController.class.php 第 45 行.
INFO: [ view_parse ] --START--
INFO: [ template_filter ] --START--
INFO: Run Behavior\ContentReplaceBehavior [ RunTime:0.000413s ]
INFO: [ template_filter ] --END-- [ RunTime:0.001228s ]
INFO: Run Behavior\ParseTemplateBehavior [ RunTime:0.036099s ]
INFO: [ view_parse ] --END-- [ RunTime:0.036910s ]
INFO: [ view_filter ] --START--
INFO: Run Behavior\WriteHtmlCacheBehavior [ RunTime:0.003235s ]
INFO: [ view_filter ] --END-- [ RunTime:0.004139s ]
INFO: [ app_end ] --START--
INFO: Run Behavior\ShowPageTraceBehavior [ RunTime:0.003214s ]
INFO: [ app_end ] --END-- [ RunTime:0.003973s ]

[ 2018-02-13T16:00:11+08:00 ] ::1 /5dangpai.com/index.php/Usercenter/Center/password
INFO: [ app_init ] --START--
INFO: Run Behavior\BuildLiteBehavior [ RunTime:0.000169s ]
INFO: [ app_init ] --END-- [ RunTime:0.002611s ]
INFO: [ app_begin ] --START--
INFO: Run Behavior\ReadHtmlCacheBehavior [ RunTime:0.003538s ]
INFO: [ app_begin ] --END-- [ RunTime:0.004455s ]
NOTIC: [8] Undefined index: uid D:\sougou\wamp\www\5dangpai.com\Application\Usercenter\Controller\CenterController.class.php 第 45 行.
INFO: [ view_parse ] --START--
INFO: [ template_filter ] --START--
INFO: Run Behavior\ContentReplaceBehavior [ RunTime:0.000411s ]
INFO: [ template_filter ] --END-- [ RunTime:0.001238s ]
INFO: Run Behavior\ParseTemplateBehavior [ RunTime:0.042828s ]
INFO: [ view_parse ] --END-- [ RunTime:0.043665s ]
INFO: [ view_filter ] --START--
INFO: Run Behavior\WriteHtmlCacheBehavior [ RunTime:0.005820s ]
INFO: [ view_filter ] --END-- [ RunTime:0.006857s ]
INFO: [ app_end ] --START--
INFO: Run Behavior\ShowPageTraceBehavior [ RunTime:0.003384s ]
INFO: [ app_end ] --END-- [ RunTime:0.004304s ]

[ 2018-02-13T16:02:09+08:00 ] ::1 /5dangpai.com/index.php/Usercenter/Center/post/uid/1
INFO: [ app_init ] --START--
INFO: Run Behavior\BuildLiteBehavior [ RunTime:0.000185s ]
INFO: [ app_init ] --END-- [ RunTime:0.002599s ]
INFO: [ app_begin ] --START--
INFO: Run Behavior\ReadHtmlCacheBehavior [ RunTime:0.003068s ]
INFO: [ app_begin ] --END-- [ RunTime:0.004261s ]
INFO: [ view_parse ] --START--
INFO: [ template_filter ] --START--
INFO: Run Behavior\ContentReplaceBehavior [ RunTime:0.000437s ]
INFO: [ template_filter ] --END-- [ RunTime:0.001267s ]
INFO: Run Behavior\ParseTemplateBehavior [ RunTime:0.040956s ]
INFO: [ view_parse ] --END-- [ RunTime:0.042190s ]
INFO: [ view_filter ] --START--
INFO: Run Behavior\WriteHtmlCacheBehavior [ RunTime:0.002663s ]
INFO: [ view_filter ] --END-- [ RunTime:0.003476s ]
INFO: [ app_end ] --START--
INFO: Run Behavior\ShowPageTraceBehavior [ RunTime:0.003123s ]
INFO: [ app_end ] --END-- [ RunTime:0.003925s ]

[ 2018-02-13T16:02:13+08:00 ] ::1 /5dangpai.com/index.php/Usercenter/Center/datame
INFO: [ app_init ] --START--
INFO: Run Behavior\BuildLiteBehavior [ RunTime:0.000245s ]
INFO: [ app_init ] --END-- [ RunTime:0.002603s ]
INFO: [ app_begin ] --START--
INFO: Run Behavior\ReadHtmlCacheBehavior [ RunTime:0.003812s ]
INFO: [ app_begin ] --END-- [ RunTime:0.004816s ]
INFO: [ view_parse ] --START--
INFO: [ template_filter ] --START--
INFO: Run Behavior\ContentReplaceBehavior [ RunTime:0.000405s ]
INFO: [ template_filter ] --END-- [ RunTime:0.001228s ]
INFO: Run Behavior\ParseTemplateBehavior [ RunTime:0.040757s ]
INFO: [ view_parse ] --END-- [ RunTime:0.041609s ]
INFO: [ view_filter ] --START--
INFO: Run Behavior\WriteHtmlCacheBehavior [ RunTime:0.002564s ]
INFO: [ view_filter ] --END-- [ RunTime:0.003360s ]
INFO: [ app_end ] --START--
INFO: Run Behavior\ShowPageTraceBehavior [ RunTime:0.003589s ]
INFO: [ app_end ] --END-- [ RunTime:0.004428s ]

