[ 2018-02-11T22:33:58+08:00 ] ::1 /5dangpai.com/index.php/admin/admin/
INFO: [ app_init ] --START--
INFO: Run Behavior\BuildLiteBehavior [ RunTime:0.000193s ]
INFO: [ app_init ] --END-- [ RunTime:0.007008s ]
INFO: [ app_begin ] --START--
INFO: Run Behavior\ReadHtmlCacheBehavior [ RunTime:0.004481s ]
INFO: [ app_begin ] --END-- [ RunTime:0.005438s ]
INFO: [ view_parse ] --START--
INFO: [ template_filter ] --START--
INFO: Run Behavior\ContentReplaceBehavior [ RunTime:0.001101s ]
INFO: [ template_filter ] --END-- [ RunTime:0.001939s ]
INFO: Run Behavior\ParseTemplateBehavior [ RunTime:0.087637s ]
INFO: [ view_parse ] --END-- [ RunTime:0.088796s ]
INFO: [ view_filter ] --START--
INFO: Run Behavior\WriteHtmlCacheBehavior [ RunTime:0.002748s ]
INFO: [ view_filter ] --END-- [ RunTime:0.003455s ]
INFO: [ app_end ] --START--
INFO: Run Behavior\ShowPageTraceBehavior [ RunTime:0.003890s ]
INFO: [ app_end ] --END-- [ RunTime:0.004720s ]

[ 2018-02-11T22:39:35+08:00 ] ::1 /5dangpai.com/index.php/admin/admin/
INFO: [ app_init ] --START--
INFO: Run Behavior\BuildLiteBehavior [ RunTime:0.000187s ]
INFO: [ app_init ] --END-- [ RunTime:0.002998s ]
INFO: [ app_begin ] --START--
INFO: Run Behavior\ReadHtmlCacheBehavior [ RunTime:0.004209s ]
INFO: [ app_begin ] --END-- [ RunTime:0.005065s ]
INFO: [ view_parse ] --START--
INFO: [ template_filter ] --START--
INFO: Run Behavior\ContentReplaceBehavior [ RunTime:0.001059s ]
INFO: [ template_filter ] --END-- [ RunTime:0.001843s ]
INFO: Run Behavior\ParseTemplateBehavior [ RunTime:0.074414s ]
INFO: [ view_parse ] --END-- [ RunTime:0.075237s ]
INFO: [ view_filter ] --START--
INFO: Run Behavior\WriteHtmlCacheBehavior [ RunTime:0.003448s ]
INFO: [ view_filter ] --END-- [ RunTime:0.004428s ]
INFO: [ app_end ] --START--
INFO: Run Behavior\ShowPageTraceBehavior [ RunTime:0.004146s ]
INFO: [ app_end ] --END-- [ RunTime:0.004941s ]

[ 2018-02-11T22:41:08+08:00 ] ::1 /5dangpai.com/index.php/admin/admin/
INFO: [ app_init ] --START--
INFO: Run Behavior\BuildLiteBehavior [ RunTime:0.000172s ]
INFO: [ app_init ] --END-- [ RunTime:0.003632s ]
INFO: [ app_begin ] --START--
INFO: Run Behavior\ReadHtmlCacheBehavior [ RunTime:0.004807s ]
INFO: [ app_begin ] --END-- [ RunTime:0.005932s ]
INFO: [ view_parse ] --START--
INFO: [ template_filter ] --START--
INFO: Run Behavior\ContentReplaceBehavior [ RunTime:0.001093s ]
INFO: [ template_filter ] --END-- [ RunTime:0.001959s ]
INFO: Run Behavior\ParseTemplateBehavior [ RunTime:0.069405s ]
INFO: [ view_parse ] --END-- [ RunTime:0.070278s ]
INFO: [ view_filter ] --START--
INFO: Run Behavior\WriteHtmlCacheBehavior [ RunTime:0.002891s ]
INFO: [ view_filter ] --END-- [ RunTime:0.003595s ]
INFO: [ app_end ] --START--
INFO: Run Behavior\ShowPageTraceBehavior [ RunTime:0.009341s ]
INFO: [ app_end ] --END-- [ RunTime:0.010123s ]

[ 2018-02-11T22:42:30+08:00 ] ::1 /5dangpai.com/index.php/admin/admin/typography.html
INFO: [ app_init ] --START--
INFO: Run Behavior\BuildLiteBehavior [ RunTime:0.007362s ]
INFO: [ app_init ] --END-- [ RunTime:0.040336s ]
INFO: [ app_begin ] --START--
INFO: Run Behavior\ReadHtmlCacheBehavior [ RunTime:0.004907s ]
INFO: [ app_begin ] --END-- [ RunTime:0.006125s ]
ERR: 非法操作:typography

[ 2018-02-11T22:51:36+08:00 ] ::1 /5dangpai.com/index.php/admin/admin/
INFO: [ app_init ] --START--
INFO: Run Behavior\BuildLiteBehavior [ RunTime:0.000176s ]
INFO: [ app_init ] --END-- [ RunTime:0.005139s ]
INFO: [ app_begin ] --START--
INFO: Run Behavior\ReadHtmlCacheBehavior [ RunTime:0.007798s ]
INFO: [ app_begin ] --END-- [ RunTime:0.008602s ]
INFO: [ view_parse ] --START--
INFO: [ template_filter ] --START--
INFO: Run Behavior\ContentReplaceBehavior [ RunTime:0.001403s ]
INFO: [ template_filter ] --END-- [ RunTime:0.002094s ]
INFO: Run Behavior\ParseTemplateBehavior [ RunTime:0.062757s ]
INFO: [ view_parse ] --END-- [ RunTime:0.063503s ]
INFO: [ view_filter ] --START--
INFO: Run Behavior\WriteHtmlCacheBehavior [ RunTime:0.002898s ]
INFO: [ view_filter ] --END-- [ RunTime:0.003468s ]
INFO: [ app_end ] --START--
INFO: Run Behavior\ShowPageTraceBehavior [ RunTime:0.012214s ]
INFO: [ app_end ] --END-- [ RunTime:0.012888s ]

[ 2018-02-11T23:16:03+08:00 ] ::1 /5dangpai.com/index.php/admin/admin/
INFO: [ app_init ] --START--
INFO: Run Behavior\BuildLiteBehavior [ RunTime:0.000166s ]
INFO: [ app_init ] --END-- [ RunTime:0.002899s ]
INFO: [ app_begin ] --START--
INFO: Run Behavior\ReadHtmlCacheBehavior [ RunTime:0.004052s ]
INFO: [ app_begin ] --END-- [ RunTime:0.004956s ]
INFO: [ view_parse ] --START--
INFO: [ template_filter ] --START--
INFO: Run Behavior\ContentReplaceBehavior [ RunTime:0.001235s ]
INFO: [ template_filter ] --END-- [ RunTime:0.002062s ]
INFO: Run Behavior\ParseTemplateBehavior [ RunTime:0.072728s ]
INFO: [ view_parse ] --END-- [ RunTime:0.074267s ]
INFO: [ view_filter ] --START--
INFO: Run Behavior\WriteHtmlCacheBehavior [ RunTime:0.002039s ]
INFO: [ view_filter ] --END-- [ RunTime:0.002919s ]
INFO: [ app_end ] --START--
INFO: Run Behavior\ShowPageTraceBehavior [ RunTime:0.005745s ]
INFO: [ app_end ] --END-- [ RunTime:0.006749s ]

[ 2018-02-11T23:16:09+08:00 ] ::1 /5dangpai.com/index.php/admin/admin/typography.html
INFO: [ app_init ] --START--
INFO: Run Behavior\BuildLiteBehavior [ RunTime:0.000232s ]
INFO: [ app_init ] --END-- [ RunTime:0.003019s ]
INFO: [ app_begin ] --START--
INFO: Run Behavior\ReadHtmlCacheBehavior [ RunTime:0.004903s ]
INFO: [ app_begin ] --END-- [ RunTime:0.005812s ]
ERR: 非法操作:typography

[ 2018-02-11T23:29:04+08:00 ] ::1 /5dangpai.com/index.php/admin/Edit
INFO: [ app_init ] --START--
INFO: Run Behavior\BuildLiteBehavior [ RunTime:0.000164s ]
INFO: [ app_init ] --END-- [ RunTime:0.003045s ]
INFO: [ app_begin ] --START--
INFO: Run Behavior\ReadHtmlCacheBehavior [ RunTime:0.003765s ]
INFO: [ app_begin ] --END-- [ RunTime:0.004606s ]
INFO: [ view_parse ] --START--
INFO: [ template_filter ] --START--
INFO: Run Behavior\ContentReplaceBehavior [ RunTime:0.000987s ]
INFO: [ template_filter ] --END-- [ RunTime:0.001881s ]
INFO: Run Behavior\ParseTemplateBehavior [ RunTime:0.068729s ]
INFO: [ view_parse ] --END-- [ RunTime:0.069640s ]
INFO: [ view_filter ] --START--
INFO: Run Behavior\WriteHtmlCacheBehavior [ RunTime:0.002839s ]
INFO: [ view_filter ] --END-- [ RunTime:0.003590s ]
INFO: [ app_end ] --START--
INFO: Run Behavior\ShowPageTraceBehavior [ RunTime:0.004304s ]
INFO: [ app_end ] --END-- [ RunTime:0.005161s ]

[ 2018-02-11T23:30:33+08:00 ] ::1 /5dangpai.com/index.php/admin/Edit
INFO: [ app_init ] --START--
INFO: Run Behavior\BuildLiteBehavior [ RunTime:0.000163s ]
INFO: [ app_init ] --END-- [ RunTime:0.002809s ]
INFO: [ app_begin ] --START--
INFO: Run Behavior\ReadHtmlCacheBehavior [ RunTime:0.003784s ]
INFO: [ app_begin ] --END-- [ RunTime:0.004710s ]
INFO: [ view_parse ] --START--
INFO: [ template_filter ] --START--
INFO: Run Behavior\ContentReplaceBehavior [ RunTime:0.000903s ]
INFO: [ template_filter ] --END-- [ RunTime:0.001723s ]
INFO: Run Behavior\ParseTemplateBehavior [ RunTime:0.068985s ]
INFO: [ view_parse ] --END-- [ RunTime:0.069878s ]
INFO: [ view_filter ] --START--
INFO: Run Behavior\WriteHtmlCacheBehavior [ RunTime:0.002772s ]
INFO: [ view_filter ] --END-- [ RunTime:0.003548s ]
INFO: [ app_end ] --START--
INFO: Run Behavior\ShowPageTraceBehavior [ RunTime:0.013665s ]
INFO: [ app_end ] --END-- [ RunTime:0.014588s ]

[ 2018-02-11T23:30:36+08:00 ] ::1 /5dangpai.com/index.php/admin/calendar.html
INFO: [ app_init ] --START--
INFO: Run Behavior\BuildLiteBehavior [ RunTime:0.000551s ]
INFO: [ app_init ] --END-- [ RunTime:0.004973s ]
INFO: [ app_begin ] --START--
INFO: Run Behavior\ReadHtmlCacheBehavior [ RunTime:0.003333s ]
INFO: [ app_begin ] --END-- [ RunTime:0.005354s ]
ERR: 无法加载控制器:Calendar

[ 2018-02-11T23:32:40+08:00 ] ::1 /5dangpai.com/index.php/admin/Edit
INFO: [ app_init ] --START--
INFO: Run Behavior\BuildLiteBehavior [ RunTime:0.000359s ]
INFO: [ app_init ] --END-- [ RunTime:0.024035s ]
INFO: [ app_begin ] --START--
INFO: Run Behavior\ReadHtmlCacheBehavior [ RunTime:0.010022s ]
INFO: [ app_begin ] --END-- [ RunTime:0.011194s ]
INFO: [ view_parse ] --START--
INFO: [ template_filter ] --START--
INFO: Run Behavior\ContentReplaceBehavior [ RunTime:0.001024s ]
INFO: [ template_filter ] --END-- [ RunTime:0.001756s ]
INFO: Run Behavior\ParseTemplateBehavior [ RunTime:0.086494s ]
INFO: [ view_parse ] --END-- [ RunTime:0.087314s ]
INFO: [ view_filter ] --START--
INFO: Run Behavior\WriteHtmlCacheBehavior [ RunTime:0.002499s ]
INFO: [ view_filter ] --END-- [ RunTime:0.003192s ]
INFO: [ app_end ] --START--
INFO: Run Behavior\ShowPageTraceBehavior [ RunTime:0.004146s ]
INFO: [ app_end ] --END-- [ RunTime:0.004933s ]

[ 2018-02-11T23:32:45+08:00 ] ::1 /5dangpai.com/index.php/admin/index.html
INFO: [ app_init ] --START--
INFO: Run Behavior\BuildLiteBehavior [ RunTime:0.000171s ]
INFO: [ app_init ] --END-- [ RunTime:0.003184s ]
INFO: [ app_begin ] --START--
INFO: Run Behavior\ReadHtmlCacheBehavior [ RunTime:0.004702s ]
INFO: [ app_begin ] --END-- [ RunTime:0.005874s ]
ERR: 无法加载控制器:Index

[ 2018-02-11T23:34:48+08:00 ] ::1 /5dangpai.com/index.php/admin/Edit
INFO: [ app_init ] --START--
INFO: Run Behavior\BuildLiteBehavior [ RunTime:0.000204s ]
INFO: [ app_init ] --END-- [ RunTime:0.006412s ]
INFO: [ app_begin ] --START--
INFO: Run Behavior\ReadHtmlCacheBehavior [ RunTime:0.008613s ]
INFO: [ app_begin ] --END-- [ RunTime:0.010046s ]
INFO: [ view_parse ] --START--
INFO: [ template_filter ] --START--
INFO: Run Behavior\ContentReplaceBehavior [ RunTime:0.001243s ]
INFO: [ template_filter ] --END-- [ RunTime:0.002239s ]
INFO: Run Behavior\ParseTemplateBehavior [ RunTime:0.082177s ]
INFO: [ view_parse ] --END-- [ RunTime:0.083178s ]
INFO: [ view_filter ] --START--
INFO: Run Behavior\WriteHtmlCacheBehavior [ RunTime:0.003668s ]
INFO: [ view_filter ] --END-- [ RunTime:0.004533s ]
INFO: [ app_end ] --START--
INFO: Run Behavior\ShowPageTraceBehavior [ RunTime:0.004288s ]
INFO: [ app_end ] --END-- [ RunTime:0.005300s ]

[ 2018-02-11T23:35:01+08:00 ] ::1 /5dangpai.com/index.php/admin/admin/
INFO: [ app_init ] --START--
INFO: Run Behavior\BuildLiteBehavior [ RunTime:0.000186s ]
INFO: [ app_init ] --END-- [ RunTime:0.005561s ]
INFO: [ app_begin ] --START--
INFO: Run Behavior\ReadHtmlCacheBehavior [ RunTime:0.003538s ]
INFO: [ app_begin ] --END-- [ RunTime:0.005290s ]
INFO: [ view_parse ] --START--
INFO: [ template_filter ] --START--
INFO: Run Behavior\ContentReplaceBehavior [ RunTime:0.001297s ]
INFO: [ template_filter ] --END-- [ RunTime:0.002158s ]
INFO: Run Behavior\ParseTemplateBehavior [ RunTime:0.071950s ]
INFO: [ view_parse ] --END-- [ RunTime:0.072811s ]
INFO: [ view_filter ] --START--
INFO: Run Behavior\WriteHtmlCacheBehavior [ RunTime:0.003770s ]
INFO: [ view_filter ] --END-- [ RunTime:0.004554s ]
INFO: [ app_end ] --START--
INFO: Run Behavior\ShowPageTraceBehavior [ RunTime:0.013669s ]
INFO: [ app_end ] --END-- [ RunTime:0.014443s ]

[ 2018-02-11T23:35:04+08:00 ] ::1 /5dangpai.com/index.php/admin/admin/index.html
INFO: [ app_init ] --START--
INFO: Run Behavior\BuildLiteBehavior [ RunTime:0.000168s ]
INFO: [ app_init ] --END-- [ RunTime:0.003147s ]
INFO: [ app_begin ] --START--
INFO: Run Behavior\ReadHtmlCacheBehavior [ RunTime:0.004133s ]
INFO: [ app_begin ] --END-- [ RunTime:0.005039s ]
INFO: [ view_parse ] --START--
INFO: [ template_filter ] --START--
INFO: Run Behavior\ContentReplaceBehavior [ RunTime:0.001267s ]
INFO: [ template_filter ] --END-- [ RunTime:0.002093s ]
INFO: Run Behavior\ParseTemplateBehavior [ RunTime:0.068973s ]
INFO: [ view_parse ] --END-- [ RunTime:0.069848s ]
INFO: [ view_filter ] --START--
INFO: Run Behavior\WriteHtmlCacheBehavior [ RunTime:0.004410s ]
INFO: [ view_filter ] --END-- [ RunTime:0.005882s ]
INFO: [ app_end ] --START--
INFO: Run Behavior\ShowPageTraceBehavior [ RunTime:0.003654s ]
INFO: [ app_end ] --END-- [ RunTime:0.004497s ]

[ 2018-02-11T23:36:18+08:00 ] ::1 /5dangpai.com/index.php/admin/admin/index.html
INFO: [ app_init ] --START--
INFO: Run Behavior\BuildLiteBehavior [ RunTime:0.000163s ]
INFO: [ app_init ] --END-- [ RunTime:0.002575s ]
INFO: [ app_begin ] --START--
INFO: Run Behavior\ReadHtmlCacheBehavior [ RunTime:0.003472s ]
INFO: [ app_begin ] --END-- [ RunTime:0.005862s ]
INFO: [ view_parse ] --START--
INFO: [ template_filter ] --START--
INFO: Run Behavior\ContentReplaceBehavior [ RunTime:0.001411s ]
INFO: [ template_filter ] --END-- [ RunTime:0.002329s ]
INFO: Run Behavior\ParseTemplateBehavior [ RunTime:0.097661s ]
INFO: [ view_parse ] --END-- [ RunTime:0.099163s ]
INFO: [ view_filter ] --START--
INFO: Run Behavior\WriteHtmlCacheBehavior [ RunTime:0.003272s ]
INFO: [ view_filter ] --END-- [ RunTime:0.004171s ]
INFO: [ app_end ] --START--
INFO: Run Behavior\ShowPageTraceBehavior [ RunTime:0.005263s ]
INFO: [ app_end ] --END-- [ RunTime:0.007637s ]

[ 2018-02-11T23:37:24+08:00 ] ::1 /5dangpai.com/index.php/admin/admin/index.html
INFO: [ app_init ] --START--
INFO: Run Behavior\BuildLiteBehavior [ RunTime:0.000176s ]
INFO: [ app_init ] --END-- [ RunTime:0.003605s ]
INFO: [ app_begin ] --START--
INFO: Run Behavior\ReadHtmlCacheBehavior [ RunTime:0.004926s ]
INFO: [ app_begin ] --END-- [ RunTime:0.005969s ]
INFO: [ view_parse ] --START--
INFO: [ template_filter ] --START--
INFO: Run Behavior\ContentReplaceBehavior [ RunTime:0.001272s ]
INFO: [ template_filter ] --END-- [ RunTime:0.002147s ]
INFO: Run Behavior\ParseTemplateBehavior [ RunTime:0.090744s ]
INFO: [ view_parse ] --END-- [ RunTime:0.091696s ]
INFO: [ view_filter ] --START--
INFO: Run Behavior\WriteHtmlCacheBehavior [ RunTime:0.003195s ]
INFO: [ view_filter ] --END-- [ RunTime:0.004033s ]
INFO: [ app_end ] --START--
INFO: Run Behavior\ShowPageTraceBehavior [ RunTime:0.008511s ]
INFO: [ app_end ] --END-- [ RunTime:0.009539s ]

[ 2018-02-11T23:37:28+08:00 ] ::1 /5dangpai.com/index.php/Admin/Admin/Edit/index
INFO: [ app_init ] --START--
INFO: Run Behavior\BuildLiteBehavior [ RunTime:0.000177s ]
INFO: [ app_init ] --END-- [ RunTime:0.004977s ]
INFO: [ app_begin ] --START--
INFO: Run Behavior\ReadHtmlCacheBehavior [ RunTime:0.004341s ]
INFO: [ app_begin ] --END-- [ RunTime:0.005340s ]
ERR: 非法操作:Edit

[ 2018-02-11T23:38:06+08:00 ] ::1 /5dangpai.com/index.php/admin/admin/index.html
INFO: [ app_init ] --START--
INFO: Run Behavior\BuildLiteBehavior [ RunTime:0.000176s ]
INFO: [ app_init ] --END-- [ RunTime:0.004545s ]
INFO: [ app_begin ] --START--
INFO: Run Behavior\ReadHtmlCacheBehavior [ RunTime:0.004209s ]
INFO: [ app_begin ] --END-- [ RunTime:0.005149s ]
INFO: [ view_parse ] --START--
INFO: [ template_filter ] --START--
INFO: Run Behavior\ContentReplaceBehavior [ RunTime:0.001370s ]
INFO: [ template_filter ] --END-- [ RunTime:0.002333s ]
INFO: Run Behavior\ParseTemplateBehavior [ RunTime:0.084846s ]
INFO: [ view_parse ] --END-- [ RunTime:0.086582s ]
INFO: [ view_filter ] --START--
INFO: Run Behavior\WriteHtmlCacheBehavior [ RunTime:0.003049s ]
INFO: [ view_filter ] --END-- [ RunTime:0.003899s ]
INFO: [ app_end ] --START--
INFO: Run Behavior\ShowPageTraceBehavior [ RunTime:0.006816s ]
INFO: [ app_end ] --END-- [ RunTime:0.007742s ]

[ 2018-02-11T23:38:09+08:00 ] ::1 /5dangpai.com/index.php/Admin/Edit/index
INFO: [ app_init ] --START--
INFO: Run Behavior\BuildLiteBehavior [ RunTime:0.000207s ]
INFO: [ app_init ] --END-- [ RunTime:0.004006s ]
INFO: [ app_begin ] --START--
INFO: Run Behavior\ReadHtmlCacheBehavior [ RunTime:0.005551s ]
INFO: [ app_begin ] --END-- [ RunTime:0.006591s ]
INFO: [ view_parse ] --START--
INFO: [ template_filter ] --START--
INFO: Run Behavior\ContentReplaceBehavior [ RunTime:0.001597s ]
INFO: [ template_filter ] --END-- [ RunTime:0.002691s ]
INFO: Run Behavior\ParseTemplateBehavior [ RunTime:0.096220s ]
INFO: [ view_parse ] --END-- [ RunTime:0.097276s ]
INFO: [ view_filter ] --START--
INFO: Run Behavior\WriteHtmlCacheBehavior [ RunTime:0.003561s ]
INFO: [ view_filter ] --END-- [ RunTime:0.004875s ]
INFO: [ app_end ] --START--
INFO: Run Behavior\ShowPageTraceBehavior [ RunTime:0.005581s ]
INFO: [ app_end ] --END-- [ RunTime:0.006498s ]

[ 2018-02-11T23:43:10+08:00 ] ::1 /5dangpai.com/index.php/Admin/Edit/typography.html
INFO: [ app_init ] --START--
INFO: Run Behavior\BuildLiteBehavior [ RunTime:0.000192s ]
INFO: [ app_init ] --END-- [ RunTime:0.003898s ]
INFO: [ app_begin ] --START--
INFO: Run Behavior\ReadHtmlCacheBehavior [ RunTime:0.004946s ]
INFO: [ app_begin ] --END-- [ RunTime:0.005930s ]
ERR: 非法操作:typography

[ 2018-02-11T23:43:22+08:00 ] ::1 /5dangpai.com/index.php/Admin/Edit/typography.html
INFO: [ app_init ] --START--
INFO: Run Behavior\BuildLiteBehavior [ RunTime:0.000185s ]
INFO: [ app_init ] --END-- [ RunTime:0.004664s ]
INFO: [ app_begin ] --START--
INFO: Run Behavior\ReadHtmlCacheBehavior [ RunTime:0.005585s ]
INFO: [ app_begin ] --END-- [ RunTime:0.006460s ]
ERR: 非法操作:typography

[ 2018-02-11T23:45:39+08:00 ] ::1 /5dangpai.com/index.php/admin/admin/index.html
INFO: [ app_init ] --START--
INFO: Run Behavior\BuildLiteBehavior [ RunTime:0.000196s ]
INFO: [ app_init ] --END-- [ RunTime:0.005248s ]
INFO: [ app_begin ] --START--
INFO: Run Behavior\ReadHtmlCacheBehavior [ RunTime:0.006322s ]
INFO: [ app_begin ] --END-- [ RunTime:0.007170s ]
INFO: [ view_parse ] --START--
INFO: [ template_filter ] --START--
INFO: Run Behavior\ContentReplaceBehavior [ RunTime:0.001080s ]
INFO: [ template_filter ] --END-- [ RunTime:0.002041s ]
INFO: Run Behavior\ParseTemplateBehavior [ RunTime:0.094624s ]
INFO: [ view_parse ] --END-- [ RunTime:0.095784s ]
INFO: [ view_filter ] --START--
INFO: Run Behavior\WriteHtmlCacheBehavior [ RunTime:0.004518s ]
INFO: [ view_filter ] --END-- [ RunTime:0.005471s ]
INFO: [ app_end ] --START--
INFO: Run Behavior\ShowPageTraceBehavior [ RunTime:0.005296s ]
INFO: [ app_end ] --END-- [ RunTime:0.006691s ]

[ 2018-02-11T23:49:51+08:00 ] ::1 /5dangpai.com/index.php/admin/admin/index.html
INFO: [ app_init ] --START--
INFO: Run Behavior\BuildLiteBehavior [ RunTime:0.000166s ]
INFO: [ app_init ] --END-- [ RunTime:0.003043s ]
INFO: [ app_begin ] --START--
INFO: Run Behavior\ReadHtmlCacheBehavior [ RunTime:0.003689s ]
INFO: [ app_begin ] --END-- [ RunTime:0.004553s ]
INFO: [ view_parse ] --START--
INFO: [ template_filter ] --START--
INFO: Run Behavior\ContentReplaceBehavior [ RunTime:0.001742s ]
INFO: [ template_filter ] --END-- [ RunTime:0.002623s ]
INFO: Run Behavior\ParseTemplateBehavior [ RunTime:0.071579s ]
INFO: [ view_parse ] --END-- [ RunTime:0.072439s ]
INFO: [ view_filter ] --START--
INFO: Run Behavior\WriteHtmlCacheBehavior [ RunTime:0.002497s ]
INFO: [ view_filter ] --END-- [ RunTime:0.003286s ]
INFO: [ app_end ] --START--
INFO: Run Behavior\ShowPageTraceBehavior [ RunTime:0.005055s ]
INFO: [ app_end ] --END-- [ RunTime:0.006093s ]

[ 2018-02-11T23:52:14+08:00 ] ::1 /5dangpai.com/index.php/Admin/Edit/index
INFO: [ app_init ] --START--
INFO: Run Behavior\BuildLiteBehavior [ RunTime:0.000173s ]
INFO: [ app_init ] --END-- [ RunTime:0.003619s ]
INFO: [ app_begin ] --START--
INFO: Run Behavior\ReadHtmlCacheBehavior [ RunTime:0.005406s ]
INFO: [ app_begin ] --END-- [ RunTime:0.006451s ]
INFO: [ view_parse ] --START--
INFO: [ template_filter ] --START--
INFO: Run Behavior\ContentReplaceBehavior [ RunTime:0.001214s ]
INFO: [ template_filter ] --END-- [ RunTime:0.002187s ]
INFO: Run Behavior\ParseTemplateBehavior [ RunTime:0.096090s ]
INFO: [ view_parse ] --END-- [ RunTime:0.097027s ]
INFO: [ view_filter ] --START--
INFO: Run Behavior\WriteHtmlCacheBehavior [ RunTime:0.003626s ]
INFO: [ view_filter ] --END-- [ RunTime:0.004451s ]
INFO: [ app_end ] --START--
INFO: Run Behavior\ShowPageTraceBehavior [ RunTime:0.004985s ]
INFO: [ app_end ] --END-- [ RunTime:0.007032s ]

[ 2018-02-11T23:56:14+08:00 ] ::1 /5dangpai.com/index.php/Admin/Edit/index.html
INFO: [ app_init ] --START--
INFO: Run Behavior\BuildLiteBehavior [ RunTime:0.000146s ]
INFO: [ app_init ] --END-- [ RunTime:0.010293s ]
INFO: [ app_begin ] --START--
INFO: Run Behavior\ReadHtmlCacheBehavior [ RunTime:0.004417s ]
INFO: [ app_begin ] --END-- [ RunTime:0.005213s ]
INFO: [ view_parse ] --START--
INFO: [ template_filter ] --START--
INFO: Run Behavior\ContentReplaceBehavior [ RunTime:0.000725s ]
INFO: [ template_filter ] --END-- [ RunTime:0.002456s ]
INFO: Run Behavior\ParseTemplateBehavior [ RunTime:0.097668s ]
INFO: [ view_parse ] --END-- [ RunTime:0.098417s ]
INFO: [ view_filter ] --START--
INFO: Run Behavior\WriteHtmlCacheBehavior [ RunTime:0.003475s ]
INFO: [ view_filter ] --END-- [ RunTime:0.004155s ]
INFO: [ app_end ] --START--
INFO: Run Behavior\ShowPageTraceBehavior [ RunTime:0.006194s ]
INFO: [ app_end ] --END-- [ RunTime:0.007715s ]

[ 2018-02-11T23:56:19+08:00 ] ::1 /5dangpai.com/index.php/Admin/Edit/index.html
INFO: [ app_init ] --START--
INFO: Run Behavior\BuildLiteBehavior [ RunTime:0.000172s ]
INFO: [ app_init ] --END-- [ RunTime:0.004494s ]
INFO: [ app_begin ] --START--
INFO: Run Behavior\ReadHtmlCacheBehavior [ RunTime:0.007466s ]
INFO: [ app_begin ] --END-- [ RunTime:0.008664s ]
INFO: [ view_parse ] --START--
INFO: [ template_filter ] --START--
INFO: Run Behavior\ContentReplaceBehavior [ RunTime:0.000699s ]
INFO: [ template_filter ] --END-- [ RunTime:0.001309s ]
INFO: Run Behavior\ParseTemplateBehavior [ RunTime:0.057760s ]
INFO: [ view_parse ] --END-- [ RunTime:0.058545s ]
INFO: [ view_filter ] --START--
INFO: Run Behavior\WriteHtmlCacheBehavior [ RunTime:0.002033s ]
INFO: [ view_filter ] --END-- [ RunTime:0.002626s ]
INFO: [ app_end ] --START--
INFO: Run Behavior\ShowPageTraceBehavior [ RunTime:0.003158s ]
INFO: [ app_end ] --END-- [ RunTime:0.003846s ]

[ 2018-02-11T23:59:14+08:00 ] ::1 /5dangpai.com/index.php/admin/admin/index.html
INFO: [ app_init ] --START--
INFO: Run Behavior\BuildLiteBehavior [ RunTime:0.000739s ]
INFO: [ app_init ] --END-- [ RunTime:0.008531s ]
INFO: [ app_begin ] --START--
INFO: Run Behavior\ReadHtmlCacheBehavior [ RunTime:0.013544s ]
INFO: [ app_begin ] --END-- [ RunTime:0.014575s ]
INFO: [ view_parse ] --START--
INFO: [ template_filter ] --START--
INFO: Run Behavior\ContentReplaceBehavior [ RunTime:0.001289s ]
INFO: [ template_filter ] --END-- [ RunTime:0.002070s ]
INFO: Run Behavior\ParseTemplateBehavior [ RunTime:0.098522s ]
INFO: [ view_parse ] --END-- [ RunTime:0.099918s ]
INFO: [ view_filter ] --START--
INFO: Run Behavior\WriteHtmlCacheBehavior [ RunTime:0.008378s ]
INFO: [ view_filter ] --END-- [ RunTime:0.009198s ]
INFO: [ app_end ] --START--
INFO: Run Behavior\ShowPageTraceBehavior [ RunTime:0.007083s ]
INFO: [ app_end ] --END-- [ RunTime:0.014573s ]

