[ 2018-02-09T23:16:30+08:00 ] ::1 /5dangpai.com/
INFO: [ app_init ] --START--
INFO: Run Behavior\BuildLiteBehavior [ RunTime:0.000190s ]
INFO: [ app_init ] --END-- [ RunTime:0.003242s ]
INFO: [ app_begin ] --START--
INFO: Run Behavior\ReadHtmlCacheBehavior [ RunTime:0.004393s ]
INFO: [ app_begin ] --END-- [ RunTime:0.005259s ]
INFO: [ view_parse ] --START--
INFO: [ template_filter ] --START--
INFO: Run Behavior\ContentReplaceBehavior [ RunTime:0.000432s ]
INFO: [ template_filter ] --END-- [ RunTime:0.001347s ]
INFO: Run Behavior\ParseTemplateBehavior [ RunTime:0.039511s ]
INFO: [ view_parse ] --END-- [ RunTime:0.040387s ]
INFO: [ view_filter ] --START--
INFO: Run Behavior\WriteHtmlCacheBehavior [ RunTime:0.003561s ]
INFO: [ view_filter ] --END-- [ RunTime:0.004495s ]
INFO: [ app_end ] --START--
INFO: Run Behavior\ShowPageTraceBehavior [ RunTime:0.003979s ]
INFO: [ app_end ] --END-- [ RunTime:0.004798s ]

[ 2018-02-09T23:19:56+08:00 ] ::1 /5dangpai.com/
INFO: [ app_init ] --START--
INFO: Run Behavior\BuildLiteBehavior [ RunTime:0.000184s ]
INFO: [ app_init ] --END-- [ RunTime:0.003633s ]
INFO: [ app_begin ] --START--
INFO: Run Behavior\ReadHtmlCacheBehavior [ RunTime:0.007059s ]
INFO: [ app_begin ] --END-- [ RunTime:0.008041s ]
INFO: [ view_parse ] --START--
INFO: Run Behavior\ParseTemplateBehavior [ RunTime:0.004022s ]
INFO: [ view_parse ] --END-- [ RunTime:0.006589s ]
INFO: [ view_filter ] --START--
INFO: Run Behavior\WriteHtmlCacheBehavior [ RunTime:0.004039s ]
INFO: [ view_filter ] --END-- [ RunTime:0.005011s ]
INFO: [ app_end ] --START--
INFO: Run Behavior\ShowPageTraceBehavior [ RunTime:0.004373s ]
INFO: [ app_end ] --END-- [ RunTime:0.005198s ]

[ 2018-02-09T23:33:23+08:00 ] ::1 /5dangpai.com/
INFO: [ app_init ] --START--
INFO: Run Behavior\BuildLiteBehavior [ RunTime:0.000168s ]
INFO: [ app_init ] --END-- [ RunTime:0.003354s ]
INFO: [ app_begin ] --START--
INFO: Run Behavior\ReadHtmlCacheBehavior [ RunTime:0.005049s ]
INFO: [ app_begin ] --END-- [ RunTime:0.005937s ]
ERR: 无法加载控制器:Index

[ 2018-02-09T23:33:53+08:00 ] ::1 /5dangpai.com/index.php/Admin/index
INFO: [ app_init ] --START--
INFO: Run Behavior\BuildLiteBehavior [ RunTime:0.000165s ]
INFO: [ app_init ] --END-- [ RunTime:0.002979s ]
INFO: [ app_begin ] --START--
INFO: Run Behavior\ReadHtmlCacheBehavior [ RunTime:0.004239s ]
INFO: [ app_begin ] --END-- [ RunTime:0.005095s ]
ERR: 无法加载控制器:Admin

[ 2018-02-09T23:35:29+08:00 ] ::1 /5dangpai.com/index.php/Admin/Admin/
INFO: [ app_init ] --START--
INFO: Run Behavior\BuildLiteBehavior [ RunTime:0.000167s ]
INFO: [ app_init ] --END-- [ RunTime:0.002898s ]
INFO: [ app_begin ] --START--
INFO: Run Behavior\ReadHtmlCacheBehavior [ RunTime:0.004405s ]
INFO: [ app_begin ] --END-- [ RunTime:0.005733s ]
ERR: 非法操作:Admin

[ 2018-02-09T23:35:43+08:00 ] ::1 /5dangpai.com/index.php/Admin/Admin/index
INFO: [ app_init ] --START--
INFO: Run Behavior\BuildLiteBehavior [ RunTime:0.000173s ]
INFO: [ app_init ] --END-- [ RunTime:0.002874s ]
INFO: [ app_begin ] --START--
INFO: Run Behavior\ReadHtmlCacheBehavior [ RunTime:0.004626s ]
INFO: [ app_begin ] --END-- [ RunTime:0.005481s ]
ERR: 非法操作:Admin

[ 2018-02-09T23:36:51+08:00 ] ::1 /5dangpai.com/index.php/Admin/Admin/index
INFO: [ app_init ] --START--
INFO: Run Behavior\BuildLiteBehavior [ RunTime:0.000176s ]
INFO: [ app_init ] --END-- [ RunTime:0.002623s ]
INFO: [ app_begin ] --START--
INFO: Run Behavior\ReadHtmlCacheBehavior [ RunTime:0.003921s ]
INFO: [ app_begin ] --END-- [ RunTime:0.004744s ]
ERR: 非法操作:Admin

[ 2018-02-09T23:37:55+08:00 ] ::1 /5dangpai.com/index.php/admin/admin/
INFO: [ app_init ] --START--
INFO: Run Behavior\BuildLiteBehavior [ RunTime:0.000163s ]
INFO: [ app_init ] --END-- [ RunTime:0.002954s ]
INFO: [ app_begin ] --START--
INFO: Run Behavior\ReadHtmlCacheBehavior [ RunTime:0.004222s ]
INFO: [ app_begin ] --END-- [ RunTime:0.005139s ]
ERR: 非法操作:admin

[ 2018-02-09T23:38:17+08:00 ] ::1 /5dangpai.com/index.php/home/text/
INFO: [ app_init ] --START--
INFO: Run Behavior\BuildLiteBehavior [ RunTime:0.000167s ]
INFO: [ app_init ] --END-- [ RunTime:0.003020s ]
INFO: [ app_begin ] --START--
INFO: Run Behavior\ReadHtmlCacheBehavior [ RunTime:0.005124s ]
INFO: [ app_begin ] --END-- [ RunTime:0.006016s ]
ERR: 无法加载控制器:Home

[ 2018-02-09T23:39:19+08:00 ] ::1 /5dangpai.com/index.php/admin/admin/
INFO: [ app_init ] --START--
INFO: Run Behavior\BuildLiteBehavior [ RunTime:0.000190s ]
INFO: [ app_init ] --END-- [ RunTime:0.002906s ]
INFO: [ app_begin ] --START--
INFO: Run Behavior\ReadHtmlCacheBehavior [ RunTime:0.004581s ]
INFO: [ app_begin ] --END-- [ RunTime:0.005542s ]
INFO: [ view_parse ] --START--
INFO: [ template_filter ] --START--
INFO: Run Behavior\ContentReplaceBehavior [ RunTime:0.001713s ]
INFO: [ template_filter ] --END-- [ RunTime:0.002961s ]
INFO: Run Behavior\ParseTemplateBehavior [ RunTime:0.143827s ]
INFO: [ view_parse ] --END-- [ RunTime:0.145115s ]
INFO: [ view_filter ] --START--
INFO: Run Behavior\WriteHtmlCacheBehavior [ RunTime:0.003498s ]
INFO: [ view_filter ] --END-- [ RunTime:0.004782s ]
INFO: [ app_end ] --START--
INFO: Run Behavior\ShowPageTraceBehavior [ RunTime:0.003903s ]
INFO: [ app_end ] --END-- [ RunTime:0.004747s ]

[ 2018-02-09T23:39:19+08:00 ] ::1 /5dangpai.com/index.php/admin/admin/assets/js/ace-extra.min.js
INFO: [ app_init ] --START--
INFO: Run Behavior\BuildLiteBehavior [ RunTime:0.000145s ]
INFO: [ app_init ] --END-- [ RunTime:0.002488s ]
INFO: [ app_begin ] --START--
INFO: Run Behavior\ReadHtmlCacheBehavior [ RunTime:0.003903s ]
INFO: [ app_begin ] --END-- [ RunTime:0.004646s ]
ERR: 非法操作:assets

[ 2018-02-09T23:39:19+08:00 ] ::1 /5dangpai.com/index.php/admin/admin/assets/css/ace.min.css
INFO: [ app_init ] --START--
INFO: Run Behavior\BuildLiteBehavior [ RunTime:0.000173s ]
INFO: [ app_init ] --END-- [ RunTime:0.004366s ]
INFO: [ app_begin ] --START--
INFO: Run Behavior\ReadHtmlCacheBehavior [ RunTime:0.003929s ]
INFO: [ app_begin ] --END-- [ RunTime:0.004700s ]
ERR: 非法操作:assets

[ 2018-02-09T23:39:19+08:00 ] ::1 /5dangpai.com/index.php/admin/admin/assets/css/ace-skins.min.css
INFO: [ app_init ] --START--
INFO: Run Behavior\BuildLiteBehavior [ RunTime:0.000195s ]
INFO: [ app_init ] --END-- [ RunTime:0.046121s ]
INFO: [ app_begin ] --START--
INFO: Run Behavior\ReadHtmlCacheBehavior [ RunTime:0.040224s ]
INFO: [ app_begin ] --END-- [ RunTime:0.041179s ]
ERR: 非法操作:assets

[ 2018-02-09T23:39:19+08:00 ] ::1 /5dangpai.com/index.php/admin/admin/assets/css/bootstrap.min.css
INFO: [ app_init ] --START--
INFO: Run Behavior\BuildLiteBehavior [ RunTime:0.000156s ]
INFO: [ app_init ] --END-- [ RunTime:0.006126s ]
INFO: [ app_begin ] --START--
INFO: Run Behavior\ReadHtmlCacheBehavior [ RunTime:0.021341s ]
INFO: [ app_begin ] --END-- [ RunTime:0.022510s ]
ERR: 非法操作:assets

[ 2018-02-09T23:39:19+08:00 ] ::1 /5dangpai.com/index.php/admin/admin/assets/css/font-awesome.min.css
INFO: [ app_init ] --START--
INFO: Run Behavior\BuildLiteBehavior [ RunTime:0.000237s ]
INFO: [ app_init ] --END-- [ RunTime:0.005985s ]
INFO: [ app_begin ] --START--
INFO: Run Behavior\ReadHtmlCacheBehavior [ RunTime:0.008458s ]
INFO: [ app_begin ] --END-- [ RunTime:0.009221s ]
ERR: 非法操作:assets

[ 2018-02-09T23:39:19+08:00 ] ::1 /5dangpai.com/index.php/admin/admin/assets/css/ace-rtl.min.css
INFO: [ app_init ] --START--
INFO: Run Behavior\BuildLiteBehavior [ RunTime:0.000234s ]
INFO: [ app_init ] --END-- [ RunTime:0.003152s ]
INFO: [ app_begin ] --START--
INFO: Run Behavior\ReadHtmlCacheBehavior [ RunTime:0.003546s ]
INFO: [ app_begin ] --END-- [ RunTime:0.005150s ]
ERR: 非法操作:assets

[ 2018-02-09T23:39:20+08:00 ] ::1 /5dangpai.com/index.php/admin/admin/assets/js/bootstrap.min.js
INFO: [ app_init ] --START--
INFO: Run Behavior\BuildLiteBehavior [ RunTime:0.000143s ]
INFO: [ app_init ] --END-- [ RunTime:0.002887s ]
INFO: [ app_begin ] --START--
INFO: Run Behavior\ReadHtmlCacheBehavior [ RunTime:0.019033s ]
INFO: [ app_begin ] --END-- [ RunTime:0.074099s ]
ERR: 非法操作:assets

[ 2018-02-09T23:39:20+08:00 ] ::1 /5dangpai.com/index.php/admin/admin/assets/js/jquery.ui.touch-punch.min.js
INFO: [ app_init ] --START--
INFO: Run Behavior\BuildLiteBehavior [ RunTime:0.000168s ]
INFO: [ app_init ] --END-- [ RunTime:0.002359s ]
INFO: [ app_begin ] --START--
INFO: Run Behavior\ReadHtmlCacheBehavior [ RunTime:0.003728s ]
INFO: [ app_begin ] --END-- [ RunTime:0.005009s ]
ERR: 非法操作:assets

[ 2018-02-09T23:39:20+08:00 ] ::1 /5dangpai.com/index.php/admin/admin/assets/js/jquery-ui-1.10.3.custom.min.js
INFO: [ app_init ] --START--
INFO: Run Behavior\BuildLiteBehavior [ RunTime:0.000153s ]
INFO: [ app_init ] --END-- [ RunTime:0.002714s ]
INFO: [ app_begin ] --START--
INFO: Run Behavior\ReadHtmlCacheBehavior [ RunTime:0.005778s ]
INFO: [ app_begin ] --END-- [ RunTime:0.006546s ]
ERR: 非法操作:assets

[ 2018-02-09T23:39:20+08:00 ] ::1 /5dangpai.com/index.php/admin/admin/assets/js/jquery.slimscroll.min.js
INFO: [ app_init ] --START--
INFO: Run Behavior\BuildLiteBehavior [ RunTime:0.000151s ]
INFO: [ app_init ] --END-- [ RunTime:0.002746s ]
INFO: [ app_begin ] --START--
INFO: Run Behavior\ReadHtmlCacheBehavior [ RunTime:0.007045s ]
INFO: [ app_begin ] --END-- [ RunTime:0.007985s ]
ERR: 非法操作:assets

[ 2018-02-09T23:39:20+08:00 ] ::1 /5dangpai.com/index.php/admin/admin/assets/js/typeahead-bs2.min.js
INFO: [ app_init ] --START--
INFO: Run Behavior\BuildLiteBehavior [ RunTime:0.000144s ]
INFO: [ app_init ] --END-- [ RunTime:0.003014s ]
INFO: [ app_begin ] --START--
INFO: Run Behavior\ReadHtmlCacheBehavior [ RunTime:0.007822s ]
INFO: [ app_begin ] --END-- [ RunTime:0.009821s ]
ERR: 非法操作:assets

[ 2018-02-09T23:39:20+08:00 ] ::1 /5dangpai.com/index.php/admin/admin/assets/js/jquery.easy-pie-chart.min.js
INFO: [ app_init ] --START--
INFO: Run Behavior\BuildLiteBehavior [ RunTime:0.000166s ]
INFO: [ app_init ] --END-- [ RunTime:0.002631s ]
INFO: [ app_begin ] --START--
INFO: Run Behavior\ReadHtmlCacheBehavior [ RunTime:0.111977s ]
INFO: [ app_begin ] --END-- [ RunTime:0.112901s ]
ERR: 非法操作:assets

[ 2018-02-09T23:39:20+08:00 ] ::1 /5dangpai.com/index.php/admin/admin/assets/js/flot/jquery.flot.resize.min.js
INFO: [ app_init ] --START--
INFO: Run Behavior\BuildLiteBehavior [ RunTime:0.000143s ]
INFO: [ app_init ] --END-- [ RunTime:0.002318s ]
INFO: [ app_begin ] --START--
INFO: Run Behavior\ReadHtmlCacheBehavior [ RunTime:0.032318s ]
INFO: [ app_begin ] --END-- [ RunTime:0.037834s ]
ERR: 非法操作:assets

[ 2018-02-09T23:39:20+08:00 ] ::1 /5dangpai.com/index.php/admin/admin/assets/js/jquery.sparkline.min.js
INFO: [ app_init ] --START--
INFO: Run Behavior\BuildLiteBehavior [ RunTime:0.000136s ]
INFO: [ app_init ] --END-- [ RunTime:0.002261s ]
INFO: [ app_begin ] --START--
INFO: Run Behavior\ReadHtmlCacheBehavior [ RunTime:0.018336s ]
INFO: [ app_begin ] --END-- [ RunTime:0.019239s ]
ERR: 非法操作:assets

[ 2018-02-09T23:39:20+08:00 ] ::1 /5dangpai.com/index.php/admin/admin/assets/js/flot/jquery.flot.pie.min.js
INFO: [ app_init ] --START--
INFO: Run Behavior\BuildLiteBehavior [ RunTime:0.000142s ]
INFO: [ app_init ] --END-- [ RunTime:0.046676s ]
INFO: [ app_begin ] --START--
INFO: Run Behavior\ReadHtmlCacheBehavior [ RunTime:0.006287s ]
INFO: [ app_begin ] --END-- [ RunTime:0.006995s ]
ERR: 非法操作:assets

[ 2018-02-09T23:39:20+08:00 ] ::1 /5dangpai.com/index.php/admin/admin/assets/js/ace-elements.min.js
INFO: [ app_init ] --START--
INFO: Run Behavior\BuildLiteBehavior [ RunTime:0.000132s ]
INFO: [ app_init ] --END-- [ RunTime:0.026036s ]
INFO: [ app_begin ] --START--
INFO: Run Behavior\ReadHtmlCacheBehavior [ RunTime:0.023074s ]
INFO: [ app_begin ] --END-- [ RunTime:0.023857s ]
ERR: 非法操作:assets

[ 2018-02-09T23:39:20+08:00 ] ::1 /5dangpai.com/index.php/admin/admin/assets/js/flot/jquery.flot.min.js
INFO: [ app_init ] --START--
INFO: Run Behavior\BuildLiteBehavior [ RunTime:0.000135s ]
INFO: [ app_init ] --END-- [ RunTime:0.016206s ]
INFO: [ app_begin ] --START--
INFO: Run Behavior\ReadHtmlCacheBehavior [ RunTime:0.003232s ]
INFO: [ app_begin ] --END-- [ RunTime:0.003928s ]
ERR: 非法操作:assets

[ 2018-02-09T23:39:20+08:00 ] ::1 /5dangpai.com/index.php/admin/admin/assets/js/ace.min.js
INFO: [ app_init ] --START--
INFO: Run Behavior\BuildLiteBehavior [ RunTime:0.000139s ]
INFO: [ app_init ] --END-- [ RunTime:0.002794s ]
INFO: [ app_begin ] --START--
INFO: Run Behavior\ReadHtmlCacheBehavior [ RunTime:0.002984s ]
INFO: [ app_begin ] --END-- [ RunTime:0.010030s ]
ERR: 非法操作:assets

[ 2018-02-09T23:39:47+08:00 ] ::1 /5dangpai.com/index.php/admin/admin/assets/js/jquery-2.0.3.min.js
INFO: [ app_init ] --START--
INFO: Run Behavior\BuildLiteBehavior [ RunTime:0.000178s ]
INFO: [ app_init ] --END-- [ RunTime:0.003292s ]
INFO: [ app_begin ] --START--
INFO: Run Behavior\ReadHtmlCacheBehavior [ RunTime:0.005032s ]
INFO: [ app_begin ] --END-- [ RunTime:0.006806s ]
ERR: 非法操作:assets

[ 2018-02-09T23:39:47+08:00 ] ::1 /5dangpai.com/index.php/admin/admin/assets/js/bootstrap.min.js
INFO: [ app_init ] --START--
INFO: Run Behavior\BuildLiteBehavior [ RunTime:0.000178s ]
INFO: [ app_init ] --END-- [ RunTime:0.003056s ]
INFO: [ app_begin ] --START--
INFO: Run Behavior\ReadHtmlCacheBehavior [ RunTime:0.004832s ]
INFO: [ app_begin ] --END-- [ RunTime:0.005758s ]
ERR: 非法操作:assets

[ 2018-02-09T23:39:48+08:00 ] ::1 /5dangpai.com/index.php/admin/admin/assets/js/typeahead-bs2.min.js
INFO: [ app_init ] --START--
INFO: Run Behavior\BuildLiteBehavior [ RunTime:0.000163s ]
INFO: [ app_init ] --END-- [ RunTime:0.002736s ]
INFO: [ app_begin ] --START--
INFO: Run Behavior\ReadHtmlCacheBehavior [ RunTime:0.004883s ]
INFO: [ app_begin ] --END-- [ RunTime:0.005848s ]
ERR: 非法操作:assets

[ 2018-02-09T23:39:48+08:00 ] ::1 /5dangpai.com/index.php/admin/admin/assets/js/jquery-ui-1.10.3.custom.min.js
INFO: [ app_init ] --START--
INFO: Run Behavior\BuildLiteBehavior [ RunTime:0.000181s ]
INFO: [ app_init ] --END-- [ RunTime:0.005451s ]
INFO: [ app_begin ] --START--
INFO: Run Behavior\ReadHtmlCacheBehavior [ RunTime:0.005291s ]
INFO: [ app_begin ] --END-- [ RunTime:0.006231s ]
ERR: 非法操作:assets

[ 2018-02-09T23:39:48+08:00 ] ::1 /5dangpai.com/index.php/admin/admin/assets/js/jquery.ui.touch-punch.min.js
INFO: [ app_init ] --START--
INFO: Run Behavior\BuildLiteBehavior [ RunTime:0.000187s ]
INFO: [ app_init ] --END-- [ RunTime:0.003194s ]
INFO: [ app_begin ] --START--
INFO: Run Behavior\ReadHtmlCacheBehavior [ RunTime:0.004537s ]
INFO: [ app_begin ] --END-- [ RunTime:0.005437s ]
ERR: 非法操作:assets

[ 2018-02-09T23:39:48+08:00 ] ::1 /5dangpai.com/index.php/admin/admin/assets/js/jquery.slimscroll.min.js
INFO: [ app_init ] --START--
INFO: Run Behavior\BuildLiteBehavior [ RunTime:0.000178s ]
INFO: [ app_init ] --END-- [ RunTime:0.002895s ]
INFO: [ app_begin ] --START--
INFO: Run Behavior\ReadHtmlCacheBehavior [ RunTime:0.005673s ]
INFO: [ app_begin ] --END-- [ RunTime:0.006943s ]
ERR: 非法操作:assets

[ 2018-02-09T23:39:48+08:00 ] ::1 /5dangpai.com/index.php/admin/admin/assets/js/jquery.easy-pie-chart.min.js
INFO: [ app_init ] --START--
INFO: Run Behavior\BuildLiteBehavior [ RunTime:0.000168s ]
INFO: [ app_init ] --END-- [ RunTime:0.003297s ]
INFO: [ app_begin ] --START--
INFO: Run Behavior\ReadHtmlCacheBehavior [ RunTime:0.006354s ]
INFO: [ app_begin ] --END-- [ RunTime:0.007211s ]
ERR: 非法操作:assets

[ 2018-02-09T23:39:48+08:00 ] ::1 /5dangpai.com/index.php/admin/admin/assets/js/jquery.sparkline.min.js
INFO: [ app_init ] --START--
INFO: Run Behavior\BuildLiteBehavior [ RunTime:0.000151s ]
INFO: [ app_init ] --END-- [ RunTime:0.002530s ]
INFO: [ app_begin ] --START--
INFO: Run Behavior\ReadHtmlCacheBehavior [ RunTime:0.004011s ]
INFO: [ app_begin ] --END-- [ RunTime:0.004745s ]
ERR: 非法操作:assets

[ 2018-02-09T23:39:48+08:00 ] ::1 /5dangpai.com/index.php/admin/admin/assets/js/flot/jquery.flot.min.js
INFO: [ app_init ] --START--
INFO: Run Behavior\BuildLiteBehavior [ RunTime:0.000153s ]
INFO: [ app_init ] --END-- [ RunTime:0.002642s ]
INFO: [ app_begin ] --START--
INFO: Run Behavior\ReadHtmlCacheBehavior [ RunTime:0.005527s ]
INFO: [ app_begin ] --END-- [ RunTime:0.006365s ]
ERR: 非法操作:assets

[ 2018-02-09T23:39:49+08:00 ] ::1 /5dangpai.com/index.php/admin/admin/assets/js/flot/jquery.flot.pie.min.js
INFO: [ app_init ] --START--
INFO: Run Behavior\BuildLiteBehavior [ RunTime:0.000153s ]
INFO: [ app_init ] --END-- [ RunTime:0.002751s ]
INFO: [ app_begin ] --START--
INFO: Run Behavior\ReadHtmlCacheBehavior [ RunTime:0.010413s ]
INFO: [ app_begin ] --END-- [ RunTime:0.012432s ]
ERR: 非法操作:assets

[ 2018-02-09T23:39:49+08:00 ] ::1 /5dangpai.com/index.php/admin/admin/assets/js/flot/jquery.flot.resize.min.js
INFO: [ app_init ] --START--
INFO: Run Behavior\BuildLiteBehavior [ RunTime:0.000158s ]
INFO: [ app_init ] --END-- [ RunTime:0.002522s ]
INFO: [ app_begin ] --START--
INFO: Run Behavior\ReadHtmlCacheBehavior [ RunTime:0.004160s ]
INFO: [ app_begin ] --END-- [ RunTime:0.004953s ]
ERR: 非法操作:assets

[ 2018-02-09T23:39:49+08:00 ] ::1 /5dangpai.com/index.php/admin/admin/assets/js/ace-elements.min.js
INFO: [ app_init ] --START--
INFO: Run Behavior\BuildLiteBehavior [ RunTime:0.000144s ]
INFO: [ app_init ] --END-- [ RunTime:0.004090s ]
INFO: [ app_begin ] --START--
INFO: Run Behavior\ReadHtmlCacheBehavior [ RunTime:0.004375s ]
INFO: [ app_begin ] --END-- [ RunTime:0.005104s ]
ERR: 非法操作:assets

[ 2018-02-09T23:39:49+08:00 ] ::1 /5dangpai.com/index.php/admin/admin/assets/js/ace.min.js
INFO: [ app_init ] --START--
INFO: Run Behavior\BuildLiteBehavior [ RunTime:0.000137s ]
INFO: [ app_init ] --END-- [ RunTime:0.002144s ]
INFO: [ app_begin ] --START--
INFO: Run Behavior\ReadHtmlCacheBehavior [ RunTime:0.006347s ]
INFO: [ app_begin ] --END-- [ RunTime:0.007073s ]
ERR: 非法操作:assets

[ 2018-02-09T23:41:21+08:00 ] ::1 /5dangpai.com/index.php/admin/admin/
INFO: [ app_init ] --START--
INFO: Run Behavior\BuildLiteBehavior [ RunTime:0.000158s ]
INFO: [ app_init ] --END-- [ RunTime:0.002663s ]
INFO: [ app_begin ] --START--
INFO: Run Behavior\ReadHtmlCacheBehavior [ RunTime:0.004537s ]
INFO: [ app_begin ] --END-- [ RunTime:0.005422s ]
INFO: [ view_parse ] --START--
INFO: [ template_filter ] --START--
INFO: Run Behavior\ContentReplaceBehavior [ RunTime:0.002059s ]
INFO: [ template_filter ] --END-- [ RunTime:0.002994s ]
INFO: Run Behavior\ParseTemplateBehavior [ RunTime:0.117855s ]
INFO: [ view_parse ] --END-- [ RunTime:0.118792s ]
INFO: [ view_filter ] --START--
INFO: Run Behavior\WriteHtmlCacheBehavior [ RunTime:0.004071s ]
INFO: [ view_filter ] --END-- [ RunTime:0.005383s ]
INFO: [ app_end ] --START--
INFO: Run Behavior\ShowPageTraceBehavior [ RunTime:0.005657s ]
INFO: [ app_end ] --END-- [ RunTime:0.006588s ]

[ 2018-02-09T23:42:22+08:00 ] ::1 /5dangpai.com/index.php/admin/admin/
INFO: [ app_init ] --START--
INFO: Run Behavior\BuildLiteBehavior [ RunTime:0.000389s ]
INFO: [ app_init ] --END-- [ RunTime:0.004507s ]
INFO: [ app_begin ] --START--
INFO: Run Behavior\ReadHtmlCacheBehavior [ RunTime:0.005777s ]
INFO: [ app_begin ] --END-- [ RunTime:0.006680s ]
INFO: [ view_parse ] --START--
INFO: [ template_filter ] --START--
INFO: Run Behavior\ContentReplaceBehavior [ RunTime:0.002490s ]
INFO: [ template_filter ] --END-- [ RunTime:0.003723s ]
INFO: Run Behavior\ParseTemplateBehavior [ RunTime:0.121579s ]
INFO: [ view_parse ] --END-- [ RunTime:0.122433s ]
INFO: [ view_filter ] --START--
INFO: Run Behavior\WriteHtmlCacheBehavior [ RunTime:0.004765s ]
INFO: [ view_filter ] --END-- [ RunTime:0.005579s ]
INFO: [ app_end ] --START--
INFO: Run Behavior\ShowPageTraceBehavior [ RunTime:0.004426s ]
INFO: [ app_end ] --END-- [ RunTime:0.005296s ]

